{"/Users/andeladeveloper/Desktop/Worklist/server/test/controllers/todolists.spec.js":{"path":"/Users/andeladeveloper/Desktop/Worklist/server/test/controllers/todolists.spec.js","statementMap":{"0":{"start":{"line":3,"column":17},"end":{"line":3,"column":37}},"1":{"start":{"line":5,"column":18},"end":{"line":5,"column":52}},"2":{"start":{"line":7,"column":0},"end":{"line":7,"column":17}},"3":{"start":{"line":9,"column":0},"end":{"line":9,"column":16}},"4":{"start":{"line":11,"column":14},"end":{"line":11,"column":31}},"5":{"start":{"line":13,"column":15},"end":{"line":13,"column":46}},"6":{"start":{"line":15,"column":11},"end":{"line":15,"column":31}},"7":{"start":{"line":17,"column":12},"end":{"line":17,"column":40}},"8":{"start":{"line":19,"column":16},"end":{"line":19,"column":48}},"9":{"start":{"line":21,"column":17},"end":{"line":21,"column":50}},"10":{"start":{"line":23,"column":39},"end":{"line":23,"column":93}},"11":{"start":{"line":25,"column":13},"end":{"line":25,"column":53}},"12":{"start":{"line":26,"column":19},"end":{"line":26,"column":28}},"13":{"start":{"line":27,"column":13},"end":{"line":27,"column":19}},"14":{"start":{"line":28,"column":13},"end":{"line":28,"column":19}},"15":{"start":{"line":29,"column":16},"end":{"line":29,"column":34}},"16":{"start":{"line":30,"column":17},"end":{"line":30,"column":43}},"17":{"start":{"line":32,"column":0},"end":{"line":201,"column":3}},"18":{"start":{"line":33,"column":2},"end":{"line":43,"column":5}},"19":{"start":{"line":34,"column":4},"end":{"line":42,"column":7}},"20":{"start":{"line":40,"column":6},"end":{"line":40,"column":37}},"21":{"start":{"line":41,"column":6},"end":{"line":41,"column":13}},"22":{"start":{"line":44,"column":2},"end":{"line":200,"column":5}},"23":{"start":{"line":45,"column":4},"end":{"line":57,"column":7}},"24":{"start":{"line":46,"column":6},"end":{"line":56,"column":9}},"25":{"start":{"line":49,"column":8},"end":{"line":49,"column":35}},"26":{"start":{"line":50,"column":8},"end":{"line":50,"column":55}},"27":{"start":{"line":51,"column":8},"end":{"line":51,"column":62}},"28":{"start":{"line":52,"column":8},"end":{"line":52,"column":68}},"29":{"start":{"line":53,"column":8},"end":{"line":53,"column":78}},"30":{"start":{"line":54,"column":8},"end":{"line":54,"column":34}},"31":{"start":{"line":54,"column":17},"end":{"line":54,"column":34}},"32":{"start":{"line":55,"column":8},"end":{"line":55,"column":15}},"33":{"start":{"line":58,"column":4},"end":{"line":68,"column":7}},"34":{"start":{"line":59,"column":6},"end":{"line":67,"column":9}},"35":{"start":{"line":62,"column":8},"end":{"line":62,"column":55}},"36":{"start":{"line":63,"column":8},"end":{"line":63,"column":63}},"37":{"start":{"line":64,"column":8},"end":{"line":64,"column":95}},"38":{"start":{"line":65,"column":8},"end":{"line":65,"column":34}},"39":{"start":{"line":65,"column":17},"end":{"line":65,"column":34}},"40":{"start":{"line":66,"column":8},"end":{"line":66,"column":15}},"41":{"start":{"line":69,"column":4},"end":{"line":77,"column":7}},"42":{"start":{"line":70,"column":6},"end":{"line":76,"column":9}},"43":{"start":{"line":71,"column":8},"end":{"line":71,"column":55}},"44":{"start":{"line":72,"column":8},"end":{"line":72,"column":63}},"45":{"start":{"line":73,"column":8},"end":{"line":73,"column":88}},"46":{"start":{"line":74,"column":8},"end":{"line":74,"column":34}},"47":{"start":{"line":74,"column":17},"end":{"line":74,"column":34}},"48":{"start":{"line":75,"column":8},"end":{"line":75,"column":15}},"49":{"start":{"line":79,"column":4},"end":{"line":87,"column":7}},"50":{"start":{"line":80,"column":6},"end":{"line":86,"column":9}},"51":{"start":{"line":81,"column":8},"end":{"line":81,"column":55}},"52":{"start":{"line":82,"column":8},"end":{"line":82,"column":63}},"53":{"start":{"line":83,"column":8},"end":{"line":83,"column":84}},"54":{"start":{"line":84,"column":8},"end":{"line":84,"column":34}},"55":{"start":{"line":84,"column":17},"end":{"line":84,"column":34}},"56":{"start":{"line":85,"column":8},"end":{"line":85,"column":15}},"57":{"start":{"line":88,"column":4},"end":{"line":97,"column":7}},"58":{"start":{"line":89,"column":6},"end":{"line":96,"column":9}},"59":{"start":{"line":90,"column":8},"end":{"line":90,"column":44}},"60":{"start":{"line":91,"column":8},"end":{"line":91,"column":55}},"61":{"start":{"line":92,"column":8},"end":{"line":92,"column":62}},"62":{"start":{"line":93,"column":8},"end":{"line":93,"column":87}},"63":{"start":{"line":94,"column":8},"end":{"line":94,"column":34}},"64":{"start":{"line":94,"column":17},"end":{"line":94,"column":34}},"65":{"start":{"line":95,"column":8},"end":{"line":95,"column":15}},"66":{"start":{"line":98,"column":4},"end":{"line":106,"column":7}},"67":{"start":{"line":99,"column":6},"end":{"line":105,"column":9}},"68":{"start":{"line":100,"column":8},"end":{"line":100,"column":55}},"69":{"start":{"line":101,"column":8},"end":{"line":101,"column":63}},"70":{"start":{"line":102,"column":8},"end":{"line":102,"column":105}},"71":{"start":{"line":103,"column":8},"end":{"line":103,"column":34}},"72":{"start":{"line":103,"column":17},"end":{"line":103,"column":34}},"73":{"start":{"line":104,"column":8},"end":{"line":104,"column":15}},"74":{"start":{"line":107,"column":4},"end":{"line":115,"column":7}},"75":{"start":{"line":108,"column":6},"end":{"line":114,"column":9}},"76":{"start":{"line":109,"column":8},"end":{"line":109,"column":55}},"77":{"start":{"line":110,"column":8},"end":{"line":110,"column":63}},"78":{"start":{"line":111,"column":8},"end":{"line":111,"column":93}},"79":{"start":{"line":112,"column":8},"end":{"line":112,"column":34}},"80":{"start":{"line":112,"column":17},"end":{"line":112,"column":34}},"81":{"start":{"line":113,"column":8},"end":{"line":113,"column":15}},"82":{"start":{"line":116,"column":4},"end":{"line":124,"column":7}},"83":{"start":{"line":117,"column":6},"end":{"line":123,"column":9}},"84":{"start":{"line":118,"column":8},"end":{"line":118,"column":55}},"85":{"start":{"line":119,"column":8},"end":{"line":119,"column":63}},"86":{"start":{"line":120,"column":8},"end":{"line":120,"column":80}},"87":{"start":{"line":121,"column":8},"end":{"line":121,"column":34}},"88":{"start":{"line":121,"column":17},"end":{"line":121,"column":34}},"89":{"start":{"line":122,"column":8},"end":{"line":122,"column":15}},"90":{"start":{"line":125,"column":4},"end":{"line":133,"column":7}},"91":{"start":{"line":126,"column":6},"end":{"line":132,"column":9}},"92":{"start":{"line":127,"column":8},"end":{"line":127,"column":55}},"93":{"start":{"line":128,"column":8},"end":{"line":128,"column":63}},"94":{"start":{"line":129,"column":8},"end":{"line":129,"column":88}},"95":{"start":{"line":130,"column":8},"end":{"line":130,"column":34}},"96":{"start":{"line":130,"column":17},"end":{"line":130,"column":34}},"97":{"start":{"line":131,"column":8},"end":{"line":131,"column":15}},"98":{"start":{"line":134,"column":4},"end":{"line":142,"column":7}},"99":{"start":{"line":135,"column":6},"end":{"line":141,"column":9}},"100":{"start":{"line":136,"column":8},"end":{"line":136,"column":55}},"101":{"start":{"line":137,"column":8},"end":{"line":137,"column":63}},"102":{"start":{"line":138,"column":8},"end":{"line":138,"column":92}},"103":{"start":{"line":139,"column":8},"end":{"line":139,"column":34}},"104":{"start":{"line":139,"column":17},"end":{"line":139,"column":34}},"105":{"start":{"line":140,"column":8},"end":{"line":140,"column":15}},"106":{"start":{"line":143,"column":4},"end":{"line":151,"column":7}},"107":{"start":{"line":144,"column":6},"end":{"line":150,"column":9}},"108":{"start":{"line":145,"column":8},"end":{"line":145,"column":55}},"109":{"start":{"line":146,"column":8},"end":{"line":146,"column":63}},"110":{"start":{"line":147,"column":8},"end":{"line":147,"column":89}},"111":{"start":{"line":148,"column":8},"end":{"line":148,"column":34}},"112":{"start":{"line":148,"column":17},"end":{"line":148,"column":34}},"113":{"start":{"line":149,"column":8},"end":{"line":149,"column":15}},"114":{"start":{"line":152,"column":4},"end":{"line":161,"column":7}},"115":{"start":{"line":153,"column":6},"end":{"line":160,"column":9}},"116":{"start":{"line":155,"column":8},"end":{"line":155,"column":55}},"117":{"start":{"line":156,"column":8},"end":{"line":156,"column":63}},"118":{"start":{"line":157,"column":8},"end":{"line":157,"column":84}},"119":{"start":{"line":158,"column":8},"end":{"line":158,"column":34}},"120":{"start":{"line":158,"column":17},"end":{"line":158,"column":34}},"121":{"start":{"line":159,"column":8},"end":{"line":159,"column":15}},"122":{"start":{"line":162,"column":4},"end":{"line":172,"column":7}},"123":{"start":{"line":163,"column":6},"end":{"line":171,"column":9}},"124":{"start":{"line":164,"column":8},"end":{"line":164,"column":55}},"125":{"start":{"line":165,"column":8},"end":{"line":165,"column":62}},"126":{"start":{"line":166,"column":8},"end":{"line":166,"column":68}},"127":{"start":{"line":167,"column":8},"end":{"line":167,"column":73}},"128":{"start":{"line":168,"column":8},"end":{"line":168,"column":87}},"129":{"start":{"line":169,"column":8},"end":{"line":169,"column":34}},"130":{"start":{"line":169,"column":17},"end":{"line":169,"column":34}},"131":{"start":{"line":170,"column":8},"end":{"line":170,"column":15}},"132":{"start":{"line":173,"column":4},"end":{"line":181,"column":7}},"133":{"start":{"line":174,"column":6},"end":{"line":180,"column":9}},"134":{"start":{"line":175,"column":8},"end":{"line":175,"column":55}},"135":{"start":{"line":176,"column":8},"end":{"line":176,"column":63}},"136":{"start":{"line":177,"column":8},"end":{"line":177,"column":80}},"137":{"start":{"line":178,"column":8},"end":{"line":178,"column":34}},"138":{"start":{"line":178,"column":17},"end":{"line":178,"column":34}},"139":{"start":{"line":179,"column":8},"end":{"line":179,"column":15}},"140":{"start":{"line":182,"column":4},"end":{"line":190,"column":7}},"141":{"start":{"line":183,"column":6},"end":{"line":189,"column":9}},"142":{"start":{"line":184,"column":8},"end":{"line":184,"column":55}},"143":{"start":{"line":185,"column":8},"end":{"line":185,"column":63}},"144":{"start":{"line":186,"column":8},"end":{"line":186,"column":84}},"145":{"start":{"line":187,"column":8},"end":{"line":187,"column":34}},"146":{"start":{"line":187,"column":17},"end":{"line":187,"column":34}},"147":{"start":{"line":188,"column":8},"end":{"line":188,"column":15}},"148":{"start":{"line":191,"column":4},"end":{"line":199,"column":7}},"149":{"start":{"line":192,"column":6},"end":{"line":198,"column":9}},"150":{"start":{"line":193,"column":8},"end":{"line":193,"column":55}},"151":{"start":{"line":194,"column":8},"end":{"line":194,"column":63}},"152":{"start":{"line":195,"column":8},"end":{"line":195,"column":80}},"153":{"start":{"line":196,"column":8},"end":{"line":196,"column":34}},"154":{"start":{"line":196,"column":17},"end":{"line":196,"column":34}},"155":{"start":{"line":197,"column":8},"end":{"line":197,"column":15}}},"fnMap":{"0":{"name":"_interopRequireDefault","decl":{"start":{"line":23,"column":9},"end":{"line":23,"column":31}},"loc":{"start":{"line":23,"column":37},"end":{"line":23,"column":95}},"line":23},"1":{"name":"(anonymous_1)","decl":{"start":{"line":32,"column":25},"end":{"line":32,"column":26}},"loc":{"start":{"line":32,"column":37},"end":{"line":201,"column":1}},"line":32},"2":{"name":"(anonymous_2)","decl":{"start":{"line":33,"column":9},"end":{"line":33,"column":10}},"loc":{"start":{"line":33,"column":25},"end":{"line":43,"column":3}},"line":33},"3":{"name":"(anonymous_3)","decl":{"start":{"line":39,"column":11},"end":{"line":39,"column":12}},"loc":{"start":{"line":39,"column":31},"end":{"line":42,"column":5}},"line":39},"4":{"name":"(anonymous_4)","decl":{"start":{"line":44,"column":30},"end":{"line":44,"column":31}},"loc":{"start":{"line":44,"column":42},"end":{"line":200,"column":3}},"line":44},"5":{"name":"(anonymous_5)","decl":{"start":{"line":45,"column":39},"end":{"line":45,"column":40}},"loc":{"start":{"line":45,"column":55},"end":{"line":57,"column":5}},"line":45},"6":{"name":"(anonymous_6)","decl":{"start":{"line":48,"column":44},"end":{"line":48,"column":45}},"loc":{"start":{"line":48,"column":64},"end":{"line":56,"column":7}},"line":48},"7":{"name":"(anonymous_7)","decl":{"start":{"line":58,"column":85},"end":{"line":58,"column":86}},"loc":{"start":{"line":58,"column":101},"end":{"line":68,"column":5}},"line":58},"8":{"name":"(anonymous_8)","decl":{"start":{"line":61,"column":44},"end":{"line":61,"column":45}},"loc":{"start":{"line":61,"column":64},"end":{"line":67,"column":7}},"line":61},"9":{"name":"(anonymous_9)","decl":{"start":{"line":69,"column":52},"end":{"line":69,"column":53}},"loc":{"start":{"line":69,"column":68},"end":{"line":77,"column":5}},"line":69},"10":{"name":"(anonymous_10)","decl":{"start":{"line":70,"column":199},"end":{"line":70,"column":200}},"loc":{"start":{"line":70,"column":219},"end":{"line":76,"column":7}},"line":70},"11":{"name":"(anonymous_11)","decl":{"start":{"line":79,"column":68},"end":{"line":79,"column":69}},"loc":{"start":{"line":79,"column":84},"end":{"line":87,"column":5}},"line":79},"12":{"name":"(anonymous_12)","decl":{"start":{"line":80,"column":215},"end":{"line":80,"column":216}},"loc":{"start":{"line":80,"column":235},"end":{"line":86,"column":7}},"line":80},"13":{"name":"(anonymous_13)","decl":{"start":{"line":88,"column":53},"end":{"line":88,"column":54}},"loc":{"start":{"line":88,"column":69},"end":{"line":97,"column":5}},"line":88},"14":{"name":"(anonymous_14)","decl":{"start":{"line":89,"column":266},"end":{"line":89,"column":267}},"loc":{"start":{"line":89,"column":286},"end":{"line":96,"column":7}},"line":89},"15":{"name":"(anonymous_15)","decl":{"start":{"line":98,"column":60},"end":{"line":98,"column":61}},"loc":{"start":{"line":98,"column":76},"end":{"line":106,"column":5}},"line":98},"16":{"name":"(anonymous_16)","decl":{"start":{"line":99,"column":255},"end":{"line":99,"column":256}},"loc":{"start":{"line":99,"column":275},"end":{"line":105,"column":7}},"line":99},"17":{"name":"(anonymous_17)","decl":{"start":{"line":107,"column":61},"end":{"line":107,"column":62}},"loc":{"start":{"line":107,"column":77},"end":{"line":115,"column":5}},"line":107},"18":{"name":"(anonymous_18)","decl":{"start":{"line":108,"column":240},"end":{"line":108,"column":241}},"loc":{"start":{"line":108,"column":260},"end":{"line":114,"column":7}},"line":108},"19":{"name":"(anonymous_19)","decl":{"start":{"line":116,"column":53},"end":{"line":116,"column":54}},"loc":{"start":{"line":116,"column":69},"end":{"line":124,"column":5}},"line":116},"20":{"name":"(anonymous_20)","decl":{"start":{"line":117,"column":261},"end":{"line":117,"column":262}},"loc":{"start":{"line":117,"column":281},"end":{"line":123,"column":7}},"line":117},"21":{"name":"(anonymous_21)","decl":{"start":{"line":125,"column":59},"end":{"line":125,"column":60}},"loc":{"start":{"line":125,"column":75},"end":{"line":133,"column":5}},"line":125},"22":{"name":"(anonymous_22)","decl":{"start":{"line":126,"column":257},"end":{"line":126,"column":258}},"loc":{"start":{"line":126,"column":277},"end":{"line":132,"column":7}},"line":126},"23":{"name":"(anonymous_23)","decl":{"start":{"line":134,"column":60},"end":{"line":134,"column":61}},"loc":{"start":{"line":134,"column":76},"end":{"line":142,"column":5}},"line":134},"24":{"name":"(anonymous_24)","decl":{"start":{"line":135,"column":240},"end":{"line":135,"column":241}},"loc":{"start":{"line":135,"column":260},"end":{"line":141,"column":7}},"line":135},"25":{"name":"(anonymous_25)","decl":{"start":{"line":143,"column":60},"end":{"line":143,"column":61}},"loc":{"start":{"line":143,"column":76},"end":{"line":151,"column":5}},"line":143},"26":{"name":"(anonymous_26)","decl":{"start":{"line":144,"column":266},"end":{"line":144,"column":267}},"loc":{"start":{"line":144,"column":286},"end":{"line":150,"column":7}},"line":144},"27":{"name":"(anonymous_27)","decl":{"start":{"line":152,"column":59},"end":{"line":152,"column":60}},"loc":{"start":{"line":152,"column":75},"end":{"line":161,"column":5}},"line":152},"28":{"name":"(anonymous_28)","decl":{"start":{"line":153,"column":270},"end":{"line":153,"column":271}},"loc":{"start":{"line":153,"column":290},"end":{"line":160,"column":7}},"line":153},"29":{"name":"(anonymous_29)","decl":{"start":{"line":162,"column":54},"end":{"line":162,"column":55}},"loc":{"start":{"line":162,"column":70},"end":{"line":172,"column":5}},"line":162},"30":{"name":"(anonymous_30)","decl":{"start":{"line":163,"column":231},"end":{"line":163,"column":232}},"loc":{"start":{"line":163,"column":251},"end":{"line":171,"column":7}},"line":163},"31":{"name":"(anonymous_31)","decl":{"start":{"line":173,"column":58},"end":{"line":173,"column":59}},"loc":{"start":{"line":173,"column":74},"end":{"line":181,"column":5}},"line":173},"32":{"name":"(anonymous_32)","decl":{"start":{"line":174,"column":234},"end":{"line":174,"column":235}},"loc":{"start":{"line":174,"column":254},"end":{"line":180,"column":7}},"line":174},"33":{"name":"(anonymous_33)","decl":{"start":{"line":182,"column":60},"end":{"line":182,"column":61}},"loc":{"start":{"line":182,"column":76},"end":{"line":190,"column":5}},"line":182},"34":{"name":"(anonymous_34)","decl":{"start":{"line":183,"column":282},"end":{"line":183,"column":283}},"loc":{"start":{"line":183,"column":302},"end":{"line":189,"column":7}},"line":183},"35":{"name":"(anonymous_35)","decl":{"start":{"line":191,"column":58},"end":{"line":191,"column":59}},"loc":{"start":{"line":191,"column":74},"end":{"line":199,"column":5}},"line":191},"36":{"name":"(anonymous_36)","decl":{"start":{"line":192,"column":234},"end":{"line":192,"column":235}},"loc":{"start":{"line":192,"column":254},"end":{"line":198,"column":7}},"line":192}},"branchMap":{"0":{"loc":{"start":{"line":23,"column":46},"end":{"line":23,"column":92}},"type":"cond-expr","locations":[{"start":{"line":23,"column":70},"end":{"line":23,"column":73}},{"start":{"line":23,"column":76},"end":{"line":23,"column":92}}],"line":23},"1":{"loc":{"start":{"line":23,"column":46},"end":{"line":23,"column":67}},"type":"binary-expr","locations":[{"start":{"line":23,"column":46},"end":{"line":23,"column":49}},{"start":{"line":23,"column":53},"end":{"line":23,"column":67}}],"line":23},"2":{"loc":{"start":{"line":54,"column":8},"end":{"line":54,"column":34}},"type":"if","locations":[{"start":{"line":54,"column":8},"end":{"line":54,"column":34}},{"start":{"line":54,"column":8},"end":{"line":54,"column":34}}],"line":54},"3":{"loc":{"start":{"line":65,"column":8},"end":{"line":65,"column":34}},"type":"if","locations":[{"start":{"line":65,"column":8},"end":{"line":65,"column":34}},{"start":{"line":65,"column":8},"end":{"line":65,"column":34}}],"line":65},"4":{"loc":{"start":{"line":74,"column":8},"end":{"line":74,"column":34}},"type":"if","locations":[{"start":{"line":74,"column":8},"end":{"line":74,"column":34}},{"start":{"line":74,"column":8},"end":{"line":74,"column":34}}],"line":74},"5":{"loc":{"start":{"line":84,"column":8},"end":{"line":84,"column":34}},"type":"if","locations":[{"start":{"line":84,"column":8},"end":{"line":84,"column":34}},{"start":{"line":84,"column":8},"end":{"line":84,"column":34}}],"line":84},"6":{"loc":{"start":{"line":94,"column":8},"end":{"line":94,"column":34}},"type":"if","locations":[{"start":{"line":94,"column":8},"end":{"line":94,"column":34}},{"start":{"line":94,"column":8},"end":{"line":94,"column":34}}],"line":94},"7":{"loc":{"start":{"line":103,"column":8},"end":{"line":103,"column":34}},"type":"if","locations":[{"start":{"line":103,"column":8},"end":{"line":103,"column":34}},{"start":{"line":103,"column":8},"end":{"line":103,"column":34}}],"line":103},"8":{"loc":{"start":{"line":112,"column":8},"end":{"line":112,"column":34}},"type":"if","locations":[{"start":{"line":112,"column":8},"end":{"line":112,"column":34}},{"start":{"line":112,"column":8},"end":{"line":112,"column":34}}],"line":112},"9":{"loc":{"start":{"line":121,"column":8},"end":{"line":121,"column":34}},"type":"if","locations":[{"start":{"line":121,"column":8},"end":{"line":121,"column":34}},{"start":{"line":121,"column":8},"end":{"line":121,"column":34}}],"line":121},"10":{"loc":{"start":{"line":130,"column":8},"end":{"line":130,"column":34}},"type":"if","locations":[{"start":{"line":130,"column":8},"end":{"line":130,"column":34}},{"start":{"line":130,"column":8},"end":{"line":130,"column":34}}],"line":130},"11":{"loc":{"start":{"line":139,"column":8},"end":{"line":139,"column":34}},"type":"if","locations":[{"start":{"line":139,"column":8},"end":{"line":139,"column":34}},{"start":{"line":139,"column":8},"end":{"line":139,"column":34}}],"line":139},"12":{"loc":{"start":{"line":148,"column":8},"end":{"line":148,"column":34}},"type":"if","locations":[{"start":{"line":148,"column":8},"end":{"line":148,"column":34}},{"start":{"line":148,"column":8},"end":{"line":148,"column":34}}],"line":148},"13":{"loc":{"start":{"line":158,"column":8},"end":{"line":158,"column":34}},"type":"if","locations":[{"start":{"line":158,"column":8},"end":{"line":158,"column":34}},{"start":{"line":158,"column":8},"end":{"line":158,"column":34}}],"line":158},"14":{"loc":{"start":{"line":169,"column":8},"end":{"line":169,"column":34}},"type":"if","locations":[{"start":{"line":169,"column":8},"end":{"line":169,"column":34}},{"start":{"line":169,"column":8},"end":{"line":169,"column":34}}],"line":169},"15":{"loc":{"start":{"line":178,"column":8},"end":{"line":178,"column":34}},"type":"if","locations":[{"start":{"line":178,"column":8},"end":{"line":178,"column":34}},{"start":{"line":178,"column":8},"end":{"line":178,"column":34}}],"line":178},"16":{"loc":{"start":{"line":187,"column":8},"end":{"line":187,"column":34}},"type":"if","locations":[{"start":{"line":187,"column":8},"end":{"line":187,"column":34}},{"start":{"line":187,"column":8},"end":{"line":187,"column":34}}],"line":187},"17":{"loc":{"start":{"line":196,"column":8},"end":{"line":196,"column":34}},"type":"if","locations":[{"start":{"line":196,"column":8},"end":{"line":196,"column":34}},{"start":{"line":196,"column":8},"end":{"line":196,"column":34}}],"line":196}},"s":{"0":1,"1":1,"2":1,"3":1,"4":1,"5":1,"6":1,"7":1,"8":1,"9":1,"10":4,"11":1,"12":1,"13":1,"14":1,"15":1,"16":1,"17":1,"18":1,"19":1,"20":1,"21":1,"22":1,"23":1,"24":1,"25":1,"26":1,"27":1,"28":1,"29":1,"30":1,"31":0,"32":1,"33":1,"34":1,"35":1,"36":1,"37":1,"38":1,"39":0,"40":1,"41":1,"42":1,"43":1,"44":1,"45":1,"46":1,"47":0,"48":1,"49":1,"50":1,"51":1,"52":1,"53":1,"54":1,"55":0,"56":1,"57":1,"58":1,"59":1,"60":1,"61":1,"62":1,"63":1,"64":0,"65":1,"66":1,"67":1,"68":1,"69":1,"70":1,"71":1,"72":0,"73":1,"74":1,"75":1,"76":1,"77":1,"78":1,"79":1,"80":0,"81":1,"82":1,"83":1,"84":1,"85":1,"86":1,"87":1,"88":0,"89":1,"90":1,"91":1,"92":1,"93":1,"94":1,"95":1,"96":0,"97":1,"98":1,"99":1,"100":1,"101":1,"102":1,"103":1,"104":0,"105":1,"106":1,"107":1,"108":1,"109":1,"110":1,"111":1,"112":0,"113":1,"114":1,"115":1,"116":1,"117":1,"118":1,"119":1,"120":0,"121":1,"122":1,"123":1,"124":1,"125":1,"126":1,"127":1,"128":1,"129":1,"130":0,"131":1,"132":1,"133":1,"134":1,"135":1,"136":1,"137":1,"138":0,"139":1,"140":1,"141":1,"142":1,"143":1,"144":1,"145":1,"146":0,"147":1,"148":1,"149":1,"150":1,"151":1,"152":1,"153":1,"154":0,"155":1},"f":{"0":4,"1":1,"2":1,"3":1,"4":1,"5":1,"6":1,"7":1,"8":1,"9":1,"10":1,"11":1,"12":1,"13":1,"14":1,"15":1,"16":1,"17":1,"18":1,"19":1,"20":1,"21":1,"22":1,"23":1,"24":1,"25":1,"26":1,"27":1,"28":1,"29":1,"30":1,"31":1,"32":1,"33":1,"34":1,"35":1,"36":1},"b":{"0":[2,2],"1":[4,4],"2":[0,1],"3":[0,1],"4":[0,1],"5":[0,1],"6":[0,1],"7":[0,1],"8":[0,1],"9":[0,1],"10":[0,1],"11":[0,1],"12":[0,1],"13":[0,1],"14":[0,1],"15":[0,1],"16":[0,1],"17":[0,1]},"_coverageSchema":"332fd63041d2c1bcb487cc26dd0d5f7d97098a6c","hash":"4d38e6f6316cffd76c18b5cc54e95b3cfb1676af","contentHash":"2cb19b184fbcf846a4d817c942efaa0d_11.2.1"},"/Users/andeladeveloper/Desktop/Worklist/server/app.js":{"path":"/Users/andeladeveloper/Desktop/Worklist/server/app.js","statementMap":{"0":{"start":{"line":3,"column":0},"end":{"line":5,"column":3}},"1":{"start":{"line":7,"column":15},"end":{"line":7,"column":33}},"2":{"start":{"line":9,"column":16},"end":{"line":9,"column":48}},"3":{"start":{"line":11,"column":14},"end":{"line":11,"column":31}},"4":{"start":{"line":13,"column":15},"end":{"line":13,"column":46}},"5":{"start":{"line":15,"column":18},"end":{"line":15,"column":40}},"6":{"start":{"line":17,"column":19},"end":{"line":17,"column":54}},"7":{"start":{"line":19,"column":16},"end":{"line":19,"column":35}},"8":{"start":{"line":21,"column":17},"end":{"line":21,"column":50}},"9":{"start":{"line":23,"column":14},"end":{"line":23,"column":31}},"10":{"start":{"line":25,"column":15},"end":{"line":25,"column":46}},"11":{"start":{"line":27,"column":12},"end":{"line":27,"column":36}},"12":{"start":{"line":29,"column":13},"end":{"line":29,"column":42}},"13":{"start":{"line":31,"column":12},"end":{"line":31,"column":36}},"14":{"start":{"line":33,"column":13},"end":{"line":33,"column":42}},"15":{"start":{"line":35,"column":39},"end":{"line":35,"column":93}},"16":{"start":{"line":37,"column":0},"end":{"line":37,"column":24}},"17":{"start":{"line":39,"column":11},"end":{"line":39,"column":35}},"18":{"start":{"line":40,"column":10},"end":{"line":40,"column":34}},"19":{"start":{"line":41,"column":10},"end":{"line":41,"column":38}},"20":{"start":{"line":42,"column":0},"end":{"line":42,"column":32}},"21":{"start":{"line":44,"column":0},"end":{"line":44,"column":38}},"22":{"start":{"line":45,"column":0},"end":{"line":45,"column":37}},"23":{"start":{"line":46,"column":0},"end":{"line":46,"column":62}},"24":{"start":{"line":47,"column":0},"end":{"line":47,"column":24}},"25":{"start":{"line":48,"column":0},"end":{"line":48,"column":24}},"26":{"start":{"line":50,"column":0},"end":{"line":52,"column":3}},"27":{"start":{"line":51,"column":2},"end":{"line":51,"column":43}},"28":{"start":{"line":54,"column":0},"end":{"line":54,"column":22}}},"fnMap":{"0":{"name":"_interopRequireDefault","decl":{"start":{"line":35,"column":9},"end":{"line":35,"column":31}},"loc":{"start":{"line":35,"column":37},"end":{"line":35,"column":95}},"line":35},"1":{"name":"(anonymous_1)","decl":{"start":{"line":50,"column":17},"end":{"line":50,"column":18}},"loc":{"start":{"line":50,"column":29},"end":{"line":52,"column":1}},"line":50}},"branchMap":{"0":{"loc":{"start":{"line":35,"column":46},"end":{"line":35,"column":92}},"type":"cond-expr","locations":[{"start":{"line":35,"column":70},"end":{"line":35,"column":73}},{"start":{"line":35,"column":76},"end":{"line":35,"column":92}}],"line":35},"1":{"loc":{"start":{"line":35,"column":46},"end":{"line":35,"column":67}},"type":"binary-expr","locations":[{"start":{"line":35,"column":46},"end":{"line":35,"column":49}},{"start":{"line":35,"column":53},"end":{"line":35,"column":67}}],"line":35},"2":{"loc":{"start":{"line":39,"column":11},"end":{"line":39,"column":35}},"type":"binary-expr","locations":[{"start":{"line":39,"column":11},"end":{"line":39,"column":27}},{"start":{"line":39,"column":31},"end":{"line":39,"column":35}}],"line":39}},"s":{"0":1,"1":1,"2":1,"3":1,"4":1,"5":1,"6":1,"7":1,"8":1,"9":1,"10":1,"11":1,"12":1,"13":1,"14":1,"15":7,"16":1,"17":1,"18":1,"19":1,"20":1,"21":1,"22":1,"23":1,"24":1,"25":1,"26":1,"27":1,"28":1},"f":{"0":7,"1":1},"b":{"0":[2,5],"1":[7,7],"2":[1,1]},"_coverageSchema":"332fd63041d2c1bcb487cc26dd0d5f7d97098a6c","hash":"d9e8589684c161c4a35e409ee2cb0ba3a8dc79a2","contentHash":"3c8e1d0736a4572c10cbd83ad55473f1_11.2.1"},"/Users/andeladeveloper/Desktop/Worklist/server/routes/user.js":{"path":"/Users/andeladeveloper/Desktop/Worklist/server/routes/user.js","statementMap":{"0":{"start":{"line":3,"column":0},"end":{"line":5,"column":3}},"1":{"start":{"line":7,"column":15},"end":{"line":7,"column":33}},"2":{"start":{"line":9,"column":16},"end":{"line":9,"column":48}},"3":{"start":{"line":11,"column":23},"end":{"line":11,"column":64}},"4":{"start":{"line":13,"column":24},"end":{"line":13,"column":64}},"5":{"start":{"line":15,"column":23},"end":{"line":15,"column":64}},"6":{"start":{"line":17,"column":24},"end":{"line":17,"column":64}},"7":{"start":{"line":19,"column":39},"end":{"line":19,"column":93}},"8":{"start":{"line":21,"column":11},"end":{"line":21,"column":37}},"9":{"start":{"line":22,"column":0},"end":{"line":22,"column":52}},"10":{"start":{"line":23,"column":0},"end":{"line":23,"column":113}},"11":{"start":{"line":25,"column":0},"end":{"line":25,"column":78}},"12":{"start":{"line":27,"column":0},"end":{"line":27,"column":81}},"13":{"start":{"line":29,"column":0},"end":{"line":29,"column":23}}},"fnMap":{"0":{"name":"_interopRequireDefault","decl":{"start":{"line":19,"column":9},"end":{"line":19,"column":31}},"loc":{"start":{"line":19,"column":37},"end":{"line":19,"column":95}},"line":19}},"branchMap":{"0":{"loc":{"start":{"line":19,"column":46},"end":{"line":19,"column":92}},"type":"cond-expr","locations":[{"start":{"line":19,"column":70},"end":{"line":19,"column":73}},{"start":{"line":19,"column":76},"end":{"line":19,"column":92}}],"line":19},"1":{"loc":{"start":{"line":19,"column":46},"end":{"line":19,"column":67}},"type":"binary-expr","locations":[{"start":{"line":19,"column":46},"end":{"line":19,"column":49}},{"start":{"line":19,"column":53},"end":{"line":19,"column":67}}],"line":19}},"s":{"0":1,"1":1,"2":1,"3":1,"4":1,"5":1,"6":1,"7":3,"8":1,"9":1,"10":1,"11":1,"12":1,"13":1},"f":{"0":3},"b":{"0":[2,1],"1":[3,3]},"_coverageSchema":"332fd63041d2c1bcb487cc26dd0d5f7d97098a6c","hash":"6d0cda7a65dd5c8a0082a533fd9a4ccf12caa222","contentHash":"9779fd53797f3d9b281f338131121c8a_11.2.1"},"/Users/andeladeveloper/Desktop/Worklist/server/controllers/UserControllers.js":{"path":"/Users/andeladeveloper/Desktop/Worklist/server/controllers/UserControllers.js","statementMap":{"0":{"start":{"line":3,"column":0},"end":{"line":5,"column":3}},"1":{"start":{"line":7,"column":19},"end":{"line":7,"column":563}},"2":{"start":{"line":7,"column":76},"end":{"line":7,"column":347}},"3":{"start":{"line":7,"column":134},"end":{"line":7,"column":142}},"4":{"start":{"line":7,"column":144},"end":{"line":7,"column":199}},"5":{"start":{"line":7,"column":200},"end":{"line":7,"column":231}},"6":{"start":{"line":7,"column":232},"end":{"line":7,"column":286}},"7":{"start":{"line":7,"column":259},"end":{"line":7,"column":286}},"8":{"start":{"line":7,"column":287},"end":{"line":7,"column":345}},"9":{"start":{"line":7,"column":350},"end":{"line":7,"column":559}},"10":{"start":{"line":7,"column":407},"end":{"line":7,"column":475}},"11":{"start":{"line":7,"column":423},"end":{"line":7,"column":475}},"12":{"start":{"line":7,"column":476},"end":{"line":7,"column":536}},"13":{"start":{"line":7,"column":493},"end":{"line":7,"column":536}},"14":{"start":{"line":7,"column":537},"end":{"line":7,"column":556}},"15":{"start":{"line":9,"column":14},"end":{"line":9,"column":31}},"16":{"start":{"line":11,"column":15},"end":{"line":11,"column":46}},"17":{"start":{"line":13,"column":16},"end":{"line":13,"column":35}},"18":{"start":{"line":15,"column":17},"end":{"line":15,"column":50}},"19":{"start":{"line":17,"column":12},"end":{"line":17,"column":37}},"20":{"start":{"line":19,"column":13},"end":{"line":19,"column":42}},"21":{"start":{"line":21,"column":15},"end":{"line":21,"column":36}},"22":{"start":{"line":23,"column":39},"end":{"line":23,"column":93}},"23":{"start":{"line":25,"column":50},"end":{"line":25,"column":151}},"24":{"start":{"line":25,"column":92},"end":{"line":25,"column":149}},"25":{"start":{"line":27,"column":0},"end":{"line":27,"column":24}},"26":{"start":{"line":28,"column":13},"end":{"line":28,"column":34}},"27":{"start":{"line":35,"column":22},"end":{"line":180,"column":3}},"28":{"start":{"line":37,"column":4},"end":{"line":37,"column":43}},"29":{"start":{"line":40,"column":2},"end":{"line":177,"column":6}},"30":{"start":{"line":52,"column":6},"end":{"line":81,"column":9}},"31":{"start":{"line":55,"column":8},"end":{"line":57,"column":9}},"32":{"start":{"line":56,"column":10},"end":{"line":56,"column":85}},"33":{"start":{"line":58,"column":8},"end":{"line":65,"column":9}},"34":{"start":{"line":59,"column":10},"end":{"line":63,"column":11}},"35":{"start":{"line":60,"column":12},"end":{"line":60,"column":99}},"36":{"start":{"line":61,"column":17},"end":{"line":63,"column":11}},"37":{"start":{"line":62,"column":12},"end":{"line":62,"column":86}},"38":{"start":{"line":64,"column":10},"end":{"line":64,"column":87}},"39":{"start":{"line":66,"column":19},"end":{"line":66,"column":53}},"40":{"start":{"line":67,"column":29},"end":{"line":67,"column":81}},"41":{"start":{"line":68,"column":22},"end":{"line":73,"column":10}},"42":{"start":{"line":74,"column":8},"end":{"line":80,"column":11}},"43":{"start":{"line":75,"column":10},"end":{"line":77,"column":11}},"44":{"start":{"line":76,"column":12},"end":{"line":76,"column":87}},"45":{"start":{"line":78,"column":22},"end":{"line":78,"column":98}},"46":{"start":{"line":79,"column":10},"end":{"line":79,"column":75}},"47":{"start":{"line":96,"column":24},"end":{"line":96,"column":30}},"48":{"start":{"line":97,"column":6},"end":{"line":103,"column":7}},"49":{"start":{"line":98,"column":8},"end":{"line":98,"column":33}},"50":{"start":{"line":99,"column":13},"end":{"line":103,"column":7}},"51":{"start":{"line":100,"column":8},"end":{"line":100,"column":30}},"52":{"start":{"line":102,"column":8},"end":{"line":102,"column":42}},"53":{"start":{"line":104,"column":6},"end":{"line":106,"column":7}},"54":{"start":{"line":105,"column":8},"end":{"line":105,"column":104}},"55":{"start":{"line":107,"column":6},"end":{"line":109,"column":7}},"56":{"start":{"line":108,"column":8},"end":{"line":108,"column":95}},"57":{"start":{"line":110,"column":6},"end":{"line":126,"column":9}},"58":{"start":{"line":113,"column":8},"end":{"line":115,"column":9}},"59":{"start":{"line":114,"column":10},"end":{"line":114,"column":85}},"60":{"start":{"line":116,"column":8},"end":{"line":118,"column":9}},"61":{"start":{"line":117,"column":10},"end":{"line":117,"column":103}},"62":{"start":{"line":119,"column":8},"end":{"line":125,"column":11}},"63":{"start":{"line":120,"column":10},"end":{"line":123,"column":11}},"64":{"start":{"line":121,"column":24},"end":{"line":121,"column":99}},"65":{"start":{"line":122,"column":12},"end":{"line":122,"column":77}},"66":{"start":{"line":124,"column":10},"end":{"line":124,"column":92}},"67":{"start":{"line":142,"column":6},"end":{"line":147,"column":9}},"68":{"start":{"line":143,"column":8},"end":{"line":145,"column":9}},"69":{"start":{"line":144,"column":10},"end":{"line":144,"column":85}},"70":{"start":{"line":146,"column":8},"end":{"line":146,"column":106}},"71":{"start":{"line":163,"column":6},"end":{"line":165,"column":7}},"72":{"start":{"line":164,"column":8},"end":{"line":164,"column":75}},"73":{"start":{"line":166,"column":6},"end":{"line":175,"column":9}},"74":{"start":{"line":167,"column":8},"end":{"line":169,"column":9}},"75":{"start":{"line":168,"column":10},"end":{"line":168,"column":85}},"76":{"start":{"line":170,"column":8},"end":{"line":172,"column":9}},"77":{"start":{"line":171,"column":10},"end":{"line":171,"column":77}},"78":{"start":{"line":173,"column":20},"end":{"line":173,"column":97}},"79":{"start":{"line":174,"column":8},"end":{"line":174,"column":73}},"80":{"start":{"line":179,"column":2},"end":{"line":179,"column":25}},"81":{"start":{"line":182,"column":0},"end":{"line":182,"column":34}}},"fnMap":{"0":{"name":"(anonymous_0)","decl":{"start":{"line":7,"column":19},"end":{"line":7,"column":20}},"loc":{"start":{"line":7,"column":31},"end":{"line":7,"column":561}},"line":7},"1":{"name":"defineProperties","decl":{"start":{"line":7,"column":42},"end":{"line":7,"column":58}},"loc":{"start":{"line":7,"column":74},"end":{"line":7,"column":349}},"line":7},"2":{"name":"(anonymous_2)","decl":{"start":{"line":7,"column":357},"end":{"line":7,"column":358}},"loc":{"start":{"line":7,"column":405},"end":{"line":7,"column":558}},"line":7},"3":{"name":"_interopRequireDefault","decl":{"start":{"line":23,"column":9},"end":{"line":23,"column":31}},"loc":{"start":{"line":23,"column":37},"end":{"line":23,"column":95}},"line":23},"4":{"name":"_classCallCheck","decl":{"start":{"line":25,"column":9},"end":{"line":25,"column":24}},"loc":{"start":{"line":25,"column":48},"end":{"line":25,"column":153}},"line":25},"5":{"name":"(anonymous_5)","decl":{"start":{"line":35,"column":22},"end":{"line":35,"column":23}},"loc":{"start":{"line":35,"column":34},"end":{"line":180,"column":1}},"line":35},"6":{"name":"UserControllers","decl":{"start":{"line":36,"column":11},"end":{"line":36,"column":26}},"loc":{"start":{"line":36,"column":29},"end":{"line":38,"column":3}},"line":36},"7":{"name":"createUser","decl":{"start":{"line":51,"column":20},"end":{"line":51,"column":30}},"loc":{"start":{"line":51,"column":41},"end":{"line":82,"column":5}},"line":51},"8":{"name":"(anonymous_8)","decl":{"start":{"line":54,"column":9},"end":{"line":54,"column":10}},"loc":{"start":{"line":54,"column":37},"end":{"line":81,"column":7}},"line":54},"9":{"name":"(anonymous_9)","decl":{"start":{"line":74,"column":21},"end":{"line":74,"column":22}},"loc":{"start":{"line":74,"column":47},"end":{"line":80,"column":9}},"line":74},"10":{"name":"authenticateUser","decl":{"start":{"line":95,"column":20},"end":{"line":95,"column":36}},"loc":{"start":{"line":95,"column":47},"end":{"line":127,"column":5}},"line":95},"11":{"name":"(anonymous_11)","decl":{"start":{"line":112,"column":9},"end":{"line":112,"column":10}},"loc":{"start":{"line":112,"column":34},"end":{"line":126,"column":7}},"line":112},"12":{"name":"(anonymous_12)","decl":{"start":{"line":119,"column":73},"end":{"line":119,"column":74}},"loc":{"start":{"line":119,"column":98},"end":{"line":125,"column":9}},"line":119},"13":{"name":"updateUserProfile","decl":{"start":{"line":141,"column":20},"end":{"line":141,"column":37}},"loc":{"start":{"line":141,"column":48},"end":{"line":148,"column":5}},"line":141},"14":{"name":"(anonymous_14)","decl":{"start":{"line":142,"column":76},"end":{"line":142,"column":77}},"loc":{"start":{"line":142,"column":104},"end":{"line":147,"column":7}},"line":142},"15":{"name":"googleSignin","decl":{"start":{"line":162,"column":20},"end":{"line":162,"column":32}},"loc":{"start":{"line":162,"column":43},"end":{"line":176,"column":5}},"line":162},"16":{"name":"(anonymous_16)","decl":{"start":{"line":166,"column":56},"end":{"line":166,"column":57}},"loc":{"start":{"line":166,"column":83},"end":{"line":175,"column":7}},"line":166}},"branchMap":{"0":{"loc":{"start":{"line":7,"column":168},"end":{"line":7,"column":198}},"type":"binary-expr","locations":[{"start":{"line":7,"column":168},"end":{"line":7,"column":189}},{"start":{"line":7,"column":193},"end":{"line":7,"column":198}}],"line":7},"1":{"loc":{"start":{"line":7,"column":232},"end":{"line":7,"column":286}},"type":"if","locations":[{"start":{"line":7,"column":232},"end":{"line":7,"column":286}},{"start":{"line":7,"column":232},"end":{"line":7,"column":286}}],"line":7},"2":{"loc":{"start":{"line":7,"column":407},"end":{"line":7,"column":475}},"type":"if","locations":[{"start":{"line":7,"column":407},"end":{"line":7,"column":475}},{"start":{"line":7,"column":407},"end":{"line":7,"column":475}}],"line":7},"3":{"loc":{"start":{"line":7,"column":476},"end":{"line":7,"column":536}},"type":"if","locations":[{"start":{"line":7,"column":476},"end":{"line":7,"column":536}},{"start":{"line":7,"column":476},"end":{"line":7,"column":536}}],"line":7},"4":{"loc":{"start":{"line":23,"column":46},"end":{"line":23,"column":92}},"type":"cond-expr","locations":[{"start":{"line":23,"column":70},"end":{"line":23,"column":73}},{"start":{"line":23,"column":76},"end":{"line":23,"column":92}}],"line":23},"5":{"loc":{"start":{"line":23,"column":46},"end":{"line":23,"column":67}},"type":"binary-expr","locations":[{"start":{"line":23,"column":46},"end":{"line":23,"column":49}},{"start":{"line":23,"column":53},"end":{"line":23,"column":67}}],"line":23},"6":{"loc":{"start":{"line":25,"column":50},"end":{"line":25,"column":151}},"type":"if","locations":[{"start":{"line":25,"column":50},"end":{"line":25,"column":151}},{"start":{"line":25,"column":50},"end":{"line":25,"column":151}}],"line":25},"7":{"loc":{"start":{"line":55,"column":8},"end":{"line":57,"column":9}},"type":"if","locations":[{"start":{"line":55,"column":8},"end":{"line":57,"column":9}},{"start":{"line":55,"column":8},"end":{"line":57,"column":9}}],"line":55},"8":{"loc":{"start":{"line":58,"column":8},"end":{"line":65,"column":9}},"type":"if","locations":[{"start":{"line":58,"column":8},"end":{"line":65,"column":9}},{"start":{"line":58,"column":8},"end":{"line":65,"column":9}}],"line":58},"9":{"loc":{"start":{"line":59,"column":10},"end":{"line":63,"column":11}},"type":"if","locations":[{"start":{"line":59,"column":10},"end":{"line":63,"column":11}},{"start":{"line":59,"column":10},"end":{"line":63,"column":11}}],"line":59},"10":{"loc":{"start":{"line":59,"column":14},"end":{"line":59,"column":96}},"type":"binary-expr","locations":[{"start":{"line":59,"column":14},"end":{"line":59,"column":56}},{"start":{"line":59,"column":60},"end":{"line":59,"column":96}}],"line":59},"11":{"loc":{"start":{"line":61,"column":17},"end":{"line":63,"column":11}},"type":"if","locations":[{"start":{"line":61,"column":17},"end":{"line":63,"column":11}},{"start":{"line":61,"column":17},"end":{"line":63,"column":11}}],"line":61},"12":{"loc":{"start":{"line":75,"column":10},"end":{"line":77,"column":11}},"type":"if","locations":[{"start":{"line":75,"column":10},"end":{"line":77,"column":11}},{"start":{"line":75,"column":10},"end":{"line":77,"column":11}}],"line":75},"13":{"loc":{"start":{"line":97,"column":6},"end":{"line":103,"column":7}},"type":"if","locations":[{"start":{"line":97,"column":6},"end":{"line":103,"column":7}},{"start":{"line":97,"column":6},"end":{"line":103,"column":7}}],"line":97},"14":{"loc":{"start":{"line":99,"column":13},"end":{"line":103,"column":7}},"type":"if","locations":[{"start":{"line":99,"column":13},"end":{"line":103,"column":7}},{"start":{"line":99,"column":13},"end":{"line":103,"column":7}}],"line":99},"15":{"loc":{"start":{"line":104,"column":6},"end":{"line":106,"column":7}},"type":"if","locations":[{"start":{"line":104,"column":6},"end":{"line":106,"column":7}},{"start":{"line":104,"column":6},"end":{"line":106,"column":7}}],"line":104},"16":{"loc":{"start":{"line":104,"column":10},"end":{"line":104,"column":105}},"type":"binary-expr","locations":[{"start":{"line":104,"column":10},"end":{"line":104,"column":54}},{"start":{"line":104,"column":58},"end":{"line":104,"column":105}}],"line":104},"17":{"loc":{"start":{"line":107,"column":6},"end":{"line":109,"column":7}},"type":"if","locations":[{"start":{"line":107,"column":6},"end":{"line":109,"column":7}},{"start":{"line":107,"column":6},"end":{"line":109,"column":7}}],"line":107},"18":{"loc":{"start":{"line":113,"column":8},"end":{"line":115,"column":9}},"type":"if","locations":[{"start":{"line":113,"column":8},"end":{"line":115,"column":9}},{"start":{"line":113,"column":8},"end":{"line":115,"column":9}}],"line":113},"19":{"loc":{"start":{"line":116,"column":8},"end":{"line":118,"column":9}},"type":"if","locations":[{"start":{"line":116,"column":8},"end":{"line":118,"column":9}},{"start":{"line":116,"column":8},"end":{"line":118,"column":9}}],"line":116},"20":{"loc":{"start":{"line":120,"column":10},"end":{"line":123,"column":11}},"type":"if","locations":[{"start":{"line":120,"column":10},"end":{"line":123,"column":11}},{"start":{"line":120,"column":10},"end":{"line":123,"column":11}}],"line":120},"21":{"loc":{"start":{"line":143,"column":8},"end":{"line":145,"column":9}},"type":"if","locations":[{"start":{"line":143,"column":8},"end":{"line":145,"column":9}},{"start":{"line":143,"column":8},"end":{"line":145,"column":9}}],"line":143},"22":{"loc":{"start":{"line":163,"column":6},"end":{"line":165,"column":7}},"type":"if","locations":[{"start":{"line":163,"column":6},"end":{"line":165,"column":7}},{"start":{"line":163,"column":6},"end":{"line":165,"column":7}}],"line":163},"23":{"loc":{"start":{"line":163,"column":10},"end":{"line":163,"column":122}},"type":"binary-expr","locations":[{"start":{"line":163,"column":10},"end":{"line":163,"column":91}},{"start":{"line":163,"column":95},"end":{"line":163,"column":122}}],"line":163},"24":{"loc":{"start":{"line":167,"column":8},"end":{"line":169,"column":9}},"type":"if","locations":[{"start":{"line":167,"column":8},"end":{"line":169,"column":9}},{"start":{"line":167,"column":8},"end":{"line":169,"column":9}}],"line":167},"25":{"loc":{"start":{"line":170,"column":8},"end":{"line":172,"column":9}},"type":"if","locations":[{"start":{"line":170,"column":8},"end":{"line":172,"column":9}},{"start":{"line":170,"column":8},"end":{"line":172,"column":9}}],"line":170}},"s":{"0":1,"1":1,"2":1,"3":4,"4":4,"5":4,"6":4,"7":4,"8":4,"9":1,"10":1,"11":0,"12":1,"13":1,"14":1,"15":1,"16":1,"17":1,"18":1,"19":1,"20":1,"21":1,"22":3,"23":0,"24":0,"25":1,"26":1,"27":1,"28":0,"29":1,"30":4,"31":4,"32":0,"33":4,"34":2,"35":0,"36":2,"37":1,"38":1,"39":2,"40":2,"41":2,"42":2,"43":2,"44":0,"45":2,"46":2,"47":4,"48":4,"49":3,"50":1,"51":0,"52":1,"53":4,"54":1,"55":3,"56":0,"57":3,"58":3,"59":0,"60":3,"61":1,"62":2,"63":2,"64":1,"65":1,"66":1,"67":0,"68":0,"69":0,"70":0,"71":3,"72":1,"73":2,"74":2,"75":0,"76":2,"77":1,"78":1,"79":1,"80":1,"81":1},"f":{"0":1,"1":1,"2":1,"3":3,"4":0,"5":1,"6":0,"7":4,"8":4,"9":2,"10":4,"11":3,"12":2,"13":0,"14":0,"15":3,"16":2},"b":{"0":[4,4],"1":[4,0],"2":[0,1],"3":[1,0],"4":[1,2],"5":[3,3],"6":[0,0],"7":[0,4],"8":[2,2],"9":[0,2],"10":[2,1],"11":[1,1],"12":[0,2],"13":[3,1],"14":[0,1],"15":[1,3],"16":[4,4],"17":[0,3],"18":[0,3],"19":[1,2],"20":[1,1],"21":[0,0],"22":[1,2],"23":[3,2],"24":[0,2],"25":[1,1]},"_coverageSchema":"332fd63041d2c1bcb487cc26dd0d5f7d97098a6c","hash":"9311f7a5ca0b0de99f933a00fcbccebde8f54377","contentHash":"afdb4def00e1733d0d08995cc72b667c_11.2.1"},"/Users/andeladeveloper/Desktop/Worklist/server/models/user.js":{"path":"/Users/andeladeveloper/Desktop/Worklist/server/models/user.js","statementMap":{"0":{"start":{"line":3,"column":0},"end":{"line":5,"column":3}},"1":{"start":{"line":7,"column":16},"end":{"line":7,"column":35}},"2":{"start":{"line":9,"column":17},"end":{"line":9,"column":50}},"3":{"start":{"line":11,"column":39},"end":{"line":11,"column":93}},"4":{"start":{"line":13,"column":13},"end":{"line":13,"column":38}},"5":{"start":{"line":16,"column":17},"end":{"line":37,"column":2}},"6":{"start":{"line":39,"column":11},"end":{"line":39,"column":55}},"7":{"start":{"line":41,"column":0},"end":{"line":41,"column":23}}},"fnMap":{"0":{"name":"_interopRequireDefault","decl":{"start":{"line":11,"column":9},"end":{"line":11,"column":31}},"loc":{"start":{"line":11,"column":37},"end":{"line":11,"column":95}},"line":11}},"branchMap":{"0":{"loc":{"start":{"line":11,"column":46},"end":{"line":11,"column":92}},"type":"cond-expr","locations":[{"start":{"line":11,"column":70},"end":{"line":11,"column":73}},{"start":{"line":11,"column":76},"end":{"line":11,"column":92}}],"line":11},"1":{"loc":{"start":{"line":11,"column":46},"end":{"line":11,"column":67}},"type":"binary-expr","locations":[{"start":{"line":11,"column":46},"end":{"line":11,"column":49}},{"start":{"line":11,"column":53},"end":{"line":11,"column":67}}],"line":11}},"s":{"0":1,"1":1,"2":1,"3":1,"4":1,"5":1,"6":1,"7":1},"f":{"0":1},"b":{"0":[0,1],"1":[1,1]},"_coverageSchema":"332fd63041d2c1bcb487cc26dd0d5f7d97098a6c","hash":"45906ff2e775fa2b03ea6e9c093ac3752f2f1a9e","contentHash":"054ac0388674700f34310d1359d16056_11.2.1"},"/Users/andeladeveloper/Desktop/Worklist/server/helpers/index.js":{"path":"/Users/andeladeveloper/Desktop/Worklist/server/helpers/index.js","statementMap":{"0":{"start":{"line":3,"column":0},"end":{"line":5,"column":3}},"1":{"start":{"line":6,"column":0},"end":{"line":6,"column":186}},"2":{"start":{"line":8,"column":20},"end":{"line":8,"column":43}},"3":{"start":{"line":10,"column":21},"end":{"line":10,"column":58}},"4":{"start":{"line":12,"column":14},"end":{"line":12,"column":31}},"5":{"start":{"line":14,"column":15},"end":{"line":14,"column":46}},"6":{"start":{"line":16,"column":39},"end":{"line":16,"column":93}},"7":{"start":{"line":18,"column":0},"end":{"line":18,"column":24}},"8":{"start":{"line":27,"column":21},"end":{"line":36,"column":1}},"9":{"start":{"line":28,"column":2},"end":{"line":31,"column":3}},"10":{"start":{"line":29,"column":4},"end":{"line":29,"column":24}},"11":{"start":{"line":30,"column":4},"end":{"line":30,"column":17}},"12":{"start":{"line":32,"column":2},"end":{"line":34,"column":5}},"13":{"start":{"line":33,"column":4},"end":{"line":33,"column":23}},"14":{"start":{"line":35,"column":2},"end":{"line":35,"column":15}},"15":{"start":{"line":47,"column":20},"end":{"line":53,"column":1}},"16":{"start":{"line":48,"column":14},"end":{"line":51,"column":12}},"17":{"start":{"line":52,"column":2},"end":{"line":52,"column":15}},"18":{"start":{"line":64,"column":14},"end":{"line":75,"column":1}},"19":{"start":{"line":65,"column":12},"end":{"line":65,"column":26}},"20":{"start":{"line":66,"column":2},"end":{"line":68,"column":3}},"21":{"start":{"line":67,"column":4},"end":{"line":67,"column":17}},"22":{"start":{"line":69,"column":2},"end":{"line":73,"column":3}},"23":{"start":{"line":70,"column":4},"end":{"line":72,"column":5}},"24":{"start":{"line":71,"column":6},"end":{"line":71,"column":19}},"25":{"start":{"line":74,"column":2},"end":{"line":74,"column":14}},"26":{"start":{"line":77,"column":13},"end":{"line":87,"column":1}},"27":{"start":{"line":78,"column":2},"end":{"line":80,"column":3}},"28":{"start":{"line":79,"column":4},"end":{"line":79,"column":17}},"29":{"start":{"line":81,"column":2},"end":{"line":85,"column":3}},"30":{"start":{"line":82,"column":4},"end":{"line":84,"column":5}},"31":{"start":{"line":83,"column":6},"end":{"line":83,"column":19}},"32":{"start":{"line":86,"column":2},"end":{"line":86,"column":14}},"33":{"start":{"line":97,"column":21},"end":{"line":111,"column":1}},"34":{"start":{"line":98,"column":2},"end":{"line":100,"column":3}},"35":{"start":{"line":99,"column":4},"end":{"line":99,"column":16}},"36":{"start":{"line":101,"column":17},"end":{"line":101,"column":22}},"37":{"start":{"line":102,"column":2},"end":{"line":106,"column":5}},"38":{"start":{"line":103,"column":4},"end":{"line":105,"column":5}},"39":{"start":{"line":104,"column":6},"end":{"line":104,"column":22}},"40":{"start":{"line":107,"column":2},"end":{"line":109,"column":3}},"41":{"start":{"line":108,"column":4},"end":{"line":108,"column":16}},"42":{"start":{"line":110,"column":2},"end":{"line":110,"column":15}},"43":{"start":{"line":113,"column":18},"end":{"line":140,"column":1}},"44":{"start":{"line":114,"column":13},"end":{"line":114,"column":85}},"45":{"start":{"line":116,"column":2},"end":{"line":121,"column":3}},"46":{"start":{"line":117,"column":4},"end":{"line":120,"column":7}},"47":{"start":{"line":122,"column":2},"end":{"line":127,"column":3}},"48":{"start":{"line":123,"column":4},"end":{"line":126,"column":7}},"49":{"start":{"line":128,"column":2},"end":{"line":133,"column":3}},"50":{"start":{"line":129,"column":4},"end":{"line":132,"column":7}},"51":{"start":{"line":134,"column":2},"end":{"line":139,"column":5}},"52":{"start":{"line":142,"column":19},"end":{"line":149,"column":1}},"53":{"start":{"line":143,"column":2},"end":{"line":147,"column":3}},"54":{"start":{"line":144,"column":4},"end":{"line":144,"column":17}},"55":{"start":{"line":145,"column":9},"end":{"line":147,"column":3}},"56":{"start":{"line":146,"column":4},"end":{"line":146,"column":17}},"57":{"start":{"line":148,"column":2},"end":{"line":148,"column":14}},"58":{"start":{"line":151,"column":18},"end":{"line":157,"column":1}},"59":{"start":{"line":152,"column":2},"end":{"line":156,"column":3}},"60":{"start":{"line":153,"column":4},"end":{"line":153,"column":17}},"61":{"start":{"line":154,"column":9},"end":{"line":156,"column":3}},"62":{"start":{"line":155,"column":4},"end":{"line":155,"column":17}}},"fnMap":{"0":{"name":"_interopRequireDefault","decl":{"start":{"line":16,"column":9},"end":{"line":16,"column":31}},"loc":{"start":{"line":16,"column":37},"end":{"line":16,"column":95}},"line":16},"1":{"name":"removePassword","decl":{"start":{"line":27,"column":55},"end":{"line":27,"column":69}},"loc":{"start":{"line":27,"column":77},"end":{"line":36,"column":1}},"line":27},"2":{"name":"(anonymous_2)","decl":{"start":{"line":32,"column":16},"end":{"line":32,"column":17}},"loc":{"start":{"line":32,"column":32},"end":{"line":34,"column":3}},"line":32},"3":{"name":"generateToken","decl":{"start":{"line":47,"column":53},"end":{"line":47,"column":66}},"loc":{"start":{"line":47,"column":88},"end":{"line":53,"column":1}},"line":47},"4":{"name":"isDigit","decl":{"start":{"line":64,"column":41},"end":{"line":64,"column":48}},"loc":{"start":{"line":64,"column":54},"end":{"line":75,"column":1}},"line":64},"5":{"name":"isText","decl":{"start":{"line":77,"column":39},"end":{"line":77,"column":45}},"loc":{"start":{"line":77,"column":51},"end":{"line":87,"column":1}},"line":77},"6":{"name":"isInValidField","decl":{"start":{"line":97,"column":55},"end":{"line":97,"column":69}},"loc":{"start":{"line":97,"column":81},"end":{"line":111,"column":1}},"line":97},"7":{"name":"(anonymous_7)","decl":{"start":{"line":102,"column":28},"end":{"line":102,"column":29}},"loc":{"start":{"line":102,"column":45},"end":{"line":106,"column":3}},"line":102},"8":{"name":"apiResponse","decl":{"start":{"line":113,"column":49},"end":{"line":113,"column":60}},"loc":{"start":{"line":113,"column":96},"end":{"line":140,"column":1}},"line":113},"9":{"name":"isValidEmail","decl":{"start":{"line":142,"column":51},"end":{"line":142,"column":63}},"loc":{"start":{"line":142,"column":71},"end":{"line":149,"column":1}},"line":142},"10":{"name":"isValidName","decl":{"start":{"line":151,"column":49},"end":{"line":151,"column":60}},"loc":{"start":{"line":151,"column":67},"end":{"line":157,"column":1}},"line":151}},"branchMap":{"0":{"loc":{"start":{"line":16,"column":46},"end":{"line":16,"column":92}},"type":"cond-expr","locations":[{"start":{"line":16,"column":70},"end":{"line":16,"column":73}},{"start":{"line":16,"column":76},"end":{"line":16,"column":92}}],"line":16},"1":{"loc":{"start":{"line":16,"column":46},"end":{"line":16,"column":67}},"type":"binary-expr","locations":[{"start":{"line":16,"column":46},"end":{"line":16,"column":49}},{"start":{"line":16,"column":53},"end":{"line":16,"column":67}}],"line":16},"2":{"loc":{"start":{"line":28,"column":2},"end":{"line":31,"column":3}},"type":"if","locations":[{"start":{"line":28,"column":2},"end":{"line":31,"column":3}},{"start":{"line":28,"column":2},"end":{"line":31,"column":3}}],"line":28},"3":{"loc":{"start":{"line":66,"column":2},"end":{"line":68,"column":3}},"type":"if","locations":[{"start":{"line":66,"column":2},"end":{"line":68,"column":3}},{"start":{"line":66,"column":2},"end":{"line":68,"column":3}}],"line":66},"4":{"loc":{"start":{"line":70,"column":4},"end":{"line":72,"column":5}},"type":"if","locations":[{"start":{"line":70,"column":4},"end":{"line":72,"column":5}},{"start":{"line":70,"column":4},"end":{"line":72,"column":5}}],"line":70},"5":{"loc":{"start":{"line":78,"column":2},"end":{"line":80,"column":3}},"type":"if","locations":[{"start":{"line":78,"column":2},"end":{"line":80,"column":3}},{"start":{"line":78,"column":2},"end":{"line":80,"column":3}}],"line":78},"6":{"loc":{"start":{"line":82,"column":4},"end":{"line":84,"column":5}},"type":"if","locations":[{"start":{"line":82,"column":4},"end":{"line":84,"column":5}},{"start":{"line":82,"column":4},"end":{"line":84,"column":5}}],"line":82},"7":{"loc":{"start":{"line":98,"column":2},"end":{"line":100,"column":3}},"type":"if","locations":[{"start":{"line":98,"column":2},"end":{"line":100,"column":3}},{"start":{"line":98,"column":2},"end":{"line":100,"column":3}}],"line":98},"8":{"loc":{"start":{"line":98,"column":6},"end":{"line":98,"column":61}},"type":"binary-expr","locations":[{"start":{"line":98,"column":6},"end":{"line":98,"column":35}},{"start":{"line":98,"column":39},"end":{"line":98,"column":61}}],"line":98},"9":{"loc":{"start":{"line":103,"column":4},"end":{"line":105,"column":5}},"type":"if","locations":[{"start":{"line":103,"column":4},"end":{"line":105,"column":5}},{"start":{"line":103,"column":4},"end":{"line":105,"column":5}}],"line":103},"10":{"loc":{"start":{"line":107,"column":2},"end":{"line":109,"column":3}},"type":"if","locations":[{"start":{"line":107,"column":2},"end":{"line":109,"column":3}},{"start":{"line":107,"column":2},"end":{"line":109,"column":3}}],"line":107},"11":{"loc":{"start":{"line":114,"column":13},"end":{"line":114,"column":85}},"type":"cond-expr","locations":[{"start":{"line":114,"column":66},"end":{"line":114,"column":78}},{"start":{"line":114,"column":81},"end":{"line":114,"column":85}}],"line":114},"12":{"loc":{"start":{"line":114,"column":13},"end":{"line":114,"column":63}},"type":"binary-expr","locations":[{"start":{"line":114,"column":13},"end":{"line":114,"column":33}},{"start":{"line":114,"column":37},"end":{"line":114,"column":63}}],"line":114},"13":{"loc":{"start":{"line":116,"column":2},"end":{"line":121,"column":3}},"type":"if","locations":[{"start":{"line":116,"column":2},"end":{"line":121,"column":3}},{"start":{"line":116,"column":2},"end":{"line":121,"column":3}}],"line":116},"14":{"loc":{"start":{"line":122,"column":2},"end":{"line":127,"column":3}},"type":"if","locations":[{"start":{"line":122,"column":2},"end":{"line":127,"column":3}},{"start":{"line":122,"column":2},"end":{"line":127,"column":3}}],"line":122},"15":{"loc":{"start":{"line":128,"column":2},"end":{"line":133,"column":3}},"type":"if","locations":[{"start":{"line":128,"column":2},"end":{"line":133,"column":3}},{"start":{"line":128,"column":2},"end":{"line":133,"column":3}}],"line":128},"16":{"loc":{"start":{"line":143,"column":2},"end":{"line":147,"column":3}},"type":"if","locations":[{"start":{"line":143,"column":2},"end":{"line":147,"column":3}},{"start":{"line":143,"column":2},"end":{"line":147,"column":3}}],"line":143},"17":{"loc":{"start":{"line":143,"column":6},"end":{"line":143,"column":47}},"type":"binary-expr","locations":[{"start":{"line":143,"column":6},"end":{"line":143,"column":27}},{"start":{"line":143,"column":31},"end":{"line":143,"column":47}}],"line":143},"18":{"loc":{"start":{"line":145,"column":9},"end":{"line":147,"column":3}},"type":"if","locations":[{"start":{"line":145,"column":9},"end":{"line":147,"column":3}},{"start":{"line":145,"column":9},"end":{"line":147,"column":3}}],"line":145},"19":{"loc":{"start":{"line":145,"column":13},"end":{"line":145,"column":89}},"type":"binary-expr","locations":[{"start":{"line":145,"column":13},"end":{"line":145,"column":67}},{"start":{"line":145,"column":71},"end":{"line":145,"column":89}}],"line":145},"20":{"loc":{"start":{"line":152,"column":2},"end":{"line":156,"column":3}},"type":"if","locations":[{"start":{"line":152,"column":2},"end":{"line":156,"column":3}},{"start":{"line":152,"column":2},"end":{"line":156,"column":3}}],"line":152},"21":{"loc":{"start":{"line":154,"column":9},"end":{"line":156,"column":3}},"type":"if","locations":[{"start":{"line":154,"column":9},"end":{"line":156,"column":3}},{"start":{"line":154,"column":9},"end":{"line":156,"column":3}}],"line":154},"22":{"loc":{"start":{"line":154,"column":13},"end":{"line":154,"column":45}},"type":"binary-expr","locations":[{"start":{"line":154,"column":13},"end":{"line":154,"column":26}},{"start":{"line":154,"column":30},"end":{"line":154,"column":45}}],"line":154}},"s":{"0":1,"1":1,"2":1,"3":1,"4":1,"5":1,"6":2,"7":1,"8":1,"9":4,"10":4,"11":4,"12":0,"13":0,"14":0,"15":1,"16":4,"17":4,"18":1,"19":17,"20":17,"21":0,"22":17,"23":24,"24":16,"25":1,"26":1,"27":19,"28":0,"29":19,"30":147,"31":2,"32":17,"33":1,"34":78,"35":11,"36":67,"37":67,"38":67,"39":67,"40":67,"41":0,"42":67,"43":1,"44":32,"45":32,"46":5,"47":27,"48":4,"49":23,"50":4,"51":19,"52":1,"53":0,"54":0,"55":0,"56":0,"57":0,"58":1,"59":0,"60":0,"61":0,"62":0},"f":{"0":2,"1":4,"2":0,"3":4,"4":17,"5":19,"6":78,"7":67,"8":32,"9":0,"10":0},"b":{"0":[0,2],"1":[2,2],"2":[4,0],"3":[0,17],"4":[16,8],"5":[0,19],"6":[2,145],"7":[11,67],"8":[78,67],"9":[67,0],"10":[0,67],"11":[13,19],"12":[32,13],"13":[5,27],"14":[4,23],"15":[4,19],"16":[0,0],"17":[0,0],"18":[0,0],"19":[0,0],"20":[0,0],"21":[0,0],"22":[0,0]},"_coverageSchema":"332fd63041d2c1bcb487cc26dd0d5f7d97098a6c","hash":"f1eea3e8d8bc371de53431a7fa79fd21375faa2e","contentHash":"c03b29b5cb164bee042e33c12bdb8b4d_11.2.1"},"/Users/andeladeveloper/Desktop/Worklist/server/middlewares/UserValidations.js":{"path":"/Users/andeladeveloper/Desktop/Worklist/server/middlewares/UserValidations.js","statementMap":{"0":{"start":{"line":3,"column":0},"end":{"line":5,"column":3}},"1":{"start":{"line":7,"column":19},"end":{"line":7,"column":563}},"2":{"start":{"line":7,"column":76},"end":{"line":7,"column":347}},"3":{"start":{"line":7,"column":134},"end":{"line":7,"column":142}},"4":{"start":{"line":7,"column":144},"end":{"line":7,"column":199}},"5":{"start":{"line":7,"column":200},"end":{"line":7,"column":231}},"6":{"start":{"line":7,"column":232},"end":{"line":7,"column":286}},"7":{"start":{"line":7,"column":259},"end":{"line":7,"column":286}},"8":{"start":{"line":7,"column":287},"end":{"line":7,"column":345}},"9":{"start":{"line":7,"column":350},"end":{"line":7,"column":559}},"10":{"start":{"line":7,"column":407},"end":{"line":7,"column":475}},"11":{"start":{"line":7,"column":423},"end":{"line":7,"column":475}},"12":{"start":{"line":7,"column":476},"end":{"line":7,"column":536}},"13":{"start":{"line":7,"column":493},"end":{"line":7,"column":536}},"14":{"start":{"line":7,"column":537},"end":{"line":7,"column":556}},"15":{"start":{"line":9,"column":15},"end":{"line":9,"column":36}},"16":{"start":{"line":11,"column":50},"end":{"line":11,"column":151}},"17":{"start":{"line":11,"column":92},"end":{"line":11,"column":149}},"18":{"start":{"line":17,"column":22},"end":{"line":105,"column":3}},"19":{"start":{"line":19,"column":4},"end":{"line":19,"column":43}},"20":{"start":{"line":22,"column":2},"end":{"line":102,"column":6}},"21":{"start":{"line":35,"column":18},"end":{"line":35,"column":20}},"22":{"start":{"line":36,"column":22},"end":{"line":42,"column":7}},"23":{"start":{"line":43,"column":6},"end":{"line":46,"column":7}},"24":{"start":{"line":44,"column":8},"end":{"line":44,"column":50}},"25":{"start":{"line":45,"column":8},"end":{"line":45,"column":35}},"26":{"start":{"line":47,"column":6},"end":{"line":50,"column":7}},"27":{"start":{"line":48,"column":8},"end":{"line":48,"column":47}},"28":{"start":{"line":49,"column":8},"end":{"line":49,"column":32}},"29":{"start":{"line":51,"column":6},"end":{"line":54,"column":7}},"30":{"start":{"line":52,"column":8},"end":{"line":52,"column":50}},"31":{"start":{"line":53,"column":8},"end":{"line":53,"column":35}},"32":{"start":{"line":55,"column":6},"end":{"line":58,"column":7}},"33":{"start":{"line":56,"column":8},"end":{"line":56,"column":50}},"34":{"start":{"line":57,"column":8},"end":{"line":57,"column":35}},"35":{"start":{"line":59,"column":6},"end":{"line":64,"column":7}},"36":{"start":{"line":60,"column":8},"end":{"line":63,"column":11}},"37":{"start":{"line":65,"column":6},"end":{"line":71,"column":7}},"38":{"start":{"line":66,"column":8},"end":{"line":66,"column":32}},"39":{"start":{"line":67,"column":8},"end":{"line":67,"column":46}},"40":{"start":{"line":68,"column":8},"end":{"line":70,"column":9}},"41":{"start":{"line":69,"column":10},"end":{"line":69,"column":76}},"42":{"start":{"line":72,"column":6},"end":{"line":79,"column":7}},"43":{"start":{"line":73,"column":8},"end":{"line":75,"column":9}},"44":{"start":{"line":74,"column":10},"end":{"line":74,"column":122}},"45":{"start":{"line":76,"column":8},"end":{"line":78,"column":9}},"46":{"start":{"line":77,"column":10},"end":{"line":77,"column":76}},"47":{"start":{"line":80,"column":6},"end":{"line":86,"column":7}},"48":{"start":{"line":81,"column":8},"end":{"line":81,"column":35}},"49":{"start":{"line":82,"column":8},"end":{"line":82,"column":109}},"50":{"start":{"line":83,"column":8},"end":{"line":85,"column":9}},"51":{"start":{"line":84,"column":10},"end":{"line":84,"column":76}},"52":{"start":{"line":87,"column":6},"end":{"line":96,"column":7}},"53":{"start":{"line":88,"column":8},"end":{"line":88,"column":35}},"54":{"start":{"line":90,"column":8},"end":{"line":92,"column":9}},"55":{"start":{"line":91,"column":10},"end":{"line":91,"column":142}},"56":{"start":{"line":93,"column":8},"end":{"line":95,"column":9}},"57":{"start":{"line":94,"column":10},"end":{"line":94,"column":76}},"58":{"start":{"line":97,"column":6},"end":{"line":99,"column":7}},"59":{"start":{"line":98,"column":8},"end":{"line":98,"column":74}},"60":{"start":{"line":100,"column":6},"end":{"line":100,"column":13}},"61":{"start":{"line":104,"column":2},"end":{"line":104,"column":25}},"62":{"start":{"line":107,"column":0},"end":{"line":107,"column":34}}},"fnMap":{"0":{"name":"(anonymous_0)","decl":{"start":{"line":7,"column":19},"end":{"line":7,"column":20}},"loc":{"start":{"line":7,"column":31},"end":{"line":7,"column":561}},"line":7},"1":{"name":"defineProperties","decl":{"start":{"line":7,"column":42},"end":{"line":7,"column":58}},"loc":{"start":{"line":7,"column":74},"end":{"line":7,"column":349}},"line":7},"2":{"name":"(anonymous_2)","decl":{"start":{"line":7,"column":357},"end":{"line":7,"column":358}},"loc":{"start":{"line":7,"column":405},"end":{"line":7,"column":558}},"line":7},"3":{"name":"_classCallCheck","decl":{"start":{"line":11,"column":9},"end":{"line":11,"column":24}},"loc":{"start":{"line":11,"column":48},"end":{"line":11,"column":153}},"line":11},"4":{"name":"(anonymous_4)","decl":{"start":{"line":17,"column":22},"end":{"line":17,"column":23}},"loc":{"start":{"line":17,"column":34},"end":{"line":105,"column":1}},"line":17},"5":{"name":"UserValidations","decl":{"start":{"line":18,"column":11},"end":{"line":18,"column":26}},"loc":{"start":{"line":18,"column":29},"end":{"line":20,"column":3}},"line":18},"6":{"name":"createUserValidation","decl":{"start":{"line":34,"column":20},"end":{"line":34,"column":40}},"loc":{"start":{"line":34,"column":57},"end":{"line":101,"column":5}},"line":34}},"branchMap":{"0":{"loc":{"start":{"line":7,"column":168},"end":{"line":7,"column":198}},"type":"binary-expr","locations":[{"start":{"line":7,"column":168},"end":{"line":7,"column":189}},{"start":{"line":7,"column":193},"end":{"line":7,"column":198}}],"line":7},"1":{"loc":{"start":{"line":7,"column":232},"end":{"line":7,"column":286}},"type":"if","locations":[{"start":{"line":7,"column":232},"end":{"line":7,"column":286}},{"start":{"line":7,"column":232},"end":{"line":7,"column":286}}],"line":7},"2":{"loc":{"start":{"line":7,"column":407},"end":{"line":7,"column":475}},"type":"if","locations":[{"start":{"line":7,"column":407},"end":{"line":7,"column":475}},{"start":{"line":7,"column":407},"end":{"line":7,"column":475}}],"line":7},"3":{"loc":{"start":{"line":7,"column":476},"end":{"line":7,"column":536}},"type":"if","locations":[{"start":{"line":7,"column":476},"end":{"line":7,"column":536}},{"start":{"line":7,"column":476},"end":{"line":7,"column":536}}],"line":7},"4":{"loc":{"start":{"line":11,"column":50},"end":{"line":11,"column":151}},"type":"if","locations":[{"start":{"line":11,"column":50},"end":{"line":11,"column":151}},{"start":{"line":11,"column":50},"end":{"line":11,"column":151}}],"line":11},"5":{"loc":{"start":{"line":43,"column":6},"end":{"line":46,"column":7}},"type":"if","locations":[{"start":{"line":43,"column":6},"end":{"line":46,"column":7}},{"start":{"line":43,"column":6},"end":{"line":46,"column":7}}],"line":43},"6":{"loc":{"start":{"line":47,"column":6},"end":{"line":50,"column":7}},"type":"if","locations":[{"start":{"line":47,"column":6},"end":{"line":50,"column":7}},{"start":{"line":47,"column":6},"end":{"line":50,"column":7}}],"line":47},"7":{"loc":{"start":{"line":51,"column":6},"end":{"line":54,"column":7}},"type":"if","locations":[{"start":{"line":51,"column":6},"end":{"line":54,"column":7}},{"start":{"line":51,"column":6},"end":{"line":54,"column":7}}],"line":51},"8":{"loc":{"start":{"line":55,"column":6},"end":{"line":58,"column":7}},"type":"if","locations":[{"start":{"line":55,"column":6},"end":{"line":58,"column":7}},{"start":{"line":55,"column":6},"end":{"line":58,"column":7}}],"line":55},"9":{"loc":{"start":{"line":59,"column":6},"end":{"line":64,"column":7}},"type":"if","locations":[{"start":{"line":59,"column":6},"end":{"line":64,"column":7}},{"start":{"line":59,"column":6},"end":{"line":64,"column":7}}],"line":59},"10":{"loc":{"start":{"line":65,"column":6},"end":{"line":71,"column":7}},"type":"if","locations":[{"start":{"line":65,"column":6},"end":{"line":71,"column":7}},{"start":{"line":65,"column":6},"end":{"line":71,"column":7}}],"line":65},"11":{"loc":{"start":{"line":65,"column":10},"end":{"line":65,"column":143}},"type":"binary-expr","locations":[{"start":{"line":65,"column":10},"end":{"line":65,"column":25}},{"start":{"line":65,"column":30},"end":{"line":65,"column":111}},{"start":{"line":65,"column":115},"end":{"line":65,"column":142}}],"line":65},"12":{"loc":{"start":{"line":68,"column":8},"end":{"line":70,"column":9}},"type":"if","locations":[{"start":{"line":68,"column":8},"end":{"line":70,"column":9}},{"start":{"line":68,"column":8},"end":{"line":70,"column":9}}],"line":68},"13":{"loc":{"start":{"line":72,"column":6},"end":{"line":79,"column":7}},"type":"if","locations":[{"start":{"line":72,"column":6},"end":{"line":79,"column":7}},{"start":{"line":72,"column":6},"end":{"line":79,"column":7}}],"line":72},"14":{"loc":{"start":{"line":72,"column":10},"end":{"line":72,"column":106}},"type":"binary-expr","locations":[{"start":{"line":72,"column":10},"end":{"line":72,"column":28}},{"start":{"line":72,"column":33},"end":{"line":72,"column":73}},{"start":{"line":72,"column":77},"end":{"line":72,"column":105}}],"line":72},"15":{"loc":{"start":{"line":73,"column":8},"end":{"line":75,"column":9}},"type":"if","locations":[{"start":{"line":73,"column":8},"end":{"line":75,"column":9}},{"start":{"line":73,"column":8},"end":{"line":75,"column":9}}],"line":73},"16":{"loc":{"start":{"line":76,"column":8},"end":{"line":78,"column":9}},"type":"if","locations":[{"start":{"line":76,"column":8},"end":{"line":78,"column":9}},{"start":{"line":76,"column":8},"end":{"line":78,"column":9}}],"line":76},"17":{"loc":{"start":{"line":80,"column":6},"end":{"line":86,"column":7}},"type":"if","locations":[{"start":{"line":80,"column":6},"end":{"line":86,"column":7}},{"start":{"line":80,"column":6},"end":{"line":86,"column":7}}],"line":80},"18":{"loc":{"start":{"line":80,"column":10},"end":{"line":80,"column":121}},"type":"binary-expr","locations":[{"start":{"line":80,"column":10},"end":{"line":80,"column":28}},{"start":{"line":80,"column":33},"end":{"line":80,"column":73}},{"start":{"line":80,"column":77},"end":{"line":80,"column":120}}],"line":80},"19":{"loc":{"start":{"line":83,"column":8},"end":{"line":85,"column":9}},"type":"if","locations":[{"start":{"line":83,"column":8},"end":{"line":85,"column":9}},{"start":{"line":83,"column":8},"end":{"line":85,"column":9}}],"line":83},"20":{"loc":{"start":{"line":87,"column":6},"end":{"line":96,"column":7}},"type":"if","locations":[{"start":{"line":87,"column":6},"end":{"line":96,"column":7}},{"start":{"line":87,"column":6},"end":{"line":96,"column":7}}],"line":87},"21":{"loc":{"start":{"line":87,"column":10},"end":{"line":87,"column":139}},"type":"binary-expr","locations":[{"start":{"line":87,"column":10},"end":{"line":87,"column":28}},{"start":{"line":87,"column":33},"end":{"line":87,"column":61}},{"start":{"line":87,"column":65},"end":{"line":87,"column":138}}],"line":87},"22":{"loc":{"start":{"line":87,"column":67},"end":{"line":87,"column":137}},"type":"binary-expr","locations":[{"start":{"line":87,"column":67},"end":{"line":87,"column":98}},{"start":{"line":87,"column":102},"end":{"line":87,"column":137}}],"line":87},"23":{"loc":{"start":{"line":90,"column":8},"end":{"line":92,"column":9}},"type":"if","locations":[{"start":{"line":90,"column":8},"end":{"line":92,"column":9}},{"start":{"line":90,"column":8},"end":{"line":92,"column":9}}],"line":90},"24":{"loc":{"start":{"line":93,"column":8},"end":{"line":95,"column":9}},"type":"if","locations":[{"start":{"line":93,"column":8},"end":{"line":95,"column":9}},{"start":{"line":93,"column":8},"end":{"line":95,"column":9}}],"line":93},"25":{"loc":{"start":{"line":97,"column":6},"end":{"line":99,"column":7}},"type":"if","locations":[{"start":{"line":97,"column":6},"end":{"line":99,"column":7}},{"start":{"line":97,"column":6},"end":{"line":99,"column":7}}],"line":97}},"s":{"0":1,"1":1,"2":1,"3":1,"4":1,"5":1,"6":1,"7":1,"8":1,"9":1,"10":1,"11":0,"12":1,"13":1,"14":1,"15":1,"16":0,"17":0,"18":1,"19":0,"20":1,"21":9,"22":9,"23":9,"24":0,"25":0,"26":9,"27":1,"28":1,"29":9,"30":0,"31":0,"32":9,"33":0,"34":0,"35":9,"36":0,"37":9,"38":1,"39":1,"40":1,"41":0,"42":9,"43":1,"44":1,"45":1,"46":0,"47":9,"48":1,"49":1,"50":1,"51":0,"52":9,"53":1,"54":1,"55":1,"56":1,"57":0,"58":9,"59":5,"60":4,"61":1,"62":1},"f":{"0":1,"1":1,"2":1,"3":0,"4":1,"5":0,"6":9},"b":{"0":[1,1],"1":[1,0],"2":[0,1],"3":[1,0],"4":[0,0],"5":[0,9],"6":[1,8],"7":[0,9],"8":[0,9],"9":[0,9],"10":[1,8],"11":[9,8,7],"12":[0,1],"13":[1,8],"14":[9,9,8],"15":[1,0],"16":[0,1],"17":[1,8],"18":[9,9,8],"19":[0,1],"20":[1,8],"21":[9,9,8],"22":[8,8],"23":[1,0],"24":[0,1],"25":[5,4]},"_coverageSchema":"332fd63041d2c1bcb487cc26dd0d5f7d97098a6c","hash":"93918335a4ff162a09cd77d0959aecb9cea5573a","contentHash":"a5dba1d3056db7a9292809656cd4da01_11.2.1"},"/Users/andeladeveloper/Desktop/Worklist/server/routes/todo.js":{"path":"/Users/andeladeveloper/Desktop/Worklist/server/routes/todo.js","statementMap":{"0":{"start":{"line":3,"column":0},"end":{"line":5,"column":3}},"1":{"start":{"line":7,"column":15},"end":{"line":7,"column":33}},"2":{"start":{"line":9,"column":16},"end":{"line":9,"column":48}},"3":{"start":{"line":11,"column":27},"end":{"line":11,"column":72}},"4":{"start":{"line":13,"column":28},"end":{"line":13,"column":72}},"5":{"start":{"line":15,"column":27},"end":{"line":15,"column":72}},"6":{"start":{"line":17,"column":28},"end":{"line":17,"column":72}},"7":{"start":{"line":19,"column":21},"end":{"line":19,"column":60}},"8":{"start":{"line":21,"column":22},"end":{"line":21,"column":60}},"9":{"start":{"line":23,"column":39},"end":{"line":23,"column":93}},"10":{"start":{"line":25,"column":11},"end":{"line":25,"column":37}},"11":{"start":{"line":27,"column":0},"end":{"line":27,"column":166}},"12":{"start":{"line":28,"column":0},"end":{"line":28,"column":106}},"13":{"start":{"line":29,"column":0},"end":{"line":29,"column":188}},"14":{"start":{"line":30,"column":0},"end":{"line":30,"column":206}},"15":{"start":{"line":31,"column":0},"end":{"line":31,"column":199}},"16":{"start":{"line":32,"column":0},"end":{"line":32,"column":23}}},"fnMap":{"0":{"name":"_interopRequireDefault","decl":{"start":{"line":23,"column":9},"end":{"line":23,"column":31}},"loc":{"start":{"line":23,"column":37},"end":{"line":23,"column":95}},"line":23}},"branchMap":{"0":{"loc":{"start":{"line":23,"column":46},"end":{"line":23,"column":92}},"type":"cond-expr","locations":[{"start":{"line":23,"column":70},"end":{"line":23,"column":73}},{"start":{"line":23,"column":76},"end":{"line":23,"column":92}}],"line":23},"1":{"loc":{"start":{"line":23,"column":46},"end":{"line":23,"column":67}},"type":"binary-expr","locations":[{"start":{"line":23,"column":46},"end":{"line":23,"column":49}},{"start":{"line":23,"column":53},"end":{"line":23,"column":67}}],"line":23}},"s":{"0":1,"1":1,"2":1,"3":1,"4":1,"5":1,"6":1,"7":1,"8":1,"9":4,"10":1,"11":1,"12":1,"13":1,"14":1,"15":1,"16":1},"f":{"0":4},"b":{"0":[3,1],"1":[4,4]},"_coverageSchema":"332fd63041d2c1bcb487cc26dd0d5f7d97098a6c","hash":"54562b7a6881d74f92ea813eaf90d9061bb358e3","contentHash":"8c26fcc89a17e4f3005a43278ae3e31a_11.2.1"},"/Users/andeladeveloper/Desktop/Worklist/server/controllers/TodoListControllers.js":{"path":"/Users/andeladeveloper/Desktop/Worklist/server/controllers/TodoListControllers.js","statementMap":{"0":{"start":{"line":3,"column":0},"end":{"line":5,"column":3}},"1":{"start":{"line":7,"column":19},"end":{"line":7,"column":563}},"2":{"start":{"line":7,"column":76},"end":{"line":7,"column":347}},"3":{"start":{"line":7,"column":134},"end":{"line":7,"column":142}},"4":{"start":{"line":7,"column":144},"end":{"line":7,"column":199}},"5":{"start":{"line":7,"column":200},"end":{"line":7,"column":231}},"6":{"start":{"line":7,"column":232},"end":{"line":7,"column":286}},"7":{"start":{"line":7,"column":259},"end":{"line":7,"column":286}},"8":{"start":{"line":7,"column":287},"end":{"line":7,"column":345}},"9":{"start":{"line":7,"column":350},"end":{"line":7,"column":559}},"10":{"start":{"line":7,"column":407},"end":{"line":7,"column":475}},"11":{"start":{"line":7,"column":423},"end":{"line":7,"column":475}},"12":{"start":{"line":7,"column":476},"end":{"line":7,"column":536}},"13":{"start":{"line":7,"column":493},"end":{"line":7,"column":536}},"14":{"start":{"line":7,"column":537},"end":{"line":7,"column":556}},"15":{"start":{"line":9,"column":16},"end":{"line":9,"column":45}},"16":{"start":{"line":11,"column":17},"end":{"line":11,"column":50}},"17":{"start":{"line":13,"column":15},"end":{"line":13,"column":36}},"18":{"start":{"line":15,"column":39},"end":{"line":15,"column":93}},"19":{"start":{"line":17,"column":50},"end":{"line":17,"column":151}},"20":{"start":{"line":17,"column":92},"end":{"line":17,"column":149}},"21":{"start":{"line":23,"column":26},"end":{"line":157,"column":3}},"22":{"start":{"line":25,"column":4},"end":{"line":25,"column":47}},"23":{"start":{"line":28,"column":2},"end":{"line":154,"column":6}},"24":{"start":{"line":40,"column":6},"end":{"line":50,"column":9}},"25":{"start":{"line":46,"column":8},"end":{"line":48,"column":9}},"26":{"start":{"line":47,"column":10},"end":{"line":47,"column":85}},"27":{"start":{"line":49,"column":8},"end":{"line":49,"column":69}},"28":{"start":{"line":65,"column":6},"end":{"line":76,"column":9}},"29":{"start":{"line":66,"column":8},"end":{"line":68,"column":9}},"30":{"start":{"line":67,"column":10},"end":{"line":67,"column":85}},"31":{"start":{"line":69,"column":8},"end":{"line":69,"column":34}},"32":{"start":{"line":70,"column":8},"end":{"line":75,"column":11}},"33":{"start":{"line":71,"column":10},"end":{"line":73,"column":11}},"34":{"start":{"line":72,"column":12},"end":{"line":72,"column":87}},"35":{"start":{"line":74,"column":10},"end":{"line":74,"column":78}},"36":{"start":{"line":91,"column":6},"end":{"line":102,"column":9}},"37":{"start":{"line":92,"column":8},"end":{"line":94,"column":9}},"38":{"start":{"line":93,"column":10},"end":{"line":93,"column":85}},"39":{"start":{"line":95,"column":8},"end":{"line":95,"column":51}},"40":{"start":{"line":96,"column":8},"end":{"line":101,"column":11}},"41":{"start":{"line":97,"column":10},"end":{"line":99,"column":11}},"42":{"start":{"line":98,"column":12},"end":{"line":98,"column":87}},"43":{"start":{"line":100,"column":10},"end":{"line":100,"column":78}},"44":{"start":{"line":117,"column":6},"end":{"line":122,"column":9}},"45":{"start":{"line":118,"column":8},"end":{"line":120,"column":9}},"46":{"start":{"line":119,"column":10},"end":{"line":119,"column":85}},"47":{"start":{"line":121,"column":8},"end":{"line":121,"column":74}},"48":{"start":{"line":137,"column":6},"end":{"line":152,"column":9}},"49":{"start":{
[...]
6,"35":0,"36":1,"37":1},"f":{"0":1,"1":1,"2":1,"3":2,"4":0,"5":1,"6":0,"7":16,"8":16},"b":{"0":[1,1],"1":[1,0],"2":[0,1],"3":[1,0],"4":[0,2],"5":[2,2],"6":[0,0],"7":[16,16],"8":[16,0],"9":[0,16]},"_coverageSchema":"332fd63041d2c1bcb487cc26dd0d5f7d97098a6c","hash":"5002c78594c910dda570596c5d0d73eb8538fb09","contentHash":"c0b6ba43b085a27eff1228472eb8f18d_11.2.1"},"/Users/andeladeveloper/Desktop/Worklist/server/test/controllers/users.spec.js":{"path":"/Users/andeladeveloper/Desktop/Worklist/server/test/controllers/users.spec.js","statementMap":{"0":{"start":{"line":3,"column":17},"end":{"line":3,"column":37}},"1":{"start":{"line":5,"column":18},"end":{"line":5,"column":52}},"2":{"start":{"line":7,"column":0},"end":{"line":7,"column":17}},"3":{"start":{"line":9,"column":0},"end":{"line":9,"column":16}},"4":{"start":{"line":11,"column":14},"end":{"line":11,"column":31}},"5":{"start":{"line":13,"column":15},"end":{"line":13,"column":46}},"6":{"start":{"line":15,"column":20},"end":{"line":15,"column":43}},"7":{"start":{"line":17,"column":21},"end":{"line":17,"column":58}},"8":{"start":{"line":19,"column":14},"end":{"line":19,"column":31}},"9":{"start":{"line":21,"column":15},"end":{"line":21,"column":46}},"10":{"start":{"line":23,"column":11},"end":{"line":23,"column":31}},"11":{"start":{"line":25,"column":12},"end":{"line":25,"column":40}},"12":{"start":{"line":27,"column":12},"end":{"line":27,"column":40}},"13":{"start":{"line":29,"column":13},"end":{"line":29,"column":42}},"14":{"start":{"line":31,"column":39},"end":{"line":31,"column":93}},"15":{"start":{"line":33,"column":13},"end":{"line":33,"column":53}},"16":{"start":{"line":35,"column":0},"end":{"line":40,"column":3}},"17":{"start":{"line":36,"column":2},"end":{"line":38,"column":5}},"18":{"start":{"line":37,"column":4},"end":{"line":37,"column":30}},"19":{"start":{"line":37,"column":13},"end":{"line":37,"column":30}},"20":{"start":{"line":39,"column":2},"end":{"line":39,"column":9}},"21":{"start":{"line":41,"column":0},"end":{"line":231,"column":3}},"22":{"start":{"line":44,"column":2},"end":{"line":154,"column":5}},"23":{"start":{"line":45,"column":4},"end":{"line":61,"column":7}},"24":{"start":{"line":46,"column":6},"end":{"line":60,"column":9}},"25":{"start":{"line":52,"column":26},"end":{"line":52,"column":71}},"26":{"start":{"line":53,"column":8},"end":{"line":53,"column":37}},"27":{"start":{"line":54,"column":8},"end":{"line":54,"column":44}},"28":{"start":{"line":55,"column":8},"end":{"line":55,"column":84}},"29":{"start":{"line":56,"column":8},"end":{"line":56,"column":83}},"30":{"start":{"line":57,"column":8},"end":{"line":57,"column":89}},"31":{"start":{"line":58,"column":8},"end":{"line":58,"column":34}},"32":{"start":{"line":58,"column":17},"end":{"line":58,"column":34}},"33":{"start":{"line":59,"column":8},"end":{"line":59,"column":15}},"34":{"start":{"line":63,"column":4},"end":{"line":76,"column":7}},"35":{"start":{"line":64,"column":6},"end":{"line":75,"column":9}},"36":{"start":{"line":70,"column":8},"end":{"line":70,"column":55}},"37":{"start":{"line":71,"column":8},"end":{"line":71,"column":63}},"38":{"start":{"line":72,"column":8},"end":{"line":72,"column":86}},"39":{"start":{"line":73,"column":8},"end":{"line":73,"column":34}},"40":{"start":{"line":73,"column":17},"end":{"line":73,"column":34}},"41":{"start":{"line":74,"column":8},"end":{"line":74,"column":15}},"42":{"start":{"line":77,"column":4},"end":{"line":90,"column":7}},"43":{"start":{"line":78,"column":6},"end":{"line":89,"column":9}},"44":{"start":{"line":84,"column":8},"end":{"line":84,"column":55}},"45":{"start":{"line":85,"column":8},"end":{"line":85,"column":63}},"46":{"start":{"line":86,"column":8},"end":{"line":86,"column":89}},"47":{"start":{"line":87,"column":8},"end":{"line":87,"column":34}},"48":{"start":{"line":87,"column":17},"end":{"line":87,"column":34}},"49":{"start":{"line":88,"column":8},"end":{"line":88,"column":15}},"50":{"start":{"line":92,"column":4},"end":{"line":103,"column":7}},"51":{"start":{"line":93,"column":6},"end":{"line":102,"column":9}},"52":{"start":{"line":99,"column":8},"end":{"line":99,"column":55}},"53":{"start":{"line":100,"column":8},"end":{"line":100,"column":63}},"54":{"start":{"line":101,"column":8},"end":{"line":101,"column":18}},"55":{"start":{"line":104,"column":4},"end":{"line":114,"column":7}},"56":{"start":{"line":105,"column":6},"end":{"line":113,"column":9}},"57":{"start":{"line":111,"column":8},"end":{"line":111,"column":63}},"58":{"start":{"line":112,"column":8},"end":{"line":112,"column":18}},"59":{"start":{"line":115,"column":4},"end":{"line":127,"column":7}},"60":{"start":{"line":116,"column":6},"end":{"line":126,"column":9}},"61":{"start":{"line":122,"column":8},"end":{"line":122,"column":55}},"62":{"start":{"line":123,"column":8},"end":{"line":123,"column":63}},"63":{"start":{"line":124,"column":8},"end":{"line":124,"column":85}},"64":{"start":{"line":125,"column":8},"end":{"line":125,"column":18}},"65":{"start":{"line":128,"column":4},"end":{"line":139,"column":7}},"66":{"start":{"line":129,"column":6},"end":{"line":138,"column":9}},"67":{"start":{"line":135,"column":8},"end":{"line":135,"column":63}},"68":{"start":{"line":136,"column":8},"end":{"line":136,"column":179}},"69":{"start":{"line":137,"column":8},"end":{"line":137,"column":18}},"70":{"start":{"line":141,"column":4},"end":{"line":153,"column":7}},"71":{"start":{"line":142,"column":6},"end":{"line":152,"column":9}},"72":{"start":{"line":147,"column":8},"end":{"line":147,"column":55}},"73":{"start":{"line":148,"column":8},"end":{"line":148,"column":63}},"74":{"start":{"line":149,"column":8},"end":{"line":149,"column":86}},"75":{"start":{"line":150,"column":8},"end":{"line":150,"column":34}},"76":{"start":{"line":150,"column":17},"end":{"line":150,"column":34}},"77":{"start":{"line":151,"column":8},"end":{"line":151,"column":15}},"78":{"start":{"line":155,"column":2},"end":{"line":230,"column":5}},"79":{"start":{"line":156,"column":4},"end":{"line":229,"column":7}},"80":{"start":{"line":157,"column":6},"end":{"line":168,"column":9}},"81":{"start":{"line":158,"column":8},"end":{"line":167,"column":11}},"82":{"start":{"line":162,"column":10},"end":{"line":162,"column":12}},"83":{"start":{"line":163,"column":10},"end":{"line":163,"column":57}},"84":{"start":{"line":164,"column":10},"end":{"line":164,"column":64}},"85":{"start":{"line":165,"column":10},"end":{"line":165,"column":119}},"86":{"start":{"line":166,"column":10},"end":{"line":166,"column":17}},"87":{"start":{"line":170,"column":6},"end":{"line":179,"column":9}},"88":{"start":{"line":171,"column":8},"end":{"line":178,"column":11}},"89":{"start":{"line":175,"column":10},"end":{"line":175,"column":57}},"90":{"start":{"line":176,"column":10},"end":{"line":176,"column":96}},"91":{"start":{"line":177,"column":10},"end":{"line":177,"column":17}},"92":{"start":{"line":181,"column":6},"end":{"line":187,"column":9}},"93":{"start":{"line":182,"column":8},"end":{"line":186,"column":11}},"94":{"start":{"line":183,"column":10},"end":{"line":183,"column":57}},"95":{"start":{"line":184,"column":10},"end":{"line":184,"column":96}},"96":{"start":{"line":185,"column":10},"end":{"line":185,"column":17}},"97":{"start":{"line":189,"column":6},"end":{"line":195,"column":9}},"98":{"start":{"line":190,"column":8},"end":{"line":194,"column":11}},"99":{"start":{"line":191,"column":10},"end":{"line":191,"column":57}},"100":{"start":{"line":192,"column":10},"end":{"line":192,"column":110}},"101":{"start":{"line":193,"column":10},"end":{"line":193,"column":17}},"102":{"start":{"line":196,"column":6},"end":{"line":206,"column":9}},"103":{"start":{"line":197,"column":8},"end":{"line":205,"column":11}},"104":{"start":{"line":200,"column":10},"end":{"line":200,"column":57}},"105":{"start":{"line":201,"column":10},"end":{"line":201,"column":65}},"106":{"start":{"line":202,"column":10},"end":{"line":202,"column":81}},"107":{"start":{"line":203,"column":10},"end":{"line":203,"column":36}},"108":{"start":{"line":203,"column":19},"end":{"line":203,"column":36}},"109":{"start":{"line":204,"column":10},"end":{"line":204,"column":17}},"110":{"start":{"line":207,"column":6},"end":{"line":217,"column":9}},"111":{"start":{"line":208,"column":8},"end":{"line":216,"column":11}},"112":{"start":{"line":211,"column":10},"end":{"line":211,"column":57}},"113":{"start":{"line":212,"column":10},"end":{"line":212,"column":64}},"114":{"start":{"line":213,"column":10},"end":{"line":213,"column":67}},"115":{"start":{"line":214,"column":10},"end":{"line":214,"column":36}},"116":{"start":{"line":214,"column":19},"end":{"line":214,"column":36}},"117":{"start":{"line":215,"column":10},"end":{"line":215,"column":17}},"118":{"start":{"line":218,"column":6},"end":{"line":228,"column":9}},"119":{"start":{"line":219,"column":8},"end":{"line":227,"column":11}},"120":{"start":{"line":222,"column":10},"end":{"line":222,"column":57}},"121":{"start":{"line":223,"column":10},"end":{"line":223,"column":64}},"122":{"start":{"line":224,"column":10},"end":{"line":224,"column":120}},"123":{"start":{"line":225,"column":10},"end":{"line":225,"column":36}},"124":{"start":{"line":225,"column":19},"end":{"line":225,"column":36}},"125":{"start":{"line":226,"column":10},"end":{"line":226,"column":17}}},"fnMap":{"0":{"name":"_interopRequireDefault","decl":{"start":{"line":31,"column":9},"end":{"line":31,"column":31}},"loc":{"start":{"line":31,"column":37},"end":{"line":31,"column":95}},"line":31},"1":{"name":"(anonymous_1)","decl":{"start":{"line":35,"column":7},"end":{"line":35,"column":8}},"loc":{"start":{"line":35,"column":23},"end":{"line":40,"column":1}},"line":35},"2":{"name":"(anonymous_2)","decl":{"start":{"line":36,"column":28},"end":{"line":36,"column":29}},"loc":{"start":{"line":36,"column":43},"end":{"line":38,"column":3}},"line":36},"3":{"name":"(anonymous_3)","decl":{"start":{"line":41,"column":21},"end":{"line":41,"column":22}},"loc":{"start":{"line":41,"column":33},"end":{"line":231,"column":1}},"line":41},"4":{"name":"(anonymous_4)","decl":{"start":{"line":44,"column":26},"end":{"line":44,"column":27}},"loc":{"start":{"line":44,"column":38},"end":{"line":154,"column":3}},"line":44},"5":{"name":"(anonymous_5)","decl":{"start":{"line":45,"column":33},"end":{"line":45,"column":34}},"loc":{"start":{"line":45,"column":49},"end":{"line":61,"column":5}},"line":45},"6":{"name":"(anonymous_6)","decl":{"start":{"line":51,"column":44},"end":{"line":51,"column":45}},"loc":{"start":{"line":51,"column":64},"end":{"line":60,"column":7}},"line":51},"7":{"name":"(anonymous_7)","decl":{"start":{"line":63,"column":53},"end":{"line":63,"column":54}},"loc":{"start":{"line":63,"column":69},"end":{"line":76,"column":5}},"line":63},"8":{"name":"(anonymous_8)","decl":{"start":{"line":69,"column":13},"end":{"line":69,"column":14}},"loc":{"start":{"line":69,"column":33},"end":{"line":75,"column":7}},"line":69},"9":{"name":"(anonymous_9)","decl":{"start":{"line":77,"column":56},"end":{"line":77,"column":57}},"loc":{"start":{"line":77,"column":72},"end":{"line":90,"column":5}},"line":77},"10":{"name":"(anonymous_10)","decl":{"start":{"line":83,"column":13},"end":{"line":83,"column":14}},"loc":{"start":{"line":83,"column":33},"end":{"line":89,"column":7}},"line":83},"11":{"name":"(anonymous_11)","decl":{"start":{"line":92,"column":76},"end":{"line":92,"column":77}},"loc":{"start":{"line":92,"column":92},"end":{"line":103,"column":5}},"line":92},"12":{"name":"(anonymous_12)","decl":{"start":{"line":98,"column":25},"end":{"line":98,"column":26}},"loc":{"start":{"line":98,"column":45},"end":{"line":102,"column":7}},"line":98},"13":{"name":"(anonymous_13)","decl":{"start":{"line":104,"column":69},"end":{"line":104,"column":70}},"loc":{"start":{"line":104,"column":85},"end":{"line":114,"column":5}},"line":104},"14":{"name":"(anonymous_14)","decl":{"start":{"line":110,"column":25},"end":{"line":110,"column":26}},"loc":{"start":{"line":110,"column":45},"end":{"line":113,"column":7}},"line":110},"15":{"name":"(anonymous_15)","decl":{"start":{"line":115,"column":56},"end":{"line":115,"column":57}},"loc":{"start":{"line":115,"column":72},"end":{"line":127,"column":5}},"line":115},"16":{"name":"(anonymous_16)","decl":{"start":{"line":121,"column":25},"end":{"line":121,"column":26}},"loc":{"start":{"line":121,"column":45},"end":{"line":126,"column":7}},"line":121},"17":{"name":"(anonymous_17)","decl":{"start":{"line":128,"column":60},"end":{"line":128,"column":61}},"loc":{"start":{"line":128,"column":76},"end":{"line":139,"column":5}},"line":128},"18":{"name":"(anonymous_18)","decl":{"start":{"line":134,"column":25},"end":{"line":134,"column":26}},"loc":{"start":{"line":134,"column":45},"end":{"line":138,"column":7}},"line":134},"19":{"name":"(anonymous_19)","decl":{"start":{"line":141,"column":54},"end":{"line":141,"column":55}},"loc":{"start":{"line":141,"column":70},"end":{"line":153,"column":5}},"line":141},"20":{"name":"(anonymous_20)","decl":{"start":{"line":146,"column":44},"end":{"line":146,"column":45}},"loc":{"start":{"line":146,"column":64},"end":{"line":152,"column":7}},"line":146},"21":{"name":"(anonymous_21)","decl":{"start":{"line":155,"column":29},"end":{"line":155,"column":30}},"loc":{"start":{"line":155,"column":41},"end":{"line":230,"column":3}},"line":155},"22":{"name":"(anonymous_22)","decl":{"start":{"line":156,"column":36},"end":{"line":156,"column":37}},"loc":{"start":{"line":156,"column":48},"end":{"line":229,"column":5}},"line":156},"23":{"name":"(anonymous_23)","decl":{"start":{"line":157,"column":41},"end":{"line":157,"column":42}},"loc":{"start":{"line":157,"column":57},"end":{"line":168,"column":7}},"line":157},"24":{"name":"(anonymous_24)","decl":{"start":{"line":161,"column":15},"end":{"line":161,"column":16}},"loc":{"start":{"line":161,"column":35},"end":{"line":167,"column":9}},"line":161},"25":{"name":"(anonymous_25)","decl":{"start":{"line":170,"column":57},"end":{"line":170,"column":58}},"loc":{"start":{"line":170,"column":73},"end":{"line":179,"column":7}},"line":170},"26":{"name":"(anonymous_26)","decl":{"start":{"line":174,"column":15},"end":{"line":174,"column":16}},"loc":{"start":{"line":174,"column":35},"end":{"line":178,"column":9}},"line":174},"27":{"name":"(anonymous_27)","decl":{"start":{"line":181,"column":57},"end":{"line":181,"column":58}},"loc":{"start":{"line":181,"column":73},"end":{"line":187,"column":7}},"line":181},"28":{"name":"(anonymous_28)","decl":{"start":{"line":182,"column":99},"end":{"line":182,"column":100}},"loc":{"start":{"line":182,"column":119},"end":{"line":186,"column":9}},"line":182},"29":{"name":"(anonymous_29)","decl":{"start":{"line":189,"column":77},"end":{"line":189,"column":78}},"loc":{"start":{"line":189,"column":93},"end":{"line":195,"column":7}},"line":189},"30":{"name":"(anonymous_30)","decl":{"start":{"line":190,"column":57},"end":{"line":190,"column":58}},"loc":{"start":{"line":190,"column":77},"end":{"line":194,"column":9}},"line":190},"31":{"name":"(anonymous_31)","decl":{"start":{"line":196,"column":76},"end":{"line":196,"column":77}},"loc":{"start":{"line":196,"column":92},"end":{"line":206,"column":7}},"line":196},"32":{"name":"(anonymous_32)","decl":{"start":{"line":199,"column":46},"end":{"line":199,"column":47}},"loc":{"start":{"line":199,"column":66},"end":{"line":205,"column":9}},"line":199},"33":{"name":"(anonymous_33)","decl":{"start":{"line":207,"column":106},"end":{"line":207,"column":107}},"loc":{"start":{"line":207,"column":122},"end":{"line":217,"column":7}},"line":207},"34":{"name":"(anonymous_34)","decl":{"start":{"line":210,"column":46},"end":{"line":210,"column":47}},"loc":{"start":{"line":210,"column":66},"end":{"line":216,"column":9}},"line":210},"35":{"name":"(anonymous_35)","decl":{"start":{"line":218,"column":55},"end":{"line":218,"column":56}},"loc":{"start":{"line":218,"column":71},"end":{"line":228,"column":7}},"line":218},"36":{"name":"(anonymous_36)","decl":{"start":{"line":221,"column":46},"end":{"line":221,"column":47}},"loc":{"start":{"line":221,"column":66},"end":{"line":227,"column":9}},"line":221}},"branchMap":{"0":{"loc":{"start":{"line":31,"column":46},"end":{"line":31,"column":92}},"type":"cond-expr","locations":[{"start":{"line":31,"column":70},"end":{"line":31,"column":73}},{"start":{"line":31,"column":76},"end":{"line":31,"column":92}}],"line":31},"1":{"loc":{"start":{"line":31,"column":46},"end":{"line":31,"column":67}},"type":"binary-expr","locations":[{"start":{"line":31,"column":46},"end":{"line":31,"column":49}},{"start":{"line":31,"column":53},"end":{"line":31,"column":67}}],"line":31},"2":{"loc":{"start":{"line":37,"column":4},"end":{"line":37,"column":30}},"type":"if","locations":[{"start":{"line":37,"column":4},"end":{"line":37,"column":30}},{"start":{"line":37,"column":4},"end":{"line":37,"column":30}}],"line":37},"3":{"loc":{"start":{"line":58,"column":8},"end":{"line":58,"column":34}},"type":"if","locations":[{"start":{"line":58,"column":8},"end":{"line":58,"column":34}},{"start":{"line":58,"column":8},"end":{"line":58,"column":34}}],"line":58},"4":{"loc":{"start":{"line":73,"column":8},"end":{"line":73,"column":34}},"type":"if","locations":[{"start":{"line":73,"column":8},"end":{"line":73,"column":34}},{"start":{"line":73,"column":8},"end":{"line":73,"column":34}}],"line":73},"5":{"loc":{"start":{"line":87,"column":8},"end":{"line":87,"column":34}},"type":"if","locations":[{"start":{"line":87,"column":8},"end":{"line":87,"column":34}},{"start":{"line":87,"column":8},"end":{"line":87,"column":34}}],"line":87},"6":{"loc":{"start":{"line":150,"column":8},"end":{"line":150,"column":34}},"type":"if","locations":[{"start":{"line":150,"column":8},"end":{"line":150,"column":34}},{"start":{"line":150,"column":8},"end":{"line":150,"column":34}}],"line":150},"7":{"loc":{"start":{"line":203,"column":10},"end":{"line":203,"column":36}},"type":"if","locations":[{"start":{"line":203,"column":10},"end":{"line":203,"column":36}},{"start":{"line":203,"column":10},"end":{"line":203,"column":36}}],"line":203},"8":{"loc":{"start":{"line":214,"column":10},"end":{"line":214,"column":36}},"type":"if","locations":[{"start":{"line":214,"column":10},"end":{"line":214,"column":36}},{"start":{"line":214,"column":10},"end":{"line":214,"column":36}}],"line":214},"9":{"loc":{"start":{"line":225,"column":10},"end":{"line":225,"column":36}},"type":"if","locations":[{"start":{"line":225,"column":10},"end":{"line":225,"column":36}},{"start":{"line":225,"column":10},"end":{"line":225,"column":36}}],"line":225}},"s":{"0":1,"1":1,"2":1,"3":1,"4":1,"5":1,"6":1,"7":1,"8":1,"9":1,"10":1,"11":1,"12":1,"13":1,"14":6,"15":1,"16":1,"17":1,"18":1,"19":0,"20":1,"21":1,"22":1,"23":1,"24":1,"25":1,"26":1,"27":1,"28":1,"29":1,"30":1,"31":1,"32":0,"33":1,"34":1,"35":1,"36":1,"37":1,"38":1,"39":1,"40":0,"41":1,"42":1,"43":1,"44":1,"45":1,"46":1,"47":1,"48":0,"49":1,"50":1,"51":1,"52":1,"53":1,"54":1,"55":1,"56":1,"57":1,"58":1,"59":1,"60":1,"61":1,"62":1,"63":1,"64":1,"65":1,"66":1,"67":1,"68":1,"69":1,"70":1,"71":1,"72":1,"73":1,"74":1,"75":1,"76":0,"77":1,"78":1,"79":1,"80":1,"81":1,"82":1,"83":1,"84":1,"85":1,"86":1,"87":1,"88":1,"89":1,"90":1,"91":1,"92":1,"93":1,"94":1,"95":1,"96":1,"97":1,"98":1,"99":1,"100":1,"101":1,"102":1,"103":1,"104":1,"105":1,"106":1,"107":1,"108":0,"109":1,"110":1,"111":1,"112":1,"113":1,"114":1,"115":1,"116":0,"117":1,"118":1,"119":1,"120":1,"121":1,"122":1,"123":1,"124":0,"125":1},"f":{"0":6,"1":1,"2":1,"3":1,"4":1,"5":1,"6":1,"7":1,"8":1,"9":1,"10":1,"11":1,"12":1,"13":1,"14":1,"15":1,"16":1,"17":1,"18":1,"19":1,"20":1,"21":1,"22":1,"23":1,"24":1,"25":1,"26":1,"27":1,"28":1,"29":1,"30":1,"31":1,"32":1,"33":1,"34":1,"35":1,"36":1},"b":{"0":[2,4],"1":[6,6],"2":[0,1],"3":[0,1],"4":[0,1],"5":[0,1],"6":[0,1],"7":[0,1],"8":[0,1],"9":[0,1]},"_coverageSchema":"332fd63041d2c1bcb487cc26dd0d5f7d97098a6c","hash":"c9dad87efa19e2318450d4494b0eb7093843800a","contentHash":"541b53a42fbc2f15fb3fd5d003e42341_11.2.1"}}