{"/Users/andeladeveloper/Desktop/Worklist/server/test/controllers/todolists.spec.js":{"path":"/Users/andeladeveloper/Desktop/Worklist/server/test/controllers/todolists.spec.js","statementMap":{"0":{"start":{"line":3,"column":17},"end":{"line":3,"column":37}},"1":{"start":{"line":5,"column":18},"end":{"line":5,"column":52}},"2":{"start":{"line":7,"column":0},"end":{"line":7,"column":17}},"3":{"start":{"line":9,"column":0},"end":{"line":9,"column":16}},"4":{"start":{"line":11,"column":14},"end":{"line":11,"column":31}},"5":{"start":{"line":13,"column":15},"end":{"line":13,"column":46}},"6":{"start":{"line":15,"column":11},"end":{"line":15,"column":31}},"7":{"start":{"line":17,"column":12},"end":{"line":17,"column":40}},"8":{"start":{"line":19,"column":39},"end":{"line":19,"column":93}},"9":{"start":{"line":21,"column":13},"end":{"line":21,"column":53}},"10":{"start":{"line":22,"column":19},"end":{"line":22,"column":28}},"11":{"start":{"line":23,"column":13},"end":{"line":23,"column":19}},"12":{"start":{"line":24,"column":13},"end":{"line":24,"column":19}},"13":{"start":{"line":25,"column":15},"end":{"line":25,"column":21}},"14":{"start":{"line":26,"column":16},"end":{"line":26,"column":34}},"15":{"start":{"line":27,"column":17},"end":{"line":27,"column":43}},"16":{"start":{"line":29,"column":0},"end":{"line":320,"column":3}},"17":{"start":{"line":30,"column":2},"end":{"line":47,"column":5}},"18":{"start":{"line":31,"column":4},"end":{"line":46,"column":7}},"19":{"start":{"line":37,"column":6},"end":{"line":37,"column":37}},"20":{"start":{"line":38,"column":6},"end":{"line":45,"column":9}},"21":{"start":{"line":44,"column":8},"end":{"line":44,"column":15}},"22":{"start":{"line":48,"column":2},"end":{"line":245,"column":5}},"23":{"start":{"line":49,"column":4},"end":{"line":61,"column":7}},"24":{"start":{"line":50,"column":6},"end":{"line":60,"column":9}},"25":{"start":{"line":53,"column":8},"end":{"line":53,"column":35}},"26":{"start":{"line":54,"column":8},"end":{"line":54,"column":55}},"27":{"start":{"line":55,"column":8},"end":{"line":55,"column":62}},"28":{"start":{"line":56,"column":8},"end":{"line":56,"column":68}},"29":{"start":{"line":57,"column":8},"end":{"line":57,"column":78}},"30":{"start":{"line":58,"column":8},"end":{"line":58,"column":34}},"31":{"start":{"line":58,"column":17},"end":{"line":58,"column":34}},"32":{"start":{"line":59,"column":8},"end":{"line":59,"column":15}},"33":{"start":{"line":62,"column":4},"end":{"line":72,"column":7}},"34":{"start":{"line":63,"column":6},"end":{"line":71,"column":9}},"35":{"start":{"line":66,"column":8},"end":{"line":66,"column":55}},"36":{"start":{"line":67,"column":8},"end":{"line":67,"column":63}},"37":{"start":{"line":68,"column":8},"end":{"line":68,"column":95}},"38":{"start":{"line":69,"column":8},"end":{"line":69,"column":34}},"39":{"start":{"line":69,"column":17},"end":{"line":69,"column":34}},"40":{"start":{"line":70,"column":8},"end":{"line":70,"column":15}},"41":{"start":{"line":73,"column":4},"end":{"line":81,"column":7}},"42":{"start":{"line":74,"column":6},"end":{"line":80,"column":9}},"43":{"start":{"line":75,"column":8},"end":{"line":75,"column":55}},"44":{"start":{"line":76,"column":8},"end":{"line":76,"column":63}},"45":{"start":{"line":77,"column":8},"end":{"line":77,"column":88}},"46":{"start":{"line":78,"column":8},"end":{"line":78,"column":34}},"47":{"start":{"line":78,"column":17},"end":{"line":78,"column":34}},"48":{"start":{"line":79,"column":8},"end":{"line":79,"column":15}},"49":{"start":{"line":83,"column":4},"end":{"line":91,"column":7}},"50":{"start":{"line":84,"column":6},"end":{"line":90,"column":9}},"51":{"start":{"line":85,"column":8},"end":{"line":85,"column":55}},"52":{"start":{"line":86,"column":8},"end":{"line":86,"column":63}},"53":{"start":{"line":87,"column":8},"end":{"line":87,"column":84}},"54":{"start":{"line":88,"column":8},"end":{"line":88,"column":34}},"55":{"start":{"line":88,"column":17},"end":{"line":88,"column":34}},"56":{"start":{"line":89,"column":8},"end":{"line":89,"column":15}},"57":{"start":{"line":92,"column":4},"end":{"line":108,"column":7}},"58":{"start":{"line":93,"column":6},"end":{"line":107,"column":9}},"59":{"start":{"line":100,"column":8},"end":{"line":100,"column":44}},"60":{"start":{"line":101,"column":8},"end":{"line":101,"column":51}},"61":{"start":{"line":102,"column":8},"end":{"line":102,"column":55}},"62":{"start":{"line":103,"column":8},"end":{"line":103,"column":62}},"63":{"start":{"line":104,"column":8},"end":{"line":104,"column":87}},"64":{"start":{"line":105,"column":8},"end":{"line":105,"column":34}},"65":{"start":{"line":105,"column":17},"end":{"line":105,"column":34}},"66":{"start":{"line":106,"column":8},"end":{"line":106,"column":15}},"67":{"start":{"line":109,"column":4},"end":{"line":123,"column":7}},"68":{"start":{"line":110,"column":6},"end":{"line":122,"column":9}},"69":{"start":{"line":117,"column":8},"end":{"line":117,"column":55}},"70":{"start":{"line":118,"column":8},"end":{"line":118,"column":63}},"71":{"start":{"line":119,"column":8},"end":{"line":119,"column":105}},"72":{"start":{"line":120,"column":8},"end":{"line":120,"column":34}},"73":{"start":{"line":120,"column":17},"end":{"line":120,"column":34}},"74":{"start":{"line":121,"column":8},"end":{"line":121,"column":15}},"75":{"start":{"line":124,"column":4},"end":{"line":132,"column":7}},"76":{"start":{"line":125,"column":6},"end":{"line":131,"column":9}},"77":{"start":{"line":126,"column":8},"end":{"line":126,"column":55}},"78":{"start":{"line":127,"column":8},"end":{"line":127,"column":63}},"79":{"start":{"line":128,"column":8},"end":{"line":128,"column":93}},"80":{"start":{"line":129,"column":8},"end":{"line":129,"column":34}},"81":{"start":{"line":129,"column":17},"end":{"line":129,"column":34}},"82":{"start":{"line":130,"column":8},"end":{"line":130,"column":15}},"83":{"start":{"line":133,"column":4},"end":{"line":147,"column":7}},"84":{"start":{"line":134,"column":6},"end":{"line":146,"column":9}},"85":{"start":{"line":141,"column":8},"end":{"line":141,"column":55}},"86":{"start":{"line":142,"column":8},"end":{"line":142,"column":63}},"87":{"start":{"line":143,"column":8},"end":{"line":143,"column":80}},"88":{"start":{"line":144,"column":8},"end":{"line":144,"column":34}},"89":{"start":{"line":144,"column":17},"end":{"line":144,"column":34}},"90":{"start":{"line":145,"column":8},"end":{"line":145,"column":15}},"91":{"start":{"line":148,"column":4},"end":{"line":162,"column":7}},"92":{"start":{"line":149,"column":6},"end":{"line":161,"column":9}},"93":{"start":{"line":156,"column":8},"end":{"line":156,"column":55}},"94":{"start":{"line":157,"column":8},"end":{"line":157,"column":63}},"95":{"start":{"line":158,"column":8},"end":{"line":158,"column":88}},"96":{"start":{"line":159,"column":8},"end":{"line":159,"column":34}},"97":{"start":{"line":159,"column":17},"end":{"line":159,"column":34}},"98":{"start":{"line":160,"column":8},"end":{"line":160,"column":15}},"99":{"start":{"line":163,"column":4},"end":{"line":176,"column":7}},"100":{"start":{"line":164,"column":6},"end":{"line":175,"column":9}},"101":{"start":{"line":170,"column":8},"end":{"line":170,"column":55}},"102":{"start":{"line":171,"column":8},"end":{"line":171,"column":63}},"103":{"start":{"line":172,"column":8},"end":{"line":172,"column":92}},"104":{"start":{"line":173,"column":8},"end":{"line":173,"column":34}},"105":{"start":{"line":173,"column":17},"end":{"line":173,"column":34}},"106":{"start":{"line":174,"column":8},"end":{"line":174,"column":15}},"107":{"start":{"line":177,"column":4},"end":{"line":191,"column":7}},"108":{"start":{"line":178,"column":6},"end":{"line":190,"column":9}},"109":{"start":{"line":185,"column":8},"end":{"line":185,"column":55}},"110":{"start":{"line":186,"column":8},"end":{"line":186,"column":63}},"111":{"start":{"line":187,"column":8},"end":{"line":187,"column":89}},"112":{"start":{"line":188,"column":8},"end":{"line":188,"column":34}},"113":{"start":{"line":188,"column":17},"end":{"line":188,"column":34}},"114":{"start":{"line":189,"column":8},"end":{"line":189,"column":15}},"115":{"start":{"line":192,"column":4},"end":{"line":206,"column":7}},"116":{"start":{"line":193,"column":6},"end":{"line":205,"column":9}},"117":{"start":{"line":200,"column":8},"end":{"line":200,"column":55}},"118":{"start":{"line":201,"column":8},"end":{"line":201,"column":63}},"119":{"start":{"line":202,"column":8},"end":{"line":202,"column":84}},"120":{"start":{"line":203,"column":8},"end":{"line":203,"column":34}},"121":{"start":{"line":203,"column":17},"end":{"line":203,"column":34}},"122":{"start":{"line":204,"column":8},"end":{"line":204,"column":15}},"123":{"start":{"line":207,"column":4},"end":{"line":217,"column":7}},"124":{"start":{"line":208,"column":6},"end":{"line":216,"column":9}},"125":{"start":{"line":209,"column":8},"end":{"line":209,"column":55}},"126":{"start":{"line":210,"column":8},"end":{"line":210,"column":62}},"127":{"start":{"line":211,"column":8},"end":{"line":211,"column":68}},"128":{"start":{"line":212,"column":8},"end":{"line":212,"column":73}},"129":{"start":{"line":213,"column":8},"end":{"line":213,"column":87}},"130":{"start":{"line":214,"column":8},"end":{"line":214,"column":34}},"131":{"start":{"line":214,"column":17},"end":{"line":214,"column":34}},"132":{"start":{"line":215,"column":8},"end":{"line":215,"column":15}},"133":{"start":{"line":218,"column":4},"end":{"line":226,"column":7}},"134":{"start":{"line":219,"column":6},"end":{"line":225,"column":9}},"135":{"start":{"line":220,"column":8},"end":{"line":220,"column":55}},"136":{"start":{"line":221,"column":8},"end":{"line":221,"column":63}},"137":{"start":{"line":222,"column":8},"end":{"line":222,"column":80}},"138":{"start":{"line":223,"column":8},"end":{"line":223,"column":34}},"139":{"start":{"line":223,"column":17},"end":{"line":223,"column":34}},"140":{"start":{"line":224,"column":8},"end":{"line":224,"column":15}},"141":{"start":{"line":227,"column":4},"end":{"line":235,"column":7}},"142":{"start":{"line":228,"column":6},"end":{"line":234,"column":9}},"143":{"start":{"line":229,"column":8},"end":{"line":229,"column":55}},"144":{"start":{"line":230,"column":8},"end":{"line":230,"column":63}},"145":{"start":{"line":231,"column":8},"end":{"line":231,"column":84}},"146":{"start":{"line":232,"column":8},"end":{"line":232,"column":34}},"147":{"start":{"line":232,"column":17},"end":{"line":232,"column":34}},"148":{"start":{"line":233,"column":8},"end":{"line":233,"column":15}},"149":{"start":{"line":236,"column":4},"end":{"line":244,"column":7}},"150":{"start":{"line":237,"column":6},"end":{"line":243,"column":9}},"151":{"start":{"line":238,"column":8},"end":{"line":238,"column":55}},"152":{"start":{"line":239,"column":8},"end":{"line":239,"column":63}},"153":{"start":{"line":240,"column":8},"end":{"line":240,"column":80}},"154":{"start":{"line":241,"column":8},"end":{"line":241,"column":34}},"155":{"start":{"line":241,"column":17},"end":{"line":241,"column":34}},"156":{"start":{"line":242,"column":8},"end":{"line":242,"column":15}},"157":{"start":{"line":246,"column":2},"end":{"line":303,"column":5}},"158":{"start":{"line":247,"column":4},"end":{"line":257,"column":7}},"159":{"start":{"line":248,"column":6},"end":{"line":256,"column":9}},"160":{"start":{"line":251,"column":8},"end":{"line":251,"column":55}},"161":{"start":{"line":252,"column":8},"end":{"line":252,"column":62}},"162":{"start":{"line":253,"column":8},"end":{"line":253,"column":78}},"163":{"start":{"line":254,"column":8},"end":{"line":254,"column":34}},"164":{"start":{"line":254,"column":17},"end":{"line":254,"column":34}},"165":{"start":{"line":255,"column":8},"end":{"line":255,"column":15}},"166":{"start":{"line":258,"column":4},"end":{"line":266,"column":7}},"167":{"start":{"line":259,"column":6},"end":{"line":265,"column":9}},"168":{"start":{"line":260,"column":8},"end":{"line":260,"column":55}},"169":{"start":{"line":261,"column":8},"end":{"line":261,"column":63}},"170":{"start":{"line":262,"column":8},"end":{"line":262,"column":101}},"171":{"start":{"line":263,"column":8},"end":{"line":263,"column":34}},"172":{"start":{"line":263,"column":17},"end":{"line":263,"column":34}},"173":{"start":{"line":264,"column":8},"end":{"line":264,"column":15}},"174":{"start":{"line":267,"column":4},"end":{"line":275,"column":7}},"175":{"start":{"line":268,"column":6},"end":{"line":274,"column":9}},"176":{"start":{"line":269,"column":8},"end":{"line":269,"column":55}},"177":{"start":{"line":270,"column":8},"end":{"line":270,"column":63}},"178":{"start":{"line":271,"column":8},"end":{"line":271,"column":92}},"179":{"start":{"line":272,"column":8},"end":{"line":272,"column":34}},"180":{"start":{"line":272,"column":17},"end":{"line":272,"column":34}},"181":{"start":{"line":273,"column":8},"end":{"line":273,"column":15}},"182":{"start":{"line":276,"column":4},"end":{"line":284,"column":7}},"183":{"start":{"line":277,"column":6},"end":{"line":283,"column":9}},"184":{"start":{"line":278,"column":8},"end":{"line":278,"column":55}},"185":{"start":{"line":279,"column":8},"end":{"line":279,"column":63}},"186":{"start":{"line":280,"column":8},"end":{"line":280,"column":80}},"187":{"start":{"line":281,"column":8},"end":{"line":281,"column":34}},"188":{"start":{"line":281,"column":17},"end":{"line":281,"column":34}},"189":{"start":{"line":282,"column":8},"end":{"line":282,"column":15}},"190":{"start":{"line":285,"column":4},"end":{"line":293,"column":7}},"191":{"start":{"line":286,"column":6},"end":{"line":292,"column":9}},"192":{"start":{"line":287,"column":8},"end":{"line":287,"column":55}},"193":{"start":{"line":288,"column":8},"end":{"line":288,"column":63}},"194":{"start":{"line":289,"column":8},"end":{"line":289,"column":80}},"195":{"start":{"line":290,"column":8},"end":{"line":290,"column":34}},"196":{"start":{"line":290,"column":17},"end":{"line":290,"column":34}},"197":{"start":{"line":291,"column":8},"end":{"line":291,"column":15}},"198":{"start":{"line":294,"column":4},"end":{"line":302,"column":7}},"199":{"start":{"line":295,"column":6},"end":{"line":301,"column":9}},"200":{"start":{"line":296,"column":8},"end":{"line":296,"column":55}},"201":{"start":{"line":297,"column":8},"end":{"line":297,"column":63}},"202":{"start":{"line":298,"column":8},"end":{"line":298,"column":84}},"203":{"start":{"line":299,"column":8},"end":{"line":299,"column":34}},"204":{"start":{"line":299,"column":17},"end":{"line":299,"column":34}},"205":{"start":{"line":300,"column":8},"end":{"line":300,"column":15}},"206":{"start":{"line":304,"column":2},"end":{"line":319,"column":5}},"207":{"start":{"line":305,"column":4},"end":{"line":318,"column":7}},"208":{"start":{"line":306,"column":6},"end":{"line":317,"column":9}},"209":{"start":{"line":309,"column":8},"end":{"line":309,"column":35}},"210":{"start":{"line":310,"column":8},"end":{"line":310,"column":55}},"211":{"start":{"line":311,"column":8},"end":{"line":311,"column":62}},"212":{"start":{"line":312,"column":8},"end":{"line":312,"column":63}},"213":{"start":{"line":313,"column":8},"end":{"line":313,"column":71}},"214":{"start":{"line":314,"column":8},"end":{"line":314,"column":80}},"215":{"start":{"line":315,"column":8},"end":{"line":315,"column":34}},"216":{"start":{"line":315,"column":17},"end":{"line":315,"column":34}},"217":{"start":{"line":316,"column":8},"end":{"line":316,"column":15}}},"fnMap":{"0":{"name":"_interopRequireDefault","decl":{"start":{"line":19,"column":9},"end":{"line":19,"column":31}},"loc":{"start":{"line":19,"column":37},"end":{"line":19,"column":95}},"line":19},"1":{"name":"(anonymous_1)","decl":{"start":{"line":29,"column":25},"end":{"line":29,"column":26}},"loc":{"start":{"line":29,"column":37},"end":{"line":320,"column":1}},"line":29},"2":{"name":"(anonymous_2)","decl":{"start":{"line":30,"column":9},"end":{"line":30,"column":10}},"loc":{"start":{"line":30,"column":25},"end":{"line":47,"column":3}},"line":30},"3":{"name":"(anonymous_3)","decl":{"start":{"line":36,"column":11},"end":{"line":36,"column":12}},"loc":{"start":{"line":36,"column":31},"end":{"line":46,"column":5}},"line":36},"4":{"name":"(anonymous_4)","decl":{"start":{"line":43,"column":13},"end":{"line":43,"column":14}},"loc":{"start":{"line":43,"column":33},"end":{"line":45,"column":7}},"line":43},"5":{"name":"(anonymous_5)","decl":{"start":{"line":48,"column":30},"end":{"line":48,"column":31}},"loc":{"start":{"line":48,"column":42},"end":{"line":245,"column":3}},"line":48},"6":{"name":"(anonymous_6)","decl":{"start":{"line":49,"column":39},"end":{"line":49,"column":40}},"loc":{"start":{"line":49,"column":55},"end":{"line":61,"column":5}},"line":49},"7":{"name":"(anonymous_7)","decl":{"start":{"line":52,"column":44},"end":{"line":52,"column":45}},"loc":{"start":{"line":52,"column":64},"end":{"line":60,"column":7}},"line":52},"8":{"name":"(anonymous_8)","decl":{"start":{"line":62,"column":85},"end":{"line":62,"column":86}},"loc":{"start":{"line":62,"column":101},"end":{"line":72,"column":5}},"line":62},"9":{"name":"(anonymous_9)","decl":{"start":{"line":65,"column":44},"end":{"line":65,"column":45}},"loc":{"start":{"line":65,"column":64},"end":{"line":71,"column":7}},"line":65},"10":{"name":"(anonymous_10)","decl":{"start":{"line":73,"column":52},"end":{"line":73,"column":53}},"loc":{"start":{"line":73,"column":68},"end":{"line":81,"column":5}},"line":73},"11":{"name":"(anonymous_11)","decl":{"start":{"line":74,"column":199},"end":{"line":74,"column":200}},"loc":{"start":{"line":74,"column":219},"end":{"line":80,"column":7}},"line":74},"12":{"name":"(anonymous_12)","decl":{"start":{"line":83,"column":68},"end":{"line":83,"column":69}},"loc":{"start":{"line":83,"column":84},"end":{"line":91,"column":5}},"line":83},"13":{"name":"(anonymous_13)","decl":{"start":{"line":84,"column":215},"end":{"line":84,"column":216}},"loc":{"start":{"line":84,"column":235},"end":{"line":90,"column":7}},"line":84},"14":{"name":"(anonymous_14)","decl":{"start":{"line":92,"column":53},"end":{"line":92,"column":54}},"loc":{"start":{"line":92,"column":69},"end":{"line":108,"column":5}},"line":92},"15":{"name":"(anonymous_15)","decl":{"start":{"line":99,"column":44},"end":{"line":99,"column":45}},"loc":{"start":{"line":99,"column":64},"end":{"line":107,"column":7}},"line":99},"16":{"name":"(anonymous_16)","decl":{"start":{"line":109,"column":60},"end":{"line":109,"column":61}},"loc":{"start":{"line":109,"column":76},"end":{"line":123,"column":5}},"line":109},"17":{"name":"(anonymous_17)","decl":{"start":{"line":116,"column":44},"end":{"line":116,"column":45}},"loc":{"start":{"line":116,"column":64},"end":{"line":122,"column":7}},"line":116},"18":{"name":"(anonymous_18)","decl":{"start":{"line":124,"column":61},"end":{"line":124,"column":62}},"loc":{"start":{"line":124,"column":77},"end":{"line":132,"column":5}},"line":124},"19":{"name":"(anonymous_19)","decl":{"start":{"line":125,"column":240},"end":{"line":125,"column":241}},"loc":{"start":{"line":125,"column":260},"end":{"line":131,"column":7}},"line":125},"20":{"name":"(anonymous_20)","decl":{"start":{"line":133,"column":53},"end":{"line":133,"column":54}},"loc":{"start":{"line":133,"column":69},"end":{"line":147,"column":5}},"line":133},"21":{"name":"(anonymous_21)","decl":{"start":{"line":140,"column":44},"end":{"line":140,"column":45}},"loc":{"start":{"line":140,"column":64},"end":{"line":146,"column":7}},"line":140},"22":{"name":"(anonymous_22)","decl":{"start":{"line":148,"column":59},"end":{"line":148,"column":60}},"loc":{"start":{"line":148,"column":75},"end":{"line":162,"column":5}},"line":148},"23":{"name":"(anonymous_23)","decl":{"start":{"line":155,"column":44},"end":{"line":155,"column":45}},"loc":{"start":{"line":155,"column":64},"end":{"line":161,"column":7}},"line":155},"24":{"name":"(anonymous_24)","decl":{"start":{"line":163,"column":60},"end":{"line":163,"column":61}},"loc":{"start":{"line":163,"column":76},"end":{"line":176,"column":5}},"line":163},"25":{"name":"(anonymous_25)","decl":{"start":{"line":169,"column":44},"end":{"line":169,"column":45}},"loc":{"start":{"line":169,"column":64},"end":{"line":175,"column":7}},"line":169},"26":{"name":"(anonymous_26)","decl":{"start":{"line":177,"column":60},"end":{"line":177,"column":61}},"loc":{"start":{"line":177,"column":76},"end":{"line":191,"column":5}},"line":177},"27":{"name":"(anonymous_27)","decl":{"start":{"line":184,"column":44},"end":{"line":184,"column":45}},"loc":{"start":{"line":184,"column":64},"end":{"line":190,"column":7}},"line":184},"28":{"name":"(anonymous_28)","decl":{"start":{"line":192,"column":59},"end":{"line":192,"column":60}},"loc":{"start":{"line":192,"column":75},"end":{"line":206,"column":5}},"line":192},"29":{"name":"(anonymous_29)","decl":{"start":{"line":199,"column":44},"end":{"line":199,"column":45}},"loc":{"start":{"line":199,"column":64},"end":{"line":205,"column":7}},"line":199},"30":{"name":"(anonymous_30)","decl":{"start":{"line":207,"column":54},"end":{"line":207,"column":55}},"loc":{"start":{"line":207,"column":70},"end":{"line":217,"column":5}},"line":207},"31":{"name":"(anonymous_31)","decl":{"start":{"line":208,"column":251},"end":{"line":208,"column":252}},"loc":{"start":{"line":208,"column":271},"end":{"line":216,"column":7}},"line":208},"32":{"name":"(anonymous_32)","decl":{"start":{"line":218,"column":58},"end":{"line":218,"column":59}},"loc":{"start":{"line":218,"column":74},"end":{"line":226,"column":5}},"line":218},"33":{"name":"(anonymous_33)","decl":{"start":{"line":219,"column":234},"end":{"line":219,"column":235}},"loc":{"start":{"line":219,"column":254},"end":{"line":225,"column":7}},"line":219},"34":{"name":"(anonymous_34)","decl":{"start":{"line":227,"column":60},"end":{"line":227,"column":61}},"loc":{"start":{"line":227,"column":76},"end":{"line":235,"column":5}},"line":227},"35":{"name":"(anonymous_35)","decl":{"start":{"line":228,"column":282},"end":{"line":228,"column":283}},"loc":{"start":{"line":228,"column":302},"end":{"line":234,"column":7}},"line":228},"36":{"name":"(anonymous_36)","decl":{"start":{"line":236,"column":58},"end":{"line":236,"column":59}},"loc":{"start":{"line":236,"column":74},"end":{"line":244,"column":5}},"line":236},"37":{"name":"(anonymous_37)","decl":{"start":{"line":237,"column":234},"end":{"line":237,"column":235}},"loc":{"start":{"line":237,"column":254},"end":{"line":243,"column":7}},"line":237},"38":{"name":"(anonymous_38)","decl":{"start":{"line":246,"column":39},"end":{"line":246,"column":40}},"loc":{"start":{"line":246,"column":51},"end":{"line":303,"column":3}},"line":246},"39":{"name":"(anonymous_39)","decl":{"start":{"line":247,"column":63},"end":{"line":247,"column":64}},"loc":{"start":{"line":247,"column":79},"end":{"line":257,"column":5}},"line":247},"40":{"name":"(anonymous_40)","decl":{"start":{"line":250,"column":44},"end":{"line":250,"column":45}},"loc":{"start":{"line":250,"column":64},"end":{"line":256,"column":7}},"line":250},"41":{"name":"(anonymous_41)","decl":{"start":{"line":258,"column":72},"end":{"line":258,"column":73}},"loc":{"start":{"line":258,"column":88},"end":{"line":266,"column":5}},"line":258},"42":{"name":"(anonymous_42)","decl":{"start":{"line":259,"column":227},"end":{"line":259,"column":228}},"loc":{"start":{"line":259,"column":247},"end":{"line":265,"column":7}},"line":259},"43":{"name":"(anonymous_43)","decl":{"start":{"line":267,"column":75},"end":{"line":267,"column":76}},"loc":{"start":{"line":267,"column":91},"end":{"line":275,"column":5}},"line":267},"44":{"name":"(anonymous_44)","decl":{"start":{"line":268,"column":245},"end":{"line":268,"column":246}},"loc":{"start":{"line":268,"column":265},"end":{"line":274,"column":7}},"line":268},"45":{"name":"(anonymous_45)","decl":{"start":{"line":276,"column":75},"end":{"line":276,"column":76}},"loc":{"start":{"line":276,"column":91},"end":{"line":284,"column":5}},"line":276},"46":{"name":"(anonymous_46)","decl":{"start":{"line":277,"column":259},"end":{"line":277,"column":260}},"loc":{"start":{"line":277,"column":279},"end":{"line":283,"column":7}},"line":277},"47":{"name":"(anonymous_47)","decl":{"start":{"line":285,"column":50},"end":{"line":285,"column":51}},"loc":{"start":{"line":285,"column":66},"end":{"line":293,"column":5}},"line":285},"48":{"name":"(anonymous_48)","decl":{"start":{"line":286,"column":262},"end":{"line":286,"column":263}},"loc":{"start":{"line":286,"column":282},"end":{"line":292,"column":7}},"line":286},"49":{"name":"(anonymous_49)","decl":{"start":{"line":294,"column":56},"end":{"line":294,"column":57}},"loc":{"start":{"line":294,"column":72},"end":{"line":302,"column":5}},"line":294},"50":{"name":"(anonymous_50)","decl":{"start":{"line":295,"column":263},"end":{"line":295,"column":264}},"loc":{"start":{"line":295,"column":283},"end":{"line":301,"column":7}},"line":295},"51":{"name":"(anonymous_51)","decl":{"start":{"line":304,"column":27},"end":{"line":304,"column":28}},"loc":{"start":{"line":304,"column":39},"end":{"line":319,"column":3}},"line":304},"52":{"name":"(anonymous_52)","decl":{"start":{"line":305,"column":66},"end":{"line":305,"column":67}},"loc":{"start":{"line":305,"column":82},"end":{"line":318,"column":5}},"line":305},"53":{"name":"(anonymous_53)","decl":{"start":{"line":308,"column":44},"end":{"line":308,"column":45}},"loc":{"start":{"line":308,"column":64},"end":{"line":317,"column":7}},"line":308}},"branchMap":{"0":{"loc":{"start":{"line":19,"column":46},"end":{"line":19,"column":92}},"type":"cond-expr","locations":[{"start":{"line":19,"column":70},"end":{"line":19,"column":73}},{"start":{"line":19,"column":76},"end":{"line":19,"column":92}}],"line":19},"1":{"loc":{"start":{"line":19,"column":46},"end":{"line":19,"column":67}},"type":"binary-expr","locations":[{"start":{"line":19,"column":46},"end":{"line":19,"column":49}},{"start":{"line":19,"column":53},"end":{"line":19,"column":67}}],"line":19},"2":{"loc":{"start":{"line":58,"column":8},"end":{"line":58,"column":34}},"type":"if","locations":[{"start":{"line":58,"column":8},"end":{"line":58,"column":34}},{"start":{"line":58,"column":8},"end":{"line":58,"column":34}}],"line":58},"3":{"loc":{"start":{"line":69,"column":8},"end":{"line":69,"column":34}},"type":"if","locations":[{"start":{"line":69,"column":8},"end":{"line":69,"column":34}},{"start":{"line":69,"column":8},"end":{"line":69,"column":34}}],"line":69},"4":{"loc":{"start":{"line":78,"column":8},"end":{"line":78,"column":34}},"type":"if","locations":[{"start":{"line":78,"column":8},"end":{"line":78,"column":34}},{"start":{"line":78,"column":8},"end":{"line":78,"column":34}}],"line":78},"5":{"loc":{"start":{"line":88,"column":8},"end":{"line":88,"column":34}},"type":"if","locations":[{"start":{"line":88,"column":8},"end":{"line":88,"column":34}},{"start":{"line":88,"column":8},"end":{"line":88,"column":34}}],"line":88},"6":{"loc":{"start":{"line":105,"column":8},"end":{"line":105,"column":34}},"type":"if","locations":[{"start":{"line":105,"column":8},"end":{"line":105,"column":34}},{"start":{"line":105,"column":8},"end":{"line":105,"column":34}}],"line":105},"7":{"loc":{"start":{"line":120,"column":8},"end":{"line":120,"column":34}},"type":"if","locations":[{"start":{"line":120,"column":8},"end":{"line":120,"column":34}},{"start":{"line":120,"column":8},"end":{"line":120,"column":34}}],"line":120},"8":{"loc":{"start":{"line":129,"column":8},"end":{"line":129,"column":34}},"type":"if","locations":[{"start":{"line":129,"column":8},"end":{"line":129,"column":34}},{"start":{"line":129,"column":8},"end":{"line":129,"column":34}}],"line":129},"9":{"loc":{"start":{"line":144,"column":8},"end":{"line":144,"column":34}},"type":"if","locations":[{"start":{"line":144,"column":8},"end":{"line":144,"column":34}},{"start":{"line":144,"column":8},"end":{"line":144,"column":34}}],"line":144},"10":{"loc":{"start":{"line":159,"column":8},"end":{"line":159,"column":34}},"type":"if","locations":[{"start":{"line":159,"column":8},"end":{"line":159,"column":34}},{"start":{"line":159,"column":8},"end":{"line":159,"column":34}}],"line":159},"11":{"loc":{"start":{"line":173,"column":8},"end":{"line":173,"column":34}},"type":"if","locations":[{"start":{"line":173,"column":8},"end":{"line":173,"column":34}},{"start":{"line":173,"column":8},"end":{"line":173,"column":34}}],"line":173},"12":{"loc":{"start":{"line":188,"column":8},"end":{"line":188,"column":34}},"type":"if","locations":[{"start":{"line":188,"column":8},"end":{"line":188,"column":34}},{"start":{"line":188,"column":8},"end":{"line":188,"column":34}}],"line":188},"13":{"loc":{"start":{"line":203,"column":8},"end":{"line":203,"column":34}},"type":"if","locations":[{"start":{"line":203,"column":8},"end":{"line":203,"column":34}},{"start":{"line":203,"column":8},"end":{"line":203,"column":34}}],"line":203},"14":{"loc":{"start":{"line":214,"column":8},"end":{"line":214,"column":34}},"type":"if","locations":[{"start":{"line":214,"column":8},"end":{"line":214,"column":34}},{"start":{"line":214,"column":8},"end":{"line":214,"column":34}}],"line":214},"15":{"loc":{"start":{"line":223,"column":8},"end":{"line":223,"column":34}},"type":"if","locations":[{"start":{"line":223,"column":8},"end":{"line":223,"column":34}},{"start":{"line":223,"column":8},"end":{"line":223,"column":34}}],"line":223},"16":{"loc":{"start":{"line":232,"column":8},"end":{"line":232,"column":34}},"type":"if","locations":[{"start":{"line":232,"column":8},"end":{"line":232,"column":34}},{"start":{"line":232,"column":8},"end":{"line":232,"column":34}}],"line":232},"17":{"loc":{"start":{"line":241,"column":8},"end":{"line":241,"column":34}},"type":"if","locations":[{"start":{"line":241,"column":8},"end":{"line":241,"column":34}},{"start":{"line":241,"column":8},"end":{"line":241,"column":34}}],"line":241},"18":{"loc":{"start":{"line":254,"column":8},"end":{"line":254,"column":34}},"type":"if","locations":[{"start":{"line":254,"column":8},"end":{"line":254,"column":34}},{"start":{"line":254,"column":8},"end":{"line":254,"column":34}}],"line":254},"19":{"loc":{"start":{"line":263,"column":8},"end":{"line":263,"column":34}},"type":"if","locations":[{"start":{"line":263,"column":8},"end":{"line":263,"column":34}},{"start":{"line":263,"column":8},"end":{"line":263,"column":34}}],"line":263},"20":{"loc":{"start":{"line":272,"column":8},"end":{"line":272,"column":34}},"type":"if","locations":[{"start":{"line":272,"column":8},"end":{"line":272,"column":34}},{"start":{"line":272,"column":8},"end":{"line":272,"column":34}}],"line":272},"21":{"loc":{"start":{"line":281,"column":8},"end":{"line":281,"column":34}},"type":"if","locations":[{"start":{"line":281,"column":8},"end":{"line":281,"column":34}},{"start":{"line":281,"column":8},"end":{"line":281,"column":34}}],"line":281},"22":{"loc":{"start":{"line":290,"column":8},"end":{"line":290,"column":34}},"type":"if","locations":[{"start":{"line":290,"column":8},"end":{"line":290,"column":34}},{"start":{"line":290,"column":8},"end":{"line":290,"column":34}}],"line":290},"23":{"loc":{"start":{"line":299,"column":8},"end":{"line":299,"column":34}},"type":"if","locations":[{"start":{"line":299,"column":8},"end":{"line":299,"column":34}},{"start":{"line":299,"column":8},"end":{"line":299,"column":34}}],"line":299},"24":{"loc":{"start":{"line":315,"column":8},"end":{"line":315,"column":34}},"type":"if","locations":[{"start":{"line":315,"column":8},"end":{"line":315,"column":34}},{"start":{"line":315,"column":8},"end":{"line":315,"column":34}}],"line":315}},"s":{"0":1,"1":1,"2":1,"3":1,"4":1,"5":1,"6":1,"7":1,"8":3,"9":1,"10":1,"11":1,"12":1,"13":1,"14":1,"15":1,"16":1,"17":1,"18":1,"19":1,"20":1,"21":1,"22":1,"23":1,"24":1,"25":1,"26":1,"27":1,"28":1,"29":1,"30":1,"31":0,"32":1,"33":1,"34":1,"35":1,"36":1,"37":1,"38":1,"39":0,"40":1,"41":1,"42":1,"43":1,"44":1,"45":1,"46":1,"47":0,"48":1,"49":1,"50":1,"51":1,"52":1,"53":1,"54":1,"55":0,"56":1,"57":1,"58":1,"59":1,"60":1,"61":1,"62":1,"63":1,"64":1,"65":0,"66":1,"67":1,"68":1,"69":1,"70":1,"71":1,"72":1,"73":0,"74":1,"75":1,"76":1,"77":1,"78":1,"79":1,"80":1,"81":0,"82":1,"83":1,"84":1,"85":1,"86":1,"87":1,"88":1,"89":0,"90":1,"91":1,"92":1,"93":1,"94":1,"95":1,"96":1,"97":0,"98":1,"99":1,"100":1,"101":1,"102":1,"103":1,"104":1,"105":0,"106":1,"107":1,"108":1,"109":1,"110":1,"111":1,"112":1,"113":0,"114":1,"115":1,"116":1,"117":1,"118":1,"119":1,"120":1,"121":0,"122":1,"123":1,"124":1,"125":1,"126":1,"127":1,"128":1,"129":1,"130":1,"131":0,"132":1,"133":1,"134":1,"135":1,"136":1,"137":1,"138":1,"139":0,"140":1,"141":1,"142":1,"143":1,"144":1,"145":1,"146":1,"147":0,"148":1,"149":1,"150":1,"151":1,"152":1,"153":1,"154":1,"155":0,"156":1,"157":1,"158":1,"159":1,"160":1,"161":1,"162":1,"163":1,"164":0,"165":1,"166":1,"167":1,"168":1,"169":1,"170":1,"171":1,"172":0,"173":1,"174":1,"175":1,"176":1,"177":1,"178":1,"179":1,"180":0,"181":1,"182":1,"183":1,"184":1,"185":1,"186":1,"187":1,"188":0,"189":1,"190":1,"191":1,"192":1,"193":1,"194":1,"195":1,"196":0,"197":1,"198":1,"199":1,"200":1,"201":1,"202":1,"203":1,"204":0,"205":1,"206":1,"207":1,"208":1,"209":1,"210":1,"211":1,"212":1,"213":1,"214":1,"215":1,"216":0,"217":1},"f":{"0":3,"1":1,"2":1,"3":1,"4":1,"5":1,"6":1,"7":1,"8":1,"9":1,"10":1,"11":1,"12":1,"13":1,"14":1,"15":1,"16":1,"17":1,"18":1,"19":1,"20":1,"21":1,"22":1,"23":1,"24":1,"25":1,"26":1,"27":1,"28":1,"29":1,"30":1,"31":1,"32":1,"33":1,"34":1,"35":1,"36":1,"37":1,"38":1,"39":1,"40":1,"41":1,"42":1,"43":1,"44":1,"45":1,"46":1,"47":1,"48":1,"49":1,"50":1,"51":1,"52":1,"53":1},"b":{"0":[1,2],"1":[3,3],"2":[0,1],"3":[0,1],"4":[0,1],"5":[0,1],"6":[0,1],"7":[0,1],"8":[0,1],"9":[0,1],"10":[0,1],"11":[0,1],"12":[0,1],"13":[0,1],"14":[0,1],"15":[0,1],"16":[0,1],"17":[0,1],"18":[0,1],"19":[0,1],"20":[0,1],"21":[0,1],"22":[0,1],"23":[0,1],"24":[0,1]},"_coverageSchema":"332fd63041d2c1bcb487cc26dd0d5f7d97098a6c","hash":"e68016930cad57ef6cac0656a29a2bc8d770ecf7","contentHash":"3e816b8a6a6ec156893c927d5f8c91fb_11.2.1"},"/Users/andeladeveloper/Desktop/Worklist/server/app.js":{"path":"/Users/andeladeveloper/Desktop/Worklist/server/app.js","statementMap":{"0":{"start":{"line":3,"column":0},"end":{"line":5,"column":3}},"1":{"start":{"line":7,"column":15},"end":{"line":7,"column":33}},"2":{"start":{"line":9,"column":16},"end":{"line":9,"column":48}},"3":{"start":{"line":11,"column":14},"end":{"line":11,"column":31}},"4":{"start":{"line":13,"column":15},"end":{"line":13,"column":46}},"5":{"start":{"line":15,"column":18},"end":{"line":15,"column":40}},"6":{"start":{"line":17,"column":19},"end":{"line":17,"column":54}},"7":{"start":{"line":19,"column":16},"end":{"line":19,"column":35}},"8":{"start":{"line":21,"column":17},"end":{"line":21,"column":50}},"9":{"start":{"line":23,"column":14},"end":{"line":23,"column":31}},"10":{"start":{"line":25,"column":15},"end":{"line":25,"column":46}},"11":{"start":{"line":27,"column":12},"end":{"line":27,"column":27}},"12":{"start":{"line":29,"column":13},"end":{"line":29,"column":42}},"13":{"start":{"line":31,"column":15},"end":{"line":31,"column":33}},"14":{"start":{"line":33,"column":16},"end":{"line":33,"column":48}},"15":{"start":{"line":35,"column":28},"end":{"line":35,"column":61}},"16":{"start":{"line":37,"column":29},"end":{"line":37,"column":74}},"17":{"start":{"line":39,"column":25},"end":{"line":39,"column":54}},"18":{"start":{"line":41,"column":26},"end":{"line":41,"column":68}},"19":{"start":{"line":43,"column":21},"end":{"line":43,"column":53}},"20":{"start":{"line":45,"column":22},"end":{"line":45,"column":60}},"21":{"start":{"line":47,"column":12},"end":{"line":47,"column":36}},"22":{"start":{"line":49,"column":13},"end":{"line":49,"column":42}},"23":{"start":{"line":51,"column":12},"end":{"line":51,"column":36}},"24":{"start":{"line":53,"column":13},"end":{"line":53,"column":42}},"25":{"start":{"line":55,"column":27},"end":{"line":55,"column":71}},"26":{"start":{"line":57,"column":28},"end":{"line":57,"column":72}},"27":{"start":{"line":59,"column":14},"end":{"line":59,"column":40}},"28":{"start":{"line":61,"column":15},"end":{"line":61,"column":46}},"29":{"start":{"line":63,"column":39},"end":{"line":63,"column":93}},"30":{"start":{"line":65,"column":0},"end":{"line":65,"column":24}},"31":{"start":{"line":67,"column":11},"end":{"line":67,"column":35}},"32":{"start":{"line":68,"column":10},"end":{"line":68,"column":34}},"33":{"start":{"line":69,"column":10},"end":{"line":69,"column":51}},"34":{"start":{"line":70,"column":0},"end":{"line":70,"column":17}},"35":{"start":{"line":72,"column":0},"end":{"line":72,"column":32}},"36":{"start":{"line":74,"column":0},"end":{"line":74,"column":94}},"37":{"start":{"line":76,"column":0},"end":{"line":76,"column":38}},"38":{"start":{"line":77,"column":0},"end":{"line":77,"column":37}},"39":{"start":{"line":78,"column":0},"end":{"line":78,"column":62}},"40":{"start":{"line":79,"column":0},"end":{"line":79,"column":44}},"41":{"start":{"line":80,"column":0},"end":{"line":80,"column":24}},"42":{"start":{"line":81,"column":0},"end":{"line":81,"column":24}},"43":{"start":{"line":83,"column":0},"end":{"line":85,"column":3}},"44":{"start":{"line":84,"column":2},"end":{"line":84,"column":43}},"45":{"start":{"line":87,"column":0},"end":{"line":89,"column":3}},"46":{"start":{"line":88,"column":2},"end":{"line":88,"column":71}},"47":{"start":{"line":91,"column":0},"end":{"line":91,"column":22}}},"fnMap":{"0":{"name":"_interopRequireDefault","decl":{"start":{"line":63,"column":9},"end":{"line":63,"column":31}},"loc":{"start":{"line":63,"column":37},"end":{"line":63,"column":95}},"line":63},"1":{"name":"(anonymous_1)","decl":{"start":{"line":83,"column":17},"end":{"line":83,"column":18}},"loc":{"start":{"line":83,"column":29},"end":{"line":85,"column":1}},"line":83},"2":{"name":"(anonymous_2)","decl":{"start":{"line":87,"column":13},"end":{"line":87,"column":14}},"loc":{"start":{"line":87,"column":33},"end":{"line":89,"column":1}},"line":87}},"branchMap":{"0":{"loc":{"start":{"line":63,"column":46},"end":{"line":63,"column":92}},"type":"cond-expr","locations":[{"start":{"line":63,"column":70},"end":{"line":63,"column":73}},{"start":{"line":63,"column":76},"end":{"line":63,"column":92}}],"line":63},"1":{"loc":{"start":{"line":63,"column":46},"end":{"line":63,"column":67}},"type":"binary-expr","locations":[{"start":{"line":63,"column":46},"end":{"line":63,"column":49}},{"start":{"line":63,"column":53},"end":{"line":63,"column":67}}],"line":63},"2":{"loc":{"start":{"line":67,"column":11},"end":{"line":67,"column":35}},"type":"binary-expr","locations":[{"start":{"line":67,"column":11},"end":{"line":67,"column":27}},{"start":{"line":67,"column":31},"end":{"line":67,"column":35}}],"line":67}},"s":{"0":1,"1":1,"2":1,"3":1,"4":1,"5":1,"6":1,"7":1,"8":1,"9":1,"10":1,"11":1,"12":1,"13":1,"14":1,"15":1,"16":1,"17":1,"18":1,"19":1,"20":1,"21":1,"22":1,"23":1,"24":1,"25":1,"26":1,"27":1,"28":1,"29":14,"30":1,"31":1,"32":1,"33":1,"34":1,"35":1,"36":1,"37":1,"38":1,"39":1,"40":1,"41":1,"42":1,"43":1,"44":1,"45":1,"46":0,"47":1},"f":{"0":14,"1":1,"2":0},"b":{"0":[4,10],"1":[14,14],"2":[1,1]},"_coverageSchema":"332fd63041d2c1bcb487cc26dd0d5f7d97098a6c","hash":"6183740656d61a3740504066a2e1b3364334c050","contentHash":"7a1f662dedfbf2c31268d7472984636f_11.2.1"},"/Users/andeladeveloper/Desktop/Worklist/webpack.config.dev.js":{"path":"/Users/andeladeveloper/Desktop/Worklist/webpack.config.dev.js","statementMap":{"0":{"start":{"line":3,"column":12},"end":{"line":3,"column":27}},"1":{"start":{"line":5,"column":13},"end":{"line":5,"column":42}},"2":{"start":{"line":7,"column":15},"end":{"line":7,"column":33}},"3":{"start":{"line":9,"column":16},"end":{"line":9,"column":48}},"4":{"start":{"line":11,"column":39},"end":{"line":11,"column":93}},"5":{"start":{"line":13,"column":0},"end":{"line":73,"column":2}}},"fnMap":{"0":{"name":"_interopRequireDefault","decl":{"start":{"line":11,"column":9},"end":{"line":11,"column":31}},"loc":{"start":{"line":11,"column":37},"end":{"line":11,"column":95}},"line":11}},"branchMap":{"0":{"loc":{"start":{"line":11,"column":46},"end":{"line":11,"column":92}},"type":"cond-expr","locations":[{"start":{"line":11,"column":70},"end":{"line":11,"column":73}},{"start":{"line":11,"column":76},"end":{"line":11,"column":92}}],"line":11},"1":{"loc":{"start":{"line":11,"column":46},"end":{"line":11,"column":67}},"type":"binary-expr","locations":[{"start":{"line":11,"column":46},"end":{"line":11,"column":49}},{"start":{"line":11,"column":53},"end":{"line":11,"column":67}}],"line":11}},"s":{"0":1,"1":1,"2":1,"3":1,"4":2,"5":1},"f":{"0":2},"b":{"0":[0,2],"1":[2,2]},"_coverageSchema":"332fd63041d2c1bcb487cc26dd0d5f7d97098a6c","hash":"6d00689c9769adeb72627835293a537ae837b815","contentHash":"c2b82386a17d0e9d4f4896a08c2e9848_11.2.1"},"/Users/andeladeveloper/Desktop/Worklist/server/routes/user.js":{"path":"/Users/andeladeveloper/Desktop/Worklist/server/routes/user.js","statementMap":{"0":{"start":{"line":3,"column":0},"end":{"line":5,"column":3}},"1":{"start":{"line":7,"column":15},"end":{"line":7,"column":33}},"2":{"start":{"line":9,"column":16},"end":{"line":9,"column":48}},"3":{"start":{"line":11,"column":23},"end":{"line":11,"column":64}},"4":{"start":{"line":13,"column":24},"end":{"line":13,"column":64}},"5":{"start":{"line":15,"column":23},"end":{"line":15,"column":64}},"6":{"start":{"line":17,"column":24},"end":{"line":17,"column":64}},"7":{"start":{"line":19,"column":21},"end":{"line":19,"column":60}},"8":{"start":{"line":21,"column":22},"end":{"line":21,"column":60}},"9":{"start":{"line":23,"column":39},"end":{"line":23,"column":93}},"10":{"start":{"line":25,"column":11},"end":{"line":25,"column":37}},"11":{"start":{"line":26,"column":0},"end":{"line":26,"column":113}},"12":{"start":{"line":28,"column":0},"end":{"line":28,"column":78}},"13":{"start":{"line":30,"column":0},"end":{"line":30,"column":156}},"14":{"start":{"line":32,"column":0},"end":{"line":32,"column":81}},"15":{"start":{"line":34,"column":0},"end":{"line":34,"column":86}},"16":{"start":{"line":36,"column":0},"end":{"line":36,"column":98}},"17":{"start":{"line":37,"column":0},"end":{"line":37,"column":99}},"18":{"start":{"line":38,"column":0},"end":{"line":38,"column":113}},"19":{"start":{"line":40,"column":0},"end":{"line":40,"column":23}}},"fnMap":{"0":{"name":"_interopRequireDefault","decl":{"start":{"line":23,"column":9},"end":{"line":23,"column":31}},"loc":{"start":{"line":23,"column":37},"end":{"line":23,"column":95}},"line":23}},"branchMap":{"0":{"loc":{"start":{"line":23,"column":46},"end":{"line":23,"column":92}},"type":"cond-expr","locations":[{"start":{"line":23,"column":70},"end":{"line":23,"column":73}},{"start":{"line":23,"column":76},"end":{"line":23,"column":92}}],"line":23},"1":{"loc":{"start":{"line":23,"column":46},"end":{"line":23,"column":67}},"type":"binary-expr","locations":[{"start":{"line":23,"column":46},"end":{"line":23,"column":49}},{"start":{"line":23,"column":53},"end":{"line":23,"column":67}}],"line":23}},"s":{"0":1,"1":1,"2":1,"3":1,"4":1,"5":1,"6":1,"7":1,"8":1,"9":4,"10":1,"11":1,"12":1,"13":1,"14":1,"15":1,"16":1,"17":1,"18":1,"19":1},"f":{"0":4},"b":{"0":[3,1],"1":[4,4]},"_coverageSchema":"332fd63041d2c1bcb487cc26dd0d5f7d97098a6c","hash":"2e9d1df0f3b9e62737edaeac07d52319dd3e9c24","contentHash":"0143275e7556f5e80d1b439d4bb2b109_11.2.1"},"/Users/andeladeveloper/Desktop/Worklist/server/controllers/UserControllers.js":{"path":"/Users/andeladeveloper/Desktop/Worklist/server/controllers/UserControllers.js","statementMap":{"0":{"start":{"line":3,"column":0},"end":{"line":5,"column":3}},"1":{"start":{"line":7,"column":19},"end":{"line":7,"column":563}},"2":{"start":{"line":7,"column":76},"end":{"line":7,"column":347}},"3":{"start":{"line":7,"column":134},"end":{"line":7,"column":142}},"4":{"start":{"line":7,"column":144},"end":{"line":7,"column":199}},"5":{"start":{"line":7,"column":200},"end":{"line":7,"column":231}},"6":{"start":{"line":7,"column":232},"end":{"line":7,"column":286}},"7":{"start":{"line":7,"column":259},"end":{"line":7,"column":286}},"8":{"start":{"line":7,"column":287},"end":{"line":7,"column":345}},"9":{"start":{"line":7,"column":350},"end":{"line":7,"column":559}},"10":{"start":{"line":7,"column":407},"end":{"line":7,"column":475}},"11":{"start":{"line":7,"column":423},"end":{"line":7,"column":475}},"12":{"start":{"line":7,"column":476},"end":{"line":7,"column":536}},"13":{"start":{"line":7,"column":493},"end":{"line":7,"column":536}},"14":{"start":{"line":7,"column":537},"end":{"line":7,"column":556}},"15":{"start":{"line":9,"column":14},"end":{"line":9,"column":31}},"16":{"start":{"line":11,"column":15},"end":{"line":11,"column":46}},"17":{"start":{"line":13,"column":16},"end":{"line":13,"column":35}},"18":{"start":{"line":15,"column":17},"end":{"line":15,"column":50}},"19":{"start":{"line":17,"column":10},"end":{"line":17,"column":23}},"20":{"start":{"line":19,"column":11},"end":{"line":19,"column":38}},"21":{"start":{"line":21,"column":11},"end":{"line":21,"column":25}},"22":{"start":{"line":23,"column":12},"end":{"line":23,"column":40}},"23":{"start":{"line":25,"column":18},"end":{"line":25,"column":39}},"24":{"start":{"line":27,"column":19},"end":{"line":27,"column":54}},"25":{"start":{"line":29,"column":12},"end":{"line":29,"column":37}},"26":{"start":{"line":31,"column":13},"end":{"line":31,"column":42}},"27":{"start":{"line":33,"column":15},"end":{"line":33,"column":36}},"28":{"start":{"line":35,"column":39},"end":{"line":35,"column":93}},"29":{"start":{"line":37,"column":50},"end":{"line":37,"column":151}},"30":{"start":{"line":37,"column":92},"end":{"line":37,"column":149}},"31":{"start":{"line":39,"column":0},"end":{"line":39,"column":24}},"32":{"start":{"line":40,"column":13},"end":{"line":40,"column":34}},"33":{"start":{"line":47,"column":22},"end":{"line":357,"column":3}},"34":{"start":{"line":49,"column":4},"end":{"line":49,"column":43}},"35":{"start":{"line":52,"column":2},"end":{"line":354,"column":6}},"36":{"start":{"line":64,"column":6},"end":{"line":93,"column":9}},"37":{"start":{"line":67,"column":8},"end":{"line":69,"column":9}},"38":{"start":{"line":68,"column":10},"end":{"line":68,"column":85}},"39":{"start":{"line":70,"column":8},"end":{"line":77,"column":9}},"40":{"start":{"line":71,"column":10},"end":{"line":75,"column":11}},"41":{"start":{"line":72,"column":12},"end":{"line":72,"column":99}},"42":{"start":{"line":73,"column":17},"end":{"line":75,"column":11}},"43":{"start":{"line":74,"column":12},"end":{"line":74,"column":86}},"44":{"start":{"line":76,"column":10},"end":{"line":76,"column":87}},"45":{"start":{"line":78,"column":19},"end":{"line":78,"column":53}},"46":{"start":{"line":79,"column":29},"end":{"line":79,"column":81}},"47":{"start":{"line":80,"column":22},"end":{"line":85,"column":10}},"48":{"start":{"line":86,"column":8},"end":{"line":92,"column":11}},"49":{"start":{"line":87,"column":10},"end":{"line":89,"column":11}},"50":{"start":{"line":88,"column":12},"end":{"line":88,"column":87}},"51":{"start":{"line":90,"column":22},"end":{"line":90,"column":98}},"52":{"start":{"line":91,"column":10},"end":{"line":91,"column":75}},"53":{"start":{"line":108,"column":24},"end":{"line":108,"column":30}},"54":{"start":{"line":109,"column":6},"end":{"line":115,"column":7}},"55":{"start":{"line":110,"column":8},"end":{"line":110,"column":33}},"56":{"start":{"line":111,"column":13},"end":{"line":115,"column":7}},"57":{"start":{"line":112,"column":8},"end":{"line":112,"column":30}},"58":{"start":{"line":114,"column":8},"end":{"line":114,"column":42}},"59":{"start":{"line":116,"column":6},"end":{"line":118,"column":7}},"60":{"start":{"line":117,"column":8},"end":{"line":117,"column":104}},"61":{"start":{"line":119,"column":6},"end":{"line":121,"column":7}},"62":{"start":{"line":120,"column":8},"end":{"line":120,"column":95}},"63":{"start":{"line":122,"column":6},"end":{"line":138,"column":9}},"64":{"start":{"line":125,"column":8},"end":{"line":127,"column":9}},"65":{"start":{"line":126,"column":10},"end":{"line":126,"column":85}},"66":{"start":{"line":128,"column":8},"end":{"line":130,"column":9}},"67":{"start":{"line":129,"column":10},"end":{"line":129,"column":103}},"68":{"start":{"line":131,"column":8},"end":{"line":137,"column":11}},"69":{"start":{"line":132,"column":10},"end":{"line":135,"column":11}},"70":{"start":{"line":133,"column":24},"end":{"line":133,"column":99}},"71":{"start":{"line":134,"column":12},"end":{"line":134,"column":77}},"72":{"start":{"line":136,"column":10},"end":{"line":136,"column":92}},"73":{"start":{"line":154,"column":6},"end":{"line":171,"column":9}},"74":{"start":{"line":155,"column":8},"end":{"line":157,"column":9}},"75":{"start":{"line":156,"column":10},"end":{"line":156,"column":85}},"76":{"start":{"line":158,"column":32},"end":{"line":158,"column":48}},"77":{"start":{"line":159,"column":20},"end":{"line":159,"column":43}},"78":{"start":{"line":160,"column":23},"end":{"line":160,"column":49}},"79":{"start":{"line":162,"column":8},"end":{"line":162,"column":64}},"80":{"start":{"line":163,"column":8},"end":{"line":163,"column":73}},"81":{"start":{"line":164,"column":8},"end":{"line":170,"column":11}},"82":{"start":{"line":165,"column":10},"end":{"line":167,"column":11}},"83":{"start":{"line":166,"column":12},"end":{"line":166,"column":87}},"84":{"start":{"line":168,"column":22},"end":{"line":168,"column":100}},"85":{"start":{"line":169,"column":10},"end":{"line":169,"column":75}},"86":{"start":{"line":187,"column":6},"end":{"line":189,"column":7}},"87":{"start":{"line":188,"column":8},"end":{"line":188,"column":75}},"88":{"start":{"line":190,"column":6},"end":{"line":199,"column":9}},"89":{"start":{"line":191,"column":8},"end":{"line":193,"column":9}},"90":{"start":{"line":192,"column":10},"end":{"line":192,"column":85}},"91":{"start":{"line":194,"column":8},"end":{"line":196,"column":9}},"92":{"start":{"line":195,"column":10},"end":{"line":195,"column":77}},"93":{"start":{"line":197,"column":20},"end":{"line":197,"column":97}},"94":{"start":{"line":198,"column":8},"end":{"line":198,"column":73}},"95":{"start":{"line":215,"column":6},"end":{"line":217,"column":7}},"96":{"start":{"line":216,"column":8},"end":{"line":216,"column":75}},"97":{"start":{"line":218,"column":6},"end":{"line":235,"column":9}},"98":{"start":{"line":219,"column":8},"end":{"line":219,"column":47}},"99":{"start":{"line":220,"column":8},"end":{"line":224,"column":9}},"100":{"start":{"line":221,"column":10},"end":{"line":221,"column":85}},"101":{"start":{"line":222,"column":15},"end":{"line":224,"column":9}},"102":{"start":{"line":223,"column":10},"end":{"line":223,"column":78}},"103":{"start":{"line":225,"column":28},"end":{"line":225,"column":56}},"104":{"start":{"line":226,"column":20},"end":{"line":226,"column":34}},"105":{"start":{"line":228,"column":22},"end":{"line":228,"column":62}},"106":{"start":{"line":229,"column":8},"end":{"line":234,"column":11}},"107":{"start":{"line":230,"column":10},"end":{"line":232,"column":11}},"108":{"start":{"line":231,"column":12},"end":{"line":231,"column":87}},"109":{"start":{"line":233,"column":10},"end":{"line":233,"column":110}},"110":{"start":{"line":249,"column":6},"end":{"line":253,"column":7}},"111":{"start":{"line":250,"column":8},"end":{"line":250,"column":78}},"112":{"start":{"line":251,"column":13},"end":{"line":253,"column":7}},"113":{"start":{"line":252,"column":8},"end":{"line":252,"column":136}},"114":{"start":{"line":254,"column":6},"end":{"line":275,"column":9}},"115":{"start":{"line":255,"column":8},"end":{"line":274,"column":9}},"116":{"start":{"line":256,"column":10},"end":{"line":271,"column":13}},"117":{"start":{"line":257,"column":12},"end":{"line":270,"column":15}},"118":{"start":{"line":258,"column":14},"end":{"line":262,"column":15}},"119":{"start":{"line":259,"column":16},"end":{"line":259,"column":91}},"120":{"start":{"line":260,"column":21},"end":{"line":262,"column":15}},"121":{"start":{"line":261,"column":16},"end":{"line":261,"column":89}},"122":{"start":{"line":263,"column":14},"end":{"line":263,"column":49}},"123":{"start":{"line":264,"column":14},"end":{"line":269,"column":17}},"124":{"start":{"line":265,"column":16},"end":{"line":267,"column":17}},"125":{"start":{"line":266,"column":18},"end":{"line":266,"column":93}},"126":{"start":{"line":268,"column":16},"end":{"line":268,"column":110}},"127":{"start":{"line":273,"column":10},"end":{"line":273,"column":76}},"128":{"start":{"line":290,"column":6},"end":{"line":294,"column":9}},"129":{"start":{"line":295,"column":6},"end":{"line":297,"column":7}},"130":{"start":{"line":296,"column":8},"end":{"line":296,"column":76}},"131":{"start":{"line":298,"column":22},"end":{"line":298,"column":38}},"132":{"start":{"line":299,"column":6},"end":{"line":301,"column":7}},"133":{"start":{"line":300,"column":8},"end":{"line":300,"column":42}},"134":{"start":{"line":303,"column":17},"end":{"line":303,"column":31}},"135":{"start":{"line":305,"column":6},"end":{"line":324,"column":9}},"136":{"start":{"line":306,"column":8},"end":{"line":321,"column":11}},"137":{"start":{"line":307,"column":20},"end":{"line":307,"column":39}},"138":{"start":{"line":309,"column":10},"end":{"line":320,"column":13}},"139":{"start":{"line":310,"column":12},"end":{"line":312,"column":13}},"140":{"start":{"line":311,"column":14},"end":{"line":311,"column":89}},"141":{"start":{"line":313,"column":12},"end":{"line":313,"column":39}},"142":{"start":{"line":314,"column":12},"end":{"line":319,"column":15}},"143":{"start":{"line":315,"column":14},"end":{"line":317,"column":15}},"144":{"start":{"line":316,"column":16},"end":{"line":316,"column":91}},"145":{"start":{"line":318,"column":14},"end":{"line":318,"column":152}},"146":{"start":{"line":323,"column":8},"end":{"line":323,"column":93}},"147":{"start":{"line":340,"column":6},"end":{"line":342,"column":7}},"148":{"start":{"line":341,"column":8},"end":{"line":341,"column":85}},"149":{"start":{"line":343,"column":6},"end":{"line":352,"column":9}},"150":{"start":{"line":348,"column":8},"end":{"line":350,"column":9}},"151":{"start":{"line":349,"column":10},"end":{"line":349,"column":85}},"152":{"start":{"line":351,"column":8},"end":{"line":351,"column":70}},"153":{"start":{"line":356,"column":2},"end":{"line":356,"column":25}},"154":{"start":{"line":359,"column":0},"end":{"line":359,"column":34}}},"fnMap":{"0":{"name":"(anonymous_0)","decl":{"start":{"line":7,"column":19},"end":{"line":7,"column":20}},"loc":{"start":{"line":7,"column":31},"end":{"line":7,"column":561}},"line":7},"1":{"name":"defineProperties","decl":{"start":{"line":7,"column":42},"end":{"line":7,"column":58}},"loc":{"start":{"line":7,"column":74},"end":{"line":7,"column":349}},"line":7},"2":{"name":"(anonymous_2)","decl":{"start":{"line":7,"column":357},"end":{"line":7,"column":358}},"loc":{"start":{"line":7,"column":405},"end":{"line":7,"column":558}},"line":7},"3":{"name":"_interopRequireDefault","decl":{"start":{"line":35,"column":9},"end":{"line":35,"column":31}},"loc":{"start":{"line":35,"column":37},"end":{"line":35,"column":95}},"line":35},"4":{"name":"_classCallCheck","decl":{"start":{"line":37,"column":9},"end":{"line":37,"column":24}},"loc":{"start":{"line":37,"column":48},"end":{"line":37,"column":153}},"line":37},"5":{"name":"(anonymous_5)","decl":{"start":{"line":47,"column":22},"end":{"line":47,"column":23}},"loc":{"start":{"line":47,"column":34},"end":{"line":357,"column":1}},"line":47},"6":{"name":"UserControllers","decl":{"start":{"line":48,"column":11},"end":{"line":48,"column":26}},"loc":{"start":{"line":48,"column":29},"end":{"line":50,"column":3}},"line":48},"7":{"name":"createUser","decl":{"start":{"line":63,"column":20},"end":{"line":63,"column":30}},"loc":{"start":{"line":63,"column":41},"end":{"line":94,"column":5}},"line":63},"8":{"name":"(anonymous_8)","decl":{"start":{"line":66,"column":9},"end":{"line":66,"column":10}},"loc":{"start":{"line":66,"column":37},"end":{"line":93,"column":7}},"line":66},"9":{"name":"(anonymous_9)","decl":{"start":{"line":86,"column":21},"end":{"line":86,"column":22}},"loc":{"start":{"line":86,"column":47},"end":{"line":92,"column":9}},"line":86},"10":{"name":"authenticateUser","decl":{"start":{"line":107,"column":20},"end":{"line":107,"column":36}},"loc":{"start":{"line":107,"column":47},"end":{"line":139,"column":5}},"line":107},"11":{"name":"(anonymous_11)","decl":{"start":{"line":124,"column":9},"end":{"line":124,"column":10}},"loc":{"start":{"line":124,"column":34},"end":{"line":138,"column":7}},"line":124},"12":{"name":"(anonymous_12)","decl":{"start":{"line":131,"column":73},"end":{"line":131,"column":74}},"loc":{"start":{"line":131,"column":98},"end":{"line":137,"column":9}},"line":131},"13":{"name":"updateUserProfile","decl":{"start":{"line":153,"column":20},"end":{"line":153,"column":37}},"loc":{"start":{"line":153,"column":48},"end":{"line":172,"column":5}},"line":153},"14":{"name":"(anonymous_14)","decl":{"start":{"line":154,"column":71},"end":{"line":154,"column":72}},"loc":{"start":{"line":154,"column":92},"end":{"line":171,"column":7}},"line":154},"15":{"name":"(anonymous_15)","decl":{"start":{"line":164,"column":18},"end":{"line":164,"column":19}},"loc":{"start":{"line":164,"column":46},"end":{"line":170,"column":9}},"line":164},"16":{"name":"googleSignin","decl":{"start":{"line":186,"column":20},"end":{"line":186,"column":32}},"loc":{"start":{"line":186,"column":43},"end":{"line":200,"column":5}},"line":186},"17":{"name":"(anonymous_17)","decl":{"start":{"line":190,"column":56},"end":{"line":190,"column":57}},"loc":{"start":{"line":190,"column":83},"end":{"line":199,"column":7}},"line":190},"18":{"name":"sendsecretCode","decl":{"start":{"line":214,"column":20},"end":{"line":214,"column":34}},"loc":{"start":{"line":214,"column":45},"end":{"line":236,"column":5}},"line":214},"19":{"name":"(anonymous_19)","decl":{"start":{"line":218,"column":56},"end":{"line":218,"column":57}},"loc":{"start":{"line":218,"column":82},"end":{"line":235,"column":7}},"line":218},"20":{"name":"(anonymous_20)","decl":{"start":{"line":229,"column":51},"end":{"line":229,"column":52}},"loc":{"start":{"line":229,"column":78},"end":{"line":234,"column":9}},"line":229},"21":{"name":"verifyCodeAndUpdatePassword","decl":{"start":{"line":248,"column":20},"end":{"line":248,"column":47}},"loc":{"start":{"line":248,"column":58},"end":{"line":276,"column":5}},"line":248},"22":{"name":"(anonymous_22)","decl":{"start":{"line":254,"column":69},"end":{"line":254,"column":70}},"loc":{"start":{"line":254,"column":94},"end":{"line":275,"column":7}},"line":254},"23":{"name":"(anonymous_23)","decl":{"start":{"line":256,"column":57},"end":{"line":256,"column":58}},"loc":{"start":{"line":256,"column":78},"end":{"line":271,"column":11}},"line":256},"24":{"name":"(anonymous_24)","decl":{"start":{"line":257,"column":62},"end":{"line":257,"column":63}},"loc":{"start":{"line":257,"column":97},"end":{"line":270,"column":13}},"line":257},"25":{"name":"(anonymous_25)","decl":{"start":{"line":264,"column":38},"end":{"line":264,"column":39}},"loc":{"start":{"line":264,"column":66},"end":{"line":269,"column":15}},"line":264},"26":{"name":"uploadProfilePicture","decl":{"start":{"line":289,"column":20},"end":{"line":289,"column":40}},"loc":{"start":{"line":289,"column":51},"end":{"line":325,"column":5}},"line":289},"27":{"name":"(anonymous_27)","decl":{"start":{"line":305,"column":48},"end":{"line":305,"column":49}},"loc":{"start":{"line":305,"column":60},"end":{"line":322,"column":7}},"line":305},"28":{"name":"(anonymous_28)","decl":{"start":{"line":306,"column":82},"end":{"line":306,"column":83}},"loc":{"start":{"line":306,"column":109},"end":{"line":321,"column":9}},"line":306},"29":{"name":"(anonymous_29)","decl":{"start":{"line":309,"column":75},"end":{"line":309,"column":76}},"loc":{"start":{"line":309,"column":103},"end":{"line":320,"column":11}},"line":309},"30":{"name":"(anonymous_30)","decl":{"start":{"line":314,"column":29},"end":{"line":314,"column":30}},"loc":{"start":{"line":314,"column":57},"end":{"line":319,"column":13}},"line":314},"31":{"name":"(anonymous_31)","decl":{"start":{"line":322,"column":15},"end":{"line":322,"column":16}},"loc":{"start":{"line":322,"column":27},"end":{"line":324,"column":7}},"line":322},"32":{"name":"getUsers","decl":{"start":{"line":339,"column":20},"end":{"line":339,"column":28}},"loc":{"start":{"line":339,"column":39},"end":{"line":353,"column":5}},"line":339},"33":{"name":"(anonymous_33)","decl":{"start":{"line":347,"column":9},"end":{"line":347,"column":10}},"loc":{"start":{"line":347,"column":31},"end":{"line":352,"column":7}},"line":347}},"branchMap":{"0":{"loc":{"start":{"line":7,"column":168},"end":{"line":7,"column":198}},"type":"binary-expr","locations":[{"start":{"line":7,"column":168},"end":{"line":7,"column":189}},{"start":{"line":7,"column":193},"end":{"line":7,"column":198}}],"line":7},"1":{"loc":{"start":{"line":7,"column":232},"end":{"line":7,"column":286}},"type":"if","locations":[{"start":{"line":7,"column":232},"end":{"line":7,"column":286}},{"start":{"line":7,"column":232},"end":{"line":7,"column":286}}],"line":7},"2":{"loc":{"start":{"line":7,"column":407},"end":{"line":7,"column":475}},"type":"if","locations":[{"start":{"line":7,"column":407},"end":{"line":7,"column":475}},{"start":{"line":7,"column":407},"end":{"line":7,"column":475}}],"line":7},"3":{"loc":{"start":{"line":7,"column":476},"end":{"line":7,"column":536}},"type":"if","locations":[{"start":{"line":7,"column":476},"end":{"line":7,"column":536}},{"start":{"line":7,"column":476},"end":{"line":7,"column":536}}],"line":7},"4":{"loc":{"start":{"line":35,"column":46},"end":{"line":35,"column":92}},"type":"cond-expr","locations":[{"start":{"line":35,"column":70},"end":{"line":35,"column":73}},{"start":{"line":35,"column":76},"end":{"line":35,"column":92}}],"line":35},"5":{"loc":{"start":{"line":35,"column":46},"end":{"line":35,"column":67}},"type":"binary-expr","locations":[{"start":{"line":35,"column":46},"end":{"line":35,"column":49}},{"start":{"line":35,"column":53},"end":{"line":35,"column":67}}],"line":35},"6":{"loc":{"start":{"line":37,"column":50},"end":{"line":37,"column":151}},"type":"if","locations":[{"start":{"line":37,"column":50},"end":{"line":37,"column":151}},{"start":{"line":37,"column":50},"end":{"line":37,"column":151}}],"line":37},"7":{"loc":{"start":{"line":67,"column":8},"end":{"line":69,"column":9}},"type":"if","locations":[{"start":{"line":67,"column":8},"end":{"line":69,"column":9}},{"start":{"line":67,"column":8},"end":{"line":69,"column":9}}],"line":67},"8":{"loc":{"start":{"line":70,"column":8},"end":{"line":77,"column":9}},"type":"if","locations":[{"start":{"line":70,"column":8},"end":{"line":77,"column":9}},{"start":{"line":70,"column":8},"end":{"line":77,"column":9}}],"line":70},"9":{"loc":{"start":{"line":71,"column":10},"end":{"line":75,"column":11}},"type":"if","locations":[{"start":{"line":71,"column":10},"end":{"line":75,"column":11}},{"start":{"line":71,"column":10},"end":{"line":75,"column":11}}],"line":71},"10":{"loc":{"start":{"line":71,"column":14},"end":{"line":71,"column":96}},"type":"binary-expr","locations":[{"start":{"line":71,"column":14},"end":{"line":71,"column":56}},{"start":{"line":71,"column":60},"end":{"line":71,"column":96}}],"line":71},"11":{"loc":{"start":{"line":73,"column":17},"end":{"line":75,"column":11}},"type":"if","locations":[{"start":{"line":73,"column":17},"end":{"line":75,"column":11}},{"start":{"line":73,"column":17},"end":{"line":75,"column":11}}],"line":73},"12":{"loc":{"start":{"line":87,"column":10},"end":{"line":89,"column":11}},"type":"if","locations":[{"start":{"line":87,"column":10},"end":{"line":89,"column":11}},{"start":{"line":87,"column":10},"end":{"line":89,"column":11}}],"line":87},"13":{"loc":{"start":{"line":109,"column":6},"end":{"line":115,"column":7}},"type":"if","locations":[{"start":{"line":109,"column":6},"end":{"line":115,"column":7}},{"start":{"line":109,"column":6},"end":{"line":115,"column":7}}],"line":109},"14":{"loc":{"start":{"line":111,"column":13},"end":{"line":115,"column":7}},"type":"if","locations":[{"start":{"line":111,"column":13},"end":{"line":115,"column":7}},{"start":{"line":111,"column":13},"end":{"line":115,"column":7}}],"line":111},"15":{"loc":{"start":{"line":116,"column":6},"end":{"line":118,"column":7}},"type":"if","locations":[{"start":{"line":116,"column":6},"end":{"line":118,"column":7}},{"start":{"line":116,"column":6},"end":{"line":118,"column":7}}],"line":116},"16":{"loc":{"start":{"line":116,"column":10},"end":{"line":116,"column":105}},"type":"binary-expr","locations":[{"start":{"line":116,"column":10},"end":{"line":116,"column":54}},{"start":{"line":116,"column":58},"end":{"line":116,"column":105}}],"line":116},"17":{"loc":{"start":{"line":119,"column":6},"end":{"line":121,"column":7}},"type":"if","locations":[{"start":{"line":119,"column":6},"end":{"line":121,"column":7}},{"start":{"line":119,"column":6},"end":{"line":121,"column":7}}],"line":119},"18":{"loc":{"start":{"line":125,"column":8},"end":{"line":127,"column":9}},"type":"if","locations":[{"start":{"line":125,"column":8},"end":{"line":127,"column":9}},{"start":{"line":125,"column":8},"end":{"line":127,"column":9}}],"line":125},"19":{"loc":{"start":{"line":128,"column":8},"end":{"line":130,"column":9}},"type":"if","locations":[{"start":{"line":128,"column":8},"end":{"line":130,"column":9}},{"start":{"line":128,"column":8},"end":{"line":130,"column":9}}],"line":128},"20":{"loc":{"start":{"line":132,"column":10},"end":{"line":135,"column":11}},"type":"if","locations":[{"start":{"line":132,"column":10},"end":{"line":135,"column":11}},{"start":{"line":132,"column":10},"end":{"line":135,"column":11}}],"line":132},"21":{"loc":{"start":{"line":155,"column":8},"end":{"line":157,"column":9}},"type":"if","locations":[{"start":{"line":155,"column":8},"end":{"line":157,"column":9}},{"start":{"line":155,"column":8},"end":{"line":157,"column":9}}],"line":155},"22":{"loc":{"start":{"line":162,"column":21},"end":{"line":162,"column":63}},"type":"binary-expr","locations":[{"start":{"line":162,"column":21},"end":{"line":162,"column":26}},{"start":{"line":162,"column":30},"end":{"line":162,"column":63}}],"line":162},"23":{"loc":{"start":{"line":163,"column":24},"end":{"line":163,"column":72}},"type":"binary-expr","locations":[{"start":{"line":163,"column":24},"end":{"line":163,"column":32}},{"start":{"line":163,"column":36},"end":{"line":163,"column":72}}],"line":163},"24":{"loc":{"start":{"line":165,"column":10},"end":{"line":167,"column":11}},"type":"if","locations":[{"start":{"line":165,"column":10},"end":{"line":167,"column":11}},{"start":{"line":165,"column":10},"end":{"line":167,"column":11}}],"line":165},"25":{"loc":{"start":{"line":187,"column":6},"end":{"line":189,"column":7}},"type":"if","locations":[{"start":{"line":187,"column":6},"end":{"line":189,"column":7}},{"start":{"line":187,"column":6},"end":{"line":189,"column":7}}],"line":187},"26":{"loc":{"start":{"line":191,"column":8},"end":{"line":193,"column":9}},"type":"if","locations":[{"start":{"line":191,"column":8},"end":{"line":193,"column":9}},{"start":{"line":191,"column":8},"end":{"line":193,"column":9}}],"line":191},"27":{"loc":{"start":{"line":194,"column":8},"end":{"line":196,"column":9}},"type":"if","locations":[{"start":{"line":194,"column":8},"end":{"line":196,"column":9}},{"start":{"line":194,"column":8},"end":{"line":196,"column":9}}],"line":194},"28":{"loc":{"start":{"line":215,"column":6},"end":{"line":217,"column":7}},"type":"if","locations":[{"start":{"line":215,"column":6},"end":{"line":217,"column":7}},{"start":{"line":215,"column":6},"end":{"line":217,"column":7}}],"line":215},"29":{"loc":{"start":{"line":220,"column":8},"end":{"line":224,"column":9}},"type":"if","locations":[{"start":{"line":220,"column":8},"end":{"line":224,"column":9}},{"start":{"line":220,"column":8},"end":{"line":224,"column":9}}],"line":220},"30":{"loc":{"start":{"line":222,"column":15},"end":{"line":224,"column":9}},"type":"if","locations":[{"start":{"line":222,"column":15},"end":{"line":224,"column":9}},{"start":{"line":222,"column":15},"end":{"line":224,"column":9}}],"line":222},"31":{"loc":{"start":{"line":230,"column":10},"end":{"line":232,"column":11}},"type":"if","locations":[{"start":{"line":230,"column":10},"end":{"line":232,"column":11}},{"start":{"line":230,"column":10},"end":{"line":232,"column":11}}],"line":230},"32":{"loc":{"start":{"line":249,"column":6},"end":{"line":253,"column":7}},"type":"if","locations":[{"start":{"line":249,"column":6},"end":{"line":253,"column":7}},{"start":{"line":249,"column":6},"end":{"line":253,"column":7}}],"line":249},"33":{"loc":{"start":{"line":251,"column":13},"end":{"line":253,"column":7}},"type":"if","locations":[{"start":{"line":251,"column":13},"end":{"line":253,"column":7}},{"start":{"line":251,"column":13},"end":{"line":253,"column":7}}],"line":251},"34":{"loc":{"start":{"line":255,"column":8},"end":{"line":274,"column":9}},"type":"if","locations":[{"start":{"line":255,"column":8},"end":{"line":274,"column":9}},{"start":{"line":255,"column":8},"end":{"line":274,"column":9}}],"line":255},"35":{"loc":{"start":{"line":258,"column":14},"end":{"line":262,"column":15}},"type":"if","locations":[{"start":{"line":258,"column":14},"end":{"line":262,"column":15}},{"start":{"line":258,"column":14},"end":{"line":262,"column":15}}],"line":258},"36":{"loc":{"start":{"line":260,"column":21},"end":{"line":262,"column":15}},"type":"if","locations":[{"start":{"line":260,"column":21},"end":{"line":262,"column":15}},{"start":{"line":260,"column":21},"end":{"line":262,"column":15}}],"line":260},"37":{"loc":{"start":{"line":265,"column":16},"end":{"line":267,"column":17}},"type":"if","locations":[{"start":{"line":265,"column":16},"end":{"line":267,"column":17}},{"start":{"line":265,"column":16},"end":{"line":267,"column":17}}],"line":265},"38":{"loc":{"start":{"line":295,"column":6},"end":{"line":297,"column":7}},"type":"if","locations":[{"start":{"line":295,"column":6},"end":{"line":297,"column":7}},{"start":{"line":295,"column":6},"end":{"line":297,"column":7}}],"line":295},"39":{"loc":{"start":{"line":299,"column":6},"end":{"line":301,"column":7}},"type":"if","locations":[{"start":{"line":299,"column":6},"end":{"line":301,"column":7}},{"start":{"line":299,"column":6},"end":{"line":301,"column":7}}],"line":299},"40":{"loc":{"start":{"line":310,"column":12},"end":{"line":312,"column":13}},"type":"if","locations":[{"start":{"line":310,"column":12},"end":{"line":312,"column":13}},{"start":{"line":310,"column":12},"end":{"line":312,"column":13}}],"line":310},"41":{"loc":{"start":{"line":315,"column":14},"end":{"line":317,"column":15}},"type":"if","locations":[{"start":{"line":315,"column":14},"end":{"line":317,"column":15}},{"start":{"line":315,"column":14},"end":{"line":317,"column":15}}],"line":315},"42":{"loc":{"start":{"line":340,"column":6},"end":{"line":342,"column":7}},"type":"if","locations":[{"start":{"line":340,"column":6},"end":{"line":342,"column":7}},{"start":{"line":340,"column":6},"end":{"line":342,"column":7}}],"line":340},"43":{"loc":{"start":{"line":348,"column":8},"end":{"line":350,"column":9}},"type":"if","locations":[{"start":{"line":348,"column":8},"end":{"line":350,"column":9}},{"start":{"line":348,"column":8},"end":{"line":350,"column":9}}],"line":348}},"s":{"0":1,"1":1,"2":1,"3":8,"4":8,"5":8,"6":8,"7":8,"8":8,"9":1,"10":1,"11":0,"12":1,"13":1,"14":1,"15":1,"16":1,"17":1,"18":1,"19":1,"20":1,"21":1,"22":1,"23":1,"24":1,"25":1,"26":1,"27":1,"28":6,"29":0,"30":0,"31":1,"32":1,"33":1,"34":0,"35":1,"36":5,"37":5,"38":0,"39":5,"40":2,"41":0,"42":2,"43":1,"44":1,"45":3,"46":3,"47":3,"48":3,"49":3,"50":0,"51":3,"52":3,"53":4,"54":4,"55":3,"56":1,"57":0,"58":1,"59":4,"60":1,"61":3,"62":0,"63":3,"64":3,"65":0,"66":3,"67":1,"68":2,"69":2,"70":1,"71":1,"72":1,"73":2,"74":2,"75":0,"76":2,"77":2,"78":2,"79":2,"80":2,"81":2,"82":2,"83":0,"84":2,"85":2,"86":3,"87":1,"88":2,"89":2,"90":0,"91":2,"92":1,"93":1,"94":1,"95":2,"96":1,"97":1,"98":1,"99":1,"100":0,"101":1,"102":0,"103":1,"104":1,"105":1,"106":1,"107":1,"108":0,"109":1,"110":3,"111":1,"112":2,"113":1,"114":1,"115":1,"116":0,"117":0,"118":0,"119":0,"120":0,"121":0,"122":0,"123":0,"124":0,"125":0,"126":0,"127":1,"128":0,"129":0,"130":0,"131":0,"132":0,"133":0,"134":0,"135":0,"136":0,"137":0,"138":0,"139":0,"140":0,"141":0,"142":0,"143":0,"144":0,"145":0,"146":0,"147":2,"148":1,"149":1,"150":1,"151":0,"152":1,"153":1,"154":1},"f":{"0":1,"1":1,"2":1,"3":6,"4":0,"5":1,"6":0,"7":5,"8":5,"9":3,"10":4,"11":3,"12":2,"13":2,"14":2,"15":2,"16":3,"17":2,"18":2,"19":1,"20":1,"21":3,"22":1,"23":0,"24":0,"25":0,"26":0,"27":0,"28":0,"29":0,"30":0,"31":0,"32":2,"33":1},"b":{"0":[8,8],"1":[8,0],"2":[0,1],"3":[1,0],"4":[1,5],"5":[6,6],"6":[0,0],"7":[0,5],"8":[2,3],"9":[0,2],"10":[2,1],"11":[1,1],"12":[0,3],"13":[3,1],"14":[0,1],"15":[1,3],"16":[4,4],"17":[0,3],"18":[0,3],"19":[1,2],"20":[1,1],"21":[0,2],"22":[2,1],"23":[2,1],"24":[0,2],"25":[1,2],"26":[0,2],"27":[1,1],"28":[1,1],"29":[0,1],"30":[0,1],"31":[0,1],"32":[1,2],"33":[1,1],"34":[0,1],"35":[0,0],"36":[0,0],"37":[0,0],"38":[0,0],"39":[0,0],"40":[0,0],"41":[0,0],"42":[1,1],"43":[0,1]},"_coverageSchema":"332fd63041d2c1bcb487cc26dd0d5f7d97098a6c","hash":"4e736c9c990228cdba5aba5a98542672f293e9b4","contentHash":"8b9ffbaedec59a18eaaa986e7de02ec1_11.2.1"},"/Users/andeladeveloper/Desktop/Worklist/server/models/User.js":{"path":"/Users/andeladeveloper/Desktop/Worklist/server/models/User.js","statementMap":{"0":{"start":{"line":3,"column":0},"end":{"line":5,"column":3}},"1":{"start":{"line":7,"column":16},"end":{"line":7,"column":35}},"2":{"start":{"line":9,"column":17},"end":{"line":9,"column":50}},"3":{"start":{"line":11,"column":39},"end":{"line":11,"column":93}},"4":{"start":{"line":13,"column":13},"end":{"line":13,"column":38}},"5":{"start":{"line":16,"column":17},"end":{"line":42,"column":2}},"6":{"start":{"line":43,"column":0},"end":{"line":43,"column":39}},"7":{"start":{"line":44,"column":11},"end":{"line":44,"column":55}},"8":{"start":{"line":46,"column":0},"end":{"line":46,"column":23}}},"fnMap":{"0":{"name":"_interopRequireDefault","decl":{"start":{"line":11,"column":9},"end":{"line":11,"column":31}},"loc":{"start":{"line":11,"column":37},"end":{"line":11,"column":95}},"line":11}},"branchMap":{"0":{"loc":{"start":{"line":11,"column":46},"end":{"line":11,"column":92}},"type":"cond-expr","locations":[{"start":{"line":11,"column":70},"end":{"line":11,"column":73}},{"start":{"line":11,"column":76},"end":{"line":11,"column":92}}],"line":11},"1":{"loc":{"start":{"line":11,"column":46},"end":{"line":11,"column":67}},"type":"binary-expr","locations":[{"start":{"line":11,"column":46},"end":{"line":11,"column":49}},{"start":{"line":11,"column":53},"end":{"line":11,"column":67}}],"line":11}},"s":{"0":1,"1":1,"2":1,"3":1,"4":1,"5":1,"6":1,"7":1,"8":1},"f":{"0":1},"b":{"0":[0,1],"1":[1,1]},"_coverageSchema":"332fd63041d2c1bcb487cc26dd0d5f7d97098a6c","hash":"47d220d79ddd0733642b927139c5d1025f9c3e5e","contentHash":"556faa86316d96987c77c317d9919dee_11.2.1"},"/Users/andeladeveloper/Desktop/Worklist/server/helpers/index.js":{"path":"/Users/andeladeveloper/Desktop/Worklist/server/helpers/index.js","statementMap":{"0":{"start":{"line":3,"column":0},"end":{"line":5,"column":3}},"1":{"start":{"line":6,"column":0},"end":{"line":6,"column":304}},"2":{"start":{"line":8,"column":20},"end":{"line":8,"column":43}},"3":{"start":{"line":10,"column":21},"end":{"line":10,"column":58}},"4":{"start":{"line":12,"column":14},"end":{"line":12,"column":31}},"5":{"start":{"line":14,"column":15},"end":{"line":14,"column":46}},"6":{"start":{"line":16,"column":18},"end":{"line":16,"column":39}},"7":{"start":{"line":18,"column":19},"end":{"line":18,"column":54}},"8":{"start":{"line":20,"column":39},"end":{"line":20,"column":93}},"9":{"start":{"line":22,"column":0},"end":{"line":22,"column":24}},"10":{"start":{"line":31,"column":21},"end":{"line":40,"column":1}},"11":{"start":{"line":32,"column":2},"end":{"line":35,"column":3}},"12":{"start":{"line":33,"column":4},"end":{"line":33,"column":24}},"13":{"start":{"line":34,"column":4},"end":{"line":34,"column":17}},"14":{"start":{"line":36,"column":2},"end":{"line":38,"column":5}},"15":{"start":{"line":37,"column":4},"end":{"line":37,"column":23}},"16":{"start":{"line":39,"column":2},"end":{"line":39,"column":15}},"17":{"start":{"line":51,"column":20},"end":{"line":57,"column":1}},"18":{"start":{"line":52,"column":14},"end":{"line":55,"column":12}},"19":{"start":{"line":56,"column":2},"end":{"line":56,"column":15}},"20":{"start":{"line":59,"column":22},"end":{"line":64,"column":1}},"21":{"start":{"line":60,"column":2},"end":{"line":62,"column":3}},"22":{"start":{"line":61,"column":4},"end":{"line":61,"column":17}},"23":{"start":{"line":63,"column":2},"end":{"line":63,"column":14}},"24":{"start":{"line":75,"column":14},"end":{"line":86,"column":1}},"25":{"start":{"line":76,"column":12},"end":{"line":76,"column":26}},"26":{"start":{"line":77,"column":2},"end":{"line":79,"column":3}},"27":{"start":{"line":78,"column":4},"end":{"line":78,"column":17}},"28":{"start":{"line":80,"column":2},"end":{"line":84,"column":3}},"29":{"start":{"line":81,"column":4},"end":{"line":83,"column":5}},"30":{"start":{"line":82,"column":6},"end":{"line":82,"column":19}},"31":{"start":{"line":85,"column":2},"end":{"line":85,"column":14}},"32":{"start":{"line":88,"column":13},"end":{"line":98,"column":1}},"33":{"start":{"line":89,"column":2},"end":{"line":91,"column":3}},"34":{"start":{"line":90,"column":4},"end":{"line":90,"column":17}},"35":{"start":{"line":92,"column":2},"end":{"line":96,"column":3}},"36":{"start":{"line":93,"column":4},"end":{"line":95,"column":5}},"37":{"start":{"line":94,"column":6},"end":{"line":94,"column":19}},"38":{"start":{"line":97,"column":2},"end":{"line":97,"column":14}},"39":{"start":{"line":108,"column":21},"end":{"line":122,"column":1}},"40":{"start":{"line":109,"column":2},"end":{"line":111,"column":3}},"41":{"start":{"line":110,"column":4},"end":{"line":110,"column":16}},"42":{"start":{"line":112,"column":17},"end":{"line":112,"column":22}},"43":{"start":{"line":113,"column":2},"end":{"line":117,"column":5}},"44":{"start":{"line":114,"column":4},"end":{"line":116,"column":5}},"45":{"start":{"line":115,"column":6},"end":{"line":115,"column":22}},"46":{"start":{"line":118,"column":2},"end":{"line":120,"column":3}},"47":{"start":{"line":119,"column":4},"end":{"line":119,"column":16}},"48":{"start":{"line":121,"column":2},"end":{"line":121,"column":15}},"49":{"start":{"line":124,"column":18},"end":{"line":151,"column":1}},"50":{"start":{"line":125,"column":13},"end":{"line":125,"column":85}},"51":{"start":{"line":127,"column":2},"end":{"line":132,"column":3}},"52":{"start":{"line":128,"column":4},"end":{"line":131,"column":7}},"53":{"start":{"line":133,"column":2},"end":{"line":138,"column":3}},"54":{"start":{"line":134,"column":4},"end":{"line":137,"column":7}},"55":{"start":{"line":139,"column":2},"end":{"line":144,"column":3}},"56":{"start":{"line":140,"column":4},"end":{"line":143,"column":7}},"57":{"start":{"line":145,"column":2},"end":{"line":150,"column":5}},"58":{"start":{"line":153,"column":19},"end":{"line":160,"column":1}},"59":{"start":{"line":154,"column":2},"end":{"line":158,"column":3}},"60":{"start":{"line":155,"column":4},"end":{"line":155,"column":17}},"61":{"start":{"line":156,"column":9},"end":{"line":158,"column":3}},"62":{"start":{"line":157,"column":4},"end":{"line":157,"column":17}},"63":{"start":{"line":159,"column":2},"end":{"line":159,"column":14}},"64":{"start":{"line":168,"column":19},"end":{"line":183,"column":1}},"65":{"start":{"line":169,"column":15},"end":{"line":169,"column":65}},"66":{"start":{"line":170,"column":14},"end":{"line":170,"column":144}},"67":{"start":{"line":171,"column":13},"end":{"line":171,"c
[...]
60,"column":6},"end":{"line":60,"column":89}},"35":{"start":{"line":61,"column":6},"end":{"line":61,"column":13}}},"fnMap":{"0":{"name":"_interopRequireDefault","decl":{"start":{"line":15,"column":9},"end":{"line":15,"column":31}},"loc":{"start":{"line":15,"column":37},"end":{"line":15,"column":95}},"line":15},"1":{"name":"(anonymous_1)","decl":{"start":{"line":19,"column":26},"end":{"line":19,"column":27}},"loc":{"start":{"line":19,"column":38},"end":{"line":64,"column":1}},"line":19},"2":{"name":"(anonymous_2)","decl":{"start":{"line":20,"column":42},"end":{"line":20,"column":43}},"loc":{"start":{"line":20,"column":58},"end":{"line":39,"column":3}},"line":20},"3":{"name":"(anonymous_3)","decl":{"start":{"line":29,"column":21},"end":{"line":29,"column":22}},"loc":{"start":{"line":29,"column":51},"end":{"line":38,"column":5}},"line":29},"4":{"name":"(anonymous_4)","decl":{"start":{"line":40,"column":47},"end":{"line":40,"column":48}},"loc":{"start":{"line":40,"column":63},"end":{"line":49,"column":3}},"line":40},"5":{"name":"(anonymous_5)","decl":{"start":{"line":41,"column":39},"end":{"line":41,"column":40}},"loc":{"start":{"line":41,"column":69},"end":{"line":48,"column":5}},"line":41},"6":{"name":"(anonymous_6)","decl":{"start":{"line":50,"column":51},"end":{"line":50,"column":52}},"loc":{"start":{"line":50,"column":67},"end":{"line":63,"column":3}},"line":50},"7":{"name":"(anonymous_7)","decl":{"start":{"line":58,"column":21},"end":{"line":58,"column":22}},"loc":{"start":{"line":58,"column":51},"end":{"line":62,"column":5}},"line":58}},"branchMap":{"0":{"loc":{"start":{"line":15,"column":46},"end":{"line":15,"column":92}},"type":"cond-expr","locations":[{"start":{"line":15,"column":70},"end":{"line":15,"column":73}},{"start":{"line":15,"column":76},"end":{"line":15,"column":92}}],"line":15},"1":{"loc":{"start":{"line":15,"column":46},"end":{"line":15,"column":67}},"type":"binary-expr","locations":[{"start":{"line":15,"column":46},"end":{"line":15,"column":49}},{"start":{"line":15,"column":53},"end":{"line":15,"column":67}}],"line":15},"2":{"loc":{"start":{"line":36,"column":6},"end":{"line":36,"column":32}},"type":"if","locations":[{"start":{"line":36,"column":6},"end":{"line":36,"column":32}},{"start":{"line":36,"column":6},"end":{"line":36,"column":32}}],"line":36},"3":{"loc":{"start":{"line":46,"column":6},"end":{"line":46,"column":32}},"type":"if","locations":[{"start":{"line":46,"column":6},"end":{"line":46,"column":32}},{"start":{"line":46,"column":6},"end":{"line":46,"column":32}}],"line":46}},"s":{"0":1,"1":1,"2":1,"3":1,"4":1,"5":1,"6":3,"7":1,"8":1,"9":1,"10":1,"11":1,"12":1,"13":1,"14":1,"15":1,"16":1,"17":1,"18":1,"19":0,"20":1,"21":1,"22":1,"23":1,"24":1,"25":1,"26":1,"27":1,"28":0,"29":1,"30":1,"31":1,"32":1,"33":1,"34":1,"35":1},"f":{"0":3,"1":1,"2":1,"3":1,"4":1,"5":1,"6":1,"7":1},"b":{"0":[1,2],"1":[3,3],"2":[0,1],"3":[0,1]},"_coverageSchema":"332fd63041d2c1bcb487cc26dd0d5f7d97098a6c","hash":"2dd144e5860bbd72203d3e8c3a7cc24c7754a337","contentHash":"a7bbbc2082a341c58b219b808b0e6264_11.2.1"},"/Users/andeladeveloper/Desktop/Worklist/server/test/models/todolist.spec.js":{"path":"/Users/andeladeveloper/Desktop/Worklist/server/test/models/todolist.spec.js","statementMap":{"0":{"start":{"line":3,"column":12},"end":{"line":3,"column":27}},"1":{"start":{"line":5,"column":13},"end":{"line":5,"column":42}},"2":{"start":{"line":7,"column":14},"end":{"line":7,"column":31}},"3":{"start":{"line":9,"column":15},"end":{"line":9,"column":46}},"4":{"start":{"line":11,"column":16},"end":{"line":11,"column":48}},"5":{"start":{"line":13,"column":17},"end":{"line":13,"column":50}},"6":{"start":{"line":15,"column":39},"end":{"line":15,"column":93}},"7":{"start":{"line":17,"column":13},"end":{"line":17,"column":19}},"8":{"start":{"line":18,"column":11},"end":{"line":23,"column":1}},"9":{"start":{"line":25,"column":0},"end":{"line":88,"column":3}},"10":{"start":{"line":26,"column":2},"end":{"line":40,"column":5}},"11":{"start":{"line":27,"column":22},"end":{"line":31,"column":6}},"12":{"start":{"line":32,"column":4},"end":{"line":39,"column":7}},"13":{"start":{"line":33,"column":6},"end":{"line":33,"column":33}},"14":{"start":{"line":34,"column":6},"end":{"line":34,"column":66}},"15":{"start":{"line":35,"column":6},"end":{"line":35,"column":74}},"16":{"start":{"line":36,"column":6},"end":{"line":36,"column":89}},"17":{"start":{"line":37,"column":6},"end":{"line":37,"column":32}},"18":{"start":{"line":37,"column":15},"end":{"line":37,"column":32}},"19":{"start":{"line":38,"column":6},"end":{"line":38,"column":13}},"20":{"start":{"line":41,"column":2},"end":{"line":49,"column":5}},"21":{"start":{"line":42,"column":4},"end":{"line":48,"column":7}},"22":{"start":{"line":43,"column":6},"end":{"line":43,"column":66}},"23":{"start":{"line":44,"column":6},"end":{"line":44,"column":74}},"24":{"start":{"line":45,"column":6},"end":{"line":45,"column":89}},"25":{"start":{"line":46,"column":6},"end":{"line":46,"column":32}},"26":{"start":{"line":46,"column":15},"end":{"line":46,"column":32}},"27":{"start":{"line":47,"column":6},"end":{"line":47,"column":13}},"28":{"start":{"line":50,"column":2},"end":{"line":60,"column":5}},"29":{"start":{"line":51,"column":22},"end":{"line":54,"column":6}},"30":{"start":{"line":55,"column":4},"end":{"line":59,"column":7}},"31":{"start":{"line":56,"column":6},"end":{"line":56,"column":76}},"32":{"start":{"line":57,"column":6},"end":{"line":57,"column":89}},"33":{"start":{"line":58,"column":6},"end":{"line":58,"column":13}},"34":{"start":{"line":61,"column":2},"end":{"line":68,"column":5}},"35":{"start":{"line":62,"column":4},"end":{"line":67,"column":7}},"36":{"start":{"line":63,"column":6},"end":{"line":63,"column":62}},"37":{"start":{"line":64,"column":6},"end":{"line":64,"column":70}},"38":{"start":{"line":65,"column":6},"end":{"line":65,"column":32}},"39":{"start":{"line":65,"column":15},"end":{"line":65,"column":32}},"40":{"start":{"line":66,"column":6},"end":{"line":66,"column":13}},"41":{"start":{"line":69,"column":2},"end":{"line":80,"column":5}},"42":{"start":{"line":70,"column":4},"end":{"line":79,"column":7}},"43":{"start":{"line":71,"column":6},"end":{"line":71,"column":32}},"44":{"start":{"line":72,"column":6},"end":{"line":76,"column":9}},"45":{"start":{"line":73,"column":8},"end":{"line":73,"column":71}},"46":{"start":{"line":74,"column":8},"end":{"line":74,"column":85}},"47":{"start":{"line":75,"column":8},"end":{"line":75,"column":96}},"48":{"start":{"line":77,"column":6},"end":{"line":77,"column":32}},"49":{"start":{"line":77,"column":15},"end":{"line":77,"column":32}},"50":{"start":{"line":78,"column":6},"end":{"line":78,"column":13}},"51":{"start":{"line":81,"column":2},"end":{"line":87,"column":5}},"52":{"start":{"line":82,"column":4},"end":{"line":86,"column":7}},"53":{"start":{"line":83,"column":6},"end":{"line":83,"column":67}},"54":{"start":{"line":84,"column":6},"end":{"line":84,"column":32}},"55":{"start":{"line":84,"column":15},"end":{"line":84,"column":32}},"56":{"start":{"line":85,"column":6},"end":{"line":85,"column":13}}},"fnMap":{"0":{"name":"_interopRequireDefault","decl":{"start":{"line":15,"column":9},"end":{"line":15,"column":31}},"loc":{"start":{"line":15,"column":37},"end":{"line":15,"column":95}},"line":15},"1":{"name":"(anonymous_1)","decl":{"start":{"line":25,"column":27},"end":{"line":25,"column":28}},"loc":{"start":{"line":25,"column":39},"end":{"line":88,"column":1}},"line":25},"2":{"name":"(anonymous_2)","decl":{"start":{"line":26,"column":42},"end":{"line":26,"column":43}},"loc":{"start":{"line":26,"column":58},"end":{"line":40,"column":3}},"line":26},"3":{"name":"(anonymous_3)","decl":{"start":{"line":32,"column":21},"end":{"line":32,"column":22}},"loc":{"start":{"line":32,"column":51},"end":{"line":39,"column":5}},"line":32},"4":{"name":"(anonymous_4)","decl":{"start":{"line":41,"column":46},"end":{"line":41,"column":47}},"loc":{"start":{"line":41,"column":62},"end":{"line":49,"column":3}},"line":41},"5":{"name":"(anonymous_5)","decl":{"start":{"line":42,"column":40},"end":{"line":42,"column":41}},"loc":{"start":{"line":42,"column":70},"end":{"line":48,"column":5}},"line":42},"6":{"name":"(anonymous_6)","decl":{"start":{"line":50,"column":50},"end":{"line":50,"column":51}},"loc":{"start":{"line":50,"column":66},"end":{"line":60,"column":3}},"line":50},"7":{"name":"(anonymous_7)","decl":{"start":{"line":55,"column":21},"end":{"line":55,"column":22}},"loc":{"start":{"line":55,"column":36},"end":{"line":59,"column":5}},"line":55},"8":{"name":"(anonymous_8)","decl":{"start":{"line":61,"column":34},"end":{"line":61,"column":35}},"loc":{"start":{"line":61,"column":50},"end":{"line":68,"column":3}},"line":61},"9":{"name":"(anonymous_9)","decl":{"start":{"line":62,"column":40},"end":{"line":62,"column":41}},"loc":{"start":{"line":62,"column":65},"end":{"line":67,"column":5}},"line":62},"10":{"name":"(anonymous_10)","decl":{"start":{"line":69,"column":51},"end":{"line":69,"column":52}},"loc":{"start":{"line":69,"column":67},"end":{"line":80,"column":3}},"line":69},"11":{"name":"(anonymous_11)","decl":{"start":{"line":70,"column":40},"end":{"line":70,"column":41}},"loc":{"start":{"line":70,"column":65},"end":{"line":79,"column":5}},"line":70},"12":{"name":"(anonymous_12)","decl":{"start":{"line":72,"column":20},"end":{"line":72,"column":21}},"loc":{"start":{"line":72,"column":52},"end":{"line":76,"column":7}},"line":72},"13":{"name":"(anonymous_13)","decl":{"start":{"line":81,"column":61},"end":{"line":81,"column":62}},"loc":{"start":{"line":81,"column":77},"end":{"line":87,"column":3}},"line":81},"14":{"name":"(anonymous_14)","decl":{"start":{"line":82,"column":40},"end":{"line":82,"column":41}},"loc":{"start":{"line":82,"column":65},"end":{"line":86,"column":5}},"line":82}},"branchMap":{"0":{"loc":{"start":{"line":15,"column":46},"end":{"line":15,"column":92}},"type":"cond-expr","locations":[{"start":{"line":15,"column":70},"end":{"line":15,"column":73}},{"start":{"line":15,"column":76},"end":{"line":15,"column":92}}],"line":15},"1":{"loc":{"start":{"line":15,"column":46},"end":{"line":15,"column":67}},"type":"binary-expr","locations":[{"start":{"line":15,"column":46},"end":{"line":15,"column":49}},{"start":{"line":15,"column":53},"end":{"line":15,"column":67}}],"line":15},"2":{"loc":{"start":{"line":37,"column":6},"end":{"line":37,"column":32}},"type":"if","locations":[{"start":{"line":37,"column":6},"end":{"line":37,"column":32}},{"start":{"line":37,"column":6},"end":{"line":37,"column":32}}],"line":37},"3":{"loc":{"start":{"line":46,"column":6},"end":{"line":46,"column":32}},"type":"if","locations":[{"start":{"line":46,"column":6},"end":{"line":46,"column":32}},{"start":{"line":46,"column":6},"end":{"line":46,"column":32}}],"line":46},"4":{"loc":{"start":{"line":65,"column":6},"end":{"line":65,"column":32}},"type":"if","locations":[{"start":{"line":65,"column":6},"end":{"line":65,"column":32}},{"start":{"line":65,"column":6},"end":{"line":65,"column":32}}],"line":65},"5":{"loc":{"start":{"line":77,"column":6},"end":{"line":77,"column":32}},"type":"if","locations":[{"start":{"line":77,"column":6},"end":{"line":77,"column":32}},{"start":{"line":77,"column":6},"end":{"line":77,"column":32}}],"line":77},"6":{"loc":{"start":{"line":84,"column":6},"end":{"line":84,"column":32}},"type":"if","locations":[{"start":{"line":84,"column":6},"end":{"line":84,"column":32}},{"start":{"line":84,"column":6},"end":{"line":84,"column":32}}],"line":84}},"s":{"0":1,"1":1,"2":1,"3":1,"4":1,"5":1,"6":3,"7":1,"8":1,"9":1,"10":1,"11":1,"12":1,"13":1,"14":1,"15":1,"16":1,"17":1,"18":0,"19":1,"20":1,"21":1,"22":1,"23":1,"24":1,"25":1,"26":0,"27":1,"28":1,"29":1,"30":1,"31":1,"32":1,"33":1,"34":1,"35":1,"36":1,"37":1,"38":1,"39":0,"40":1,"41":1,"42":1,"43":1,"44":1,"45":1,"46":1,"47":1,"48":1,"49":0,"50":1,"51":1,"52":1,"53":1,"54":1,"55":0,"56":1},"f":{"0":3,"1":1,"2":1,"3":1,"4":1,"5":1,"6":1,"7":1,"8":1,"9":1,"10":1,"11":1,"12":1,"13":1,"14":1},"b":{"0":[1,2],"1":[3,3],"2":[0,1],"3":[0,1],"4":[0,1],"5":[0,1],"6":[0,1]},"_coverageSchema":"332fd63041d2c1bcb487cc26dd0d5f7d97098a6c","hash":"ef8684483546f4637a6468cfea9db69bcc73d37d","contentHash":"41e98da46c7d67436150aaabf3a274e8_11.2.1"},"/Users/andeladeveloper/Desktop/Worklist/server/test/models/user.spec.js":{"path":"/Users/andeladeveloper/Desktop/Worklist/server/test/models/user.spec.js","statementMap":{"0":{"start":{"line":3,"column":12},"end":{"line":3,"column":27}},"1":{"start":{"line":5,"column":13},"end":{"line":5,"column":42}},"2":{"start":{"line":7,"column":14},"end":{"line":7,"column":31}},"3":{"start":{"line":9,"column":15},"end":{"line":9,"column":46}},"4":{"start":{"line":11,"column":12},"end":{"line":11,"column":40}},"5":{"start":{"line":13,"column":13},"end":{"line":13,"column":42}},"6":{"start":{"line":15,"column":39},"end":{"line":15,"column":93}},"7":{"start":{"line":17,"column":13},"end":{"line":17,"column":19}},"8":{"start":{"line":19,"column":0},"end":{"line":86,"column":3}},"9":{"start":{"line":20,"column":2},"end":{"line":35,"column":5}},"10":{"start":{"line":21,"column":18},"end":{"line":26,"column":6}},"11":{"start":{"line":27,"column":4},"end":{"line":34,"column":7}},"12":{"start":{"line":28,"column":6},"end":{"line":28,"column":29}},"13":{"start":{"line":29,"column":6},"end":{"line":29,"column":70}},"14":{"start":{"line":30,"column":6},"end":{"line":30,"column":66}},"15":{"start":{"line":31,"column":6},"end":{"line":31,"column":67}},"16":{"start":{"line":32,"column":6},"end":{"line":32,"column":32}},"17":{"start":{"line":32,"column":15},"end":{"line":32,"column":32}},"18":{"start":{"line":33,"column":6},"end":{"line":33,"column":13}},"19":{"start":{"line":36,"column":2},"end":{"line":44,"column":5}},"20":{"start":{"line":37,"column":4},"end":{"line":43,"column":7}},"21":{"start":{"line":38,"column":6},"end":{"line":38,"column":70}},"22":{"start":{"line":39,"column":6},"end":{"line":39,"column":66}},"23":{"start":{"line":40,"column":6},"end":{"line":40,"column":67}},"24":{"start":{"line":41,"column":6},"end":{"line":41,"column":32}},"25":{"start":{"line":41,"column":15},"end":{"line":41,"column":32}},"26":{"start":{"line":42,"column":6},"end":{"line":42,"column":13}},"27":{"start":{"line":45,"column":2},"end":{"line":56,"column":5}},"28":{"start":{"line":46,"column":18},"end":{"line":50,"column":6}},"29":{"start":{"line":51,"column":4},"end":{"line":55,"column":7}},"30":{"start":{"line":52,"column":6},"end":{"line":52,"column":80}},"31":{"start":{"line":53,"column":6},"end":{"line":53,"column":97}},"32":{"start":{"line":54,"column":6},"end":{"line":54,"column":13}},"33":{"start":{"line":57,"column":2},"end":{"line":70,"column":5}},"34":{"start":{"line":58,"column":18},"end":{"line":63,"column":6}},"35":{"start":{"line":64,"column":4},"end":{"line":69,"column":7}},"36":{"start":{"line":65,"column":6},"end":{"line":67,"column":9}},"37":{"start":{"line":66,"column":8},"end":{"line":66,"column":50}},"38":{"start":{"line":68,"column":6},"end":{"line":68,"column":13}},"39":{"start":{"line":71,"column":2},"end":{"line":85,"column":5}},"40":{"start":{"line":72,"column":18},"end":{"line":77,"column":6}},"41":{"start":{"line":78,"column":4},"end":{"line":84,"column":7}},"42":{"start":{"line":79,"column":6},"end":{"line":83,"column":9}},"43":{"start":{"line":80,"column":8},"end":{"line":80,"column":147}},"44":{"start":{"line":81,"column":8},"end":{"line":81,"column":34}},"45":{"start":{"line":81,"column":17},"end":{"line":81,"column":34}},"46":{"start":{"line":82,"column":8},"end":{"line":82,"column":15}}},"fnMap":{"0":{"name":"_interopRequireDefault","decl":{"start":{"line":15,"column":9},"end":{"line":15,"column":31}},"loc":{"start":{"line":15,"column":37},"end":{"line":15,"column":95}},"line":15},"1":{"name":"(anonymous_1)","decl":{"start":{"line":19,"column":23},"end":{"line":19,"column":24}},"loc":{"start":{"line":19,"column":35},"end":{"line":86,"column":1}},"line":19},"2":{"name":"(anonymous_2)","decl":{"start":{"line":20,"column":38},"end":{"line":20,"column":39}},"loc":{"start":{"line":20,"column":54},"end":{"line":35,"column":3}},"line":20},"3":{"name":"(anonymous_3)","decl":{"start":{"line":27,"column":17},"end":{"line":27,"column":18}},"loc":{"start":{"line":27,"column":43},"end":{"line":34,"column":5}},"line":27},"4":{"name":"(anonymous_4)","decl":{"start":{"line":36,"column":43},"end":{"line":36,"column":44}},"loc":{"start":{"line":36,"column":59},"end":{"line":44,"column":3}},"line":36},"5":{"name":"(anonymous_5)","decl":{"start":{"line":37,"column":36},"end":{"line":37,"column":37}},"loc":{"start":{"line":37,"column":62},"end":{"line":43,"column":5}},"line":37},"6":{"name":"(anonymous_6)","decl":{"start":{"line":45,"column":48},"end":{"line":45,"column":49}},"loc":{"start":{"line":45,"column":64},"end":{"line":56,"column":3}},"line":45},"7":{"name":"(anonymous_7)","decl":{"start":{"line":51,"column":17},"end":{"line":51,"column":18}},"loc":{"start":{"line":51,"column":43},"end":{"line":55,"column":5}},"line":51},"8":{"name":"(anonymous_8)","decl":{"start":{"line":57,"column":63},"end":{"line":57,"column":64}},"loc":{"start":{"line":57,"column":79},"end":{"line":70,"column":3}},"line":57},"9":{"name":"(anonymous_9)","decl":{"start":{"line":64,"column":17},"end":{"line":64,"column":18}},"loc":{"start":{"line":64,"column":29},"end":{"line":69,"column":5}},"line":64},"10":{"name":"(anonymous_10)","decl":{"start":{"line":65,"column":51},"end":{"line":65,"column":52}},"loc":{"start":{"line":65,"column":72},"end":{"line":67,"column":7}},"line":65},"11":{"name":"(anonymous_11)","decl":{"start":{"line":71,"column":36},"end":{"line":71,"column":37}},"loc":{"start":{"line":71,"column":52},"end":{"line":85,"column":3}},"line":71},"12":{"name":"(anonymous_12)","decl":{"start":{"line":78,"column":17},"end":{"line":78,"column":18}},"loc":{"start":{"line":78,"column":43},"end":{"line":84,"column":5}},"line":78},"13":{"name":"(anonymous_13)","decl":{"start":{"line":79,"column":38},"end":{"line":79,"column":39}},"loc":{"start":{"line":79,"column":64},"end":{"line":83,"column":7}},"line":79}},"branchMap":{"0":{"loc":{"start":{"line":15,"column":46},"end":{"line":15,"column":92}},"type":"cond-expr","locations":[{"start":{"line":15,"column":70},"end":{"line":15,"column":73}},{"start":{"line":15,"column":76},"end":{"line":15,"column":92}}],"line":15},"1":{"loc":{"start":{"line":15,"column":46},"end":{"line":15,"column":67}},"type":"binary-expr","locations":[{"start":{"line":15,"column":46},"end":{"line":15,"column":49}},{"start":{"line":15,"column":53},"end":{"line":15,"column":67}}],"line":15},"2":{"loc":{"start":{"line":32,"column":6},"end":{"line":32,"column":32}},"type":"if","locations":[{"start":{"line":32,"column":6},"end":{"line":32,"column":32}},{"start":{"line":32,"column":6},"end":{"line":32,"column":32}}],"line":32},"3":{"loc":{"start":{"line":41,"column":6},"end":{"line":41,"column":32}},"type":"if","locations":[{"start":{"line":41,"column":6},"end":{"line":41,"column":32}},{"start":{"line":41,"column":6},"end":{"line":41,"column":32}}],"line":41},"4":{"loc":{"start":{"line":81,"column":8},"end":{"line":81,"column":34}},"type":"if","locations":[{"start":{"line":81,"column":8},"end":{"line":81,"column":34}},{"start":{"line":81,"column":8},"end":{"line":81,"column":34}}],"line":81}},"s":{"0":1,"1":1,"2":1,"3":1,"4":1,"5":1,"6":3,"7":1,"8":1,"9":1,"10":1,"11":1,"12":1,"13":1,"14":1,"15":1,"16":1,"17":0,"18":1,"19":1,"20":1,"21":1,"22":1,"23":1,"24":1,"25":0,"26":1,"27":1,"28":1,"29":1,"30":1,"31":1,"32":1,"33":1,"34":1,"35":1,"36":1,"37":1,"38":1,"39":1,"40":1,"41":1,"42":1,"43":1,"44":1,"45":0,"46":1},"f":{"0":3,"1":1,"2":1,"3":1,"4":1,"5":1,"6":1,"7":1,"8":1,"9":1,"10":1,"11":1,"12":1,"13":1},"b":{"0":[1,2],"1":[3,3],"2":[0,1],"3":[0,1],"4":[0,1]},"_coverageSchema":"332fd63041d2c1bcb487cc26dd0d5f7d97098a6c","hash":"4764c7e047f1cc58fdb53ebba2cdfcf8162456ad","contentHash":"ec144b80f14668694d99dcc86799be60_11.2.1"}}